 dr, g(r), g_atom(r), g_cm(r)
   9.2804698972099864E-002   0.0000000000000000        0.0000000000000000        0.0000000000000000     
  0.18560939794419973        0.0000000000000000        0.0000000000000000        0.0000000000000000     
  0.27841409691629959        0.0000000000000000        0.0000000000000000        0.0000000000000000     
  0.37121879588839946        0.0000000000000000        0.0000000000000000        0.0000000000000000     
  0.46402349486049932        0.0000000000000000        0.0000000000000000        0.0000000000000000     
  0.55682819383259918        0.0000000000000000        0.0000000000000000        0.0000000000000000     
  0.64963289280469905        0.0000000000000000        0.0000000000000000        0.0000000000000000     
  0.74243759177679891        0.0000000000000000        0.0000000000000000        0.0000000000000000     
  0.83524229074889877        0.0000000000000000        0.0000000000000000        0.0000000000000000     
  0.92804698972099864        2.2474825674784520E-002   4.6880987768760721E-004   2.4266280445855908     
   1.0208516886930985       0.48360519001042379        1.1966687786632438E-002  0.48360519001042379     
   1.1136563876651984       0.99160769003505889        8.2538296446751078E-002  0.99160769003505889     
   1.2064610866372982       0.99133113875610435       0.25939782566727976       0.99133113875610435     
   1.2992657856093981       0.87009746754253836       0.52059556662705553       0.87009746754253836     
   1.3920704845814980       0.79068661360334902       0.80892541689456676       0.79068661360334902     
   1.4848751835535978       0.75559961823754473        1.0681449266681806       0.75559961823754473     
   1.5776798825256977       0.76661362750051021        1.2775691133720484       0.76661362750051021     
   1.6704845814977975       0.82396001757713833        1.3389471356513887       0.82396001757713833     
   1.7632892804698974       0.92599186781026255        1.3177150518384504       0.92599186781026255     
   1.8560939794419973        1.0164670456146860        1.2341197393336305        1.0164670456146860     
   1.9488986784140971        1.0301505456180680        1.0870414572934608        1.0301505456180680     
   2.0417033773861970       0.97476290702806967       0.94468255293294756       0.97476290702806967     
   2.1345080763582969       0.92753378127715014       0.83182470279560572       0.92753378127715014     
   2.2273127753303967       0.89789840085745787       0.77487955371928885       0.89789840085745787     
   2.3201174743024966       0.88405499574223645       0.76736380423173223       0.88405499574223645     
   2.4129221732745965       0.88906705767496330       0.79995187177318450       0.88906705767496330     
   2.5057268722466963       0.90550441480200283       0.83758357567539776       0.90550441480200283     
   2.5985315712187962       0.92255824844998724       0.87430726329205977       0.92255824844998724     
   2.6913362701908961       0.93430890368473274       0.91137082196252983       0.93430890368473274     
   2.7841409691629959       0.94285712980047776       0.93149693014218682       0.94285712980047776     
   2.8769456681350958       0.94616107835336893       0.95518226423028030       0.94616107835336893     
   2.9697503671071956       0.94672289175035973       0.96111455323163941       0.94672289175035973     
   3.0625550660792955       0.94371979969950304       0.97856182778178313       0.94371979969950304     
   3.1553597650513954       0.94050350271366245       0.96885850161768283       0.94050350271366245     
   3.2481644640234952       0.93854798042976728       0.97498292882087201       0.93854798042976728     
   3.3409691629955951       0.94320639914966131       0.96115629208301989       0.94320639914966131     
   3.4337738619676950       0.94874868262683887       0.95730057302715477       0.94874868262683887     
   3.5265785609397948       0.95370477032845347       0.96364792797731935       0.95370477032845347     
   3.6193832599118947       0.95395441943914139       0.95786472594346972       0.95395441943914139     
   3.7121879588839946       0.95342656446882890       0.95686290112875882       0.95342656446882890     
   3.8049926578560944       0.95267493785574098       0.94316167983872323       0.95267493785574098     
   3.8977973568281943       0.95194103671140329       0.94088061499573350       0.95194103671140329     
   3.9906020558002941       0.95437386380999534       0.93978652969615184       0.95437386380999534     
   4.0834067547723940       0.95173905869911757       0.94201656960273206       0.95173905869911757     
   4.1762114537444939       0.95077418815936809       0.94180917718981561       0.95077418815936809     
   4.2690161527165937       0.95658368903492053       0.93944167694194780       0.95658368903492053     
   4.3618208516886936       0.95599868569658009       0.95206409366891920       0.95599868569658009     
   4.4546255506607935       0.95659367757047342       0.96057574612442831       0.95659367757047342     
   4.5474302496328933       0.95977582661404892       0.97367166324291088       0.95977582661404892     
   4.6402349486049932       0.96191630607715950       0.96333100512583825       0.96191630607715950     
