 dr, g(r), g_atom(r), g_cm(r)
   3.0934899657366621E-002   0.0000000000000000        0.0000000000000000        0.0000000000000000     
   6.1869799314733243E-002   0.0000000000000000        0.0000000000000000        0.0000000000000000     
   9.2804698972099864E-002   0.0000000000000000        0.0000000000000000        0.0000000000000000     
  0.12373959862946649        0.0000000000000000        0.0000000000000000        0.0000000000000000     
  0.15467449828683311        0.0000000000000000        0.0000000000000000        0.0000000000000000     
  0.18560939794419973        0.0000000000000000        0.0000000000000000        0.0000000000000000     
  0.21654429760156635        0.0000000000000000        0.0000000000000000        0.0000000000000000     
  0.24747919725893297        0.0000000000000000        0.0000000000000000        0.0000000000000000     
  0.27841409691629959        0.0000000000000000        0.0000000000000000        0.0000000000000000     
  0.30934899657366621        0.0000000000000000        0.0000000000000000        0.0000000000000000     
  0.34028389623103283        0.0000000000000000        0.0000000000000000        0.0000000000000000     
  0.37121879588839946        0.0000000000000000        0.0000000000000000        0.0000000000000000     
  0.40215369554576608        0.0000000000000000        0.0000000000000000        0.0000000000000000     
  0.43308859520313270        0.0000000000000000        0.0000000000000000        0.0000000000000000     
  0.46402349486049932        0.0000000000000000        0.0000000000000000        0.0000000000000000     
  0.49495839451786594        0.0000000000000000        0.0000000000000000        0.0000000000000000     
  0.52589329417523256        0.0000000000000000        0.0000000000000000        0.0000000000000000     
  0.55682819383259918        0.0000000000000000        0.0000000000000000        0.0000000000000000     
  0.58776309348996580        0.0000000000000000        0.0000000000000000        0.0000000000000000     
  0.61869799314733243        0.0000000000000000        0.0000000000000000        0.0000000000000000     
  0.64963289280469905        0.0000000000000000        0.0000000000000000        0.0000000000000000     
  0.68056779246206567        0.0000000000000000        0.0000000000000000        0.0000000000000000     
  0.71150269211943229        0.0000000000000000        0.0000000000000000        0.0000000000000000     
  0.74243759177679891        0.0000000000000000        0.0000000000000000        0.0000000000000000     
  0.77337249143416553        0.0000000000000000        0.0000000000000000        0.0000000000000000     
  0.80430739109153215        0.0000000000000000        0.0000000000000000        0.0000000000000000     
  0.83524229074889877        0.0000000000000000        0.0000000000000000        0.0000000000000000     
  0.86617719040626540        2.4980207522630270E-004   0.0000000000000000        2.4980207522630270E-004
  0.89711209006363202        7.5981094049807560E-003   2.4686998066724477E-004   8.2365974649798055     
  0.92804698972099864        6.4639944730139010E-002   1.2702172545223827E-003   6.4639944730139010E-002
  0.95898188937836526       0.24256159596097271        3.0312681468963611E-003  0.24256159596097271     
  0.98991678903573188       0.53484272249402398        6.5088294808171784E-003  0.53484272249402398     
   1.0208516886930985       0.82172306889288804        2.9290276354883564E-002  0.82172306889288804     
   1.0517865883504651        1.0138673501628876        5.0811697492437032E-002   1.0138673501628876     
   1.0827214880078317        1.1266042152240947        8.3789963196283970E-002   1.1266042152240947     
   1.1136563876651984        1.1700068385589129       0.13683363155230585        1.1700068385589129     
   1.1445912873225650        1.1414595159187382       0.20816233001871656        1.1414595159187382     
   1.1755261869799316        1.1001446757754254       0.29279212714971808        1.1001446757754254     
   1.2064610866372982        1.0537937443824890       0.35265178968090011        1.0537937443824890     
   1.2373959862946649        1.0030909275275395       0.46381812571185255        1.0030909275275395     
   1.2683308859520315       0.95401021302180122       0.58139220625761623       0.95401021302180122     
   1.2992657856093981       0.91497865463656713       0.66117072195313087       0.91497865463656713     
   1.3302006852667647       0.88211353867006903       0.79905131119205841       0.88211353867006903     
   1.3611355849241313       0.86346914477650882       0.87600048689144117       0.86346914477650882     
   1.3920704845814980       0.84602601173227709       0.96712572925892148       0.84602601173227709     
   1.4230053842388646       0.82778357880229192        1.0788500721769736       0.82778357880229192     
   1.4539402838962312       0.82091821040243673        1.1566019429925176       0.82091821040243673     
   1.4848751835535978       0.81353897361448735        1.2377313259239071       0.81353897361448735     
   1.5158100832109644       0.81867258892077288        1.3336555275707440       0.81867258892077288     
   1.5467449828683311       0.82685631748461519        1.3771515387360156       0.82685631748461519     
   1.5776798825256977       0.83921629419866361        1.4276780449992250       0.83921629419866361     
   1.6086147821830643       0.85791664654425981        1.4465772546296756       0.85791664654425981     
   1.6395496818404309       0.88203523039722131        1.4416482533111861       0.88203523039722131     
   1.6704845814977975       0.91790349609483202        1.4349101396881845       0.91790349609483202     
   1.7014194811551642       0.95573309736700229        1.4216139406321258       0.95573309736700229     
   1.7323543808125308       0.98930493262316754        1.4304949984258468       0.98930493262316754     
   1.7632892804698974        1.0303990905464473        1.3870211288115060        1.0303990905464473     
   1.7942241801272640        1.0588062780636316        1.3749145492875874        1.0588062780636316     
   1.8251590797846307        1.0926711364631227        1.3191657332731181        1.0926711364631227     
   1.8560939794419973        1.1047836540195859        1.2650002581242743        1.1047836540195859     
   1.8870288790993639        1.1057221995042539        1.2011625672245012        1.1057221995042539     
   1.9179637787567305        1.1028209160961351        1.1639137205059111        1.1028209160961351     
   1.9488986784140971        1.0835347333508842        1.1109464324442107        1.0835347333508842     
   1.9798335780714638        1.0592098747297707        1.0625639111777112        1.0592098747297707     
   2.0107684777288304        1.0373146920450327       0.99486090545161943        1.0373146920450327     
   2.0417033773861970        1.0105280212654200       0.95557026109611531        1.0105280212654200     
   2.0726382770435636       0.99578348309596998       0.91171715285988408       0.99578348309596998     
   2.1035731767009302       0.98199459145756895       0.87705035227163208       0.98199459145756895     
   2.1345080763582969       0.97039759479479704       0.85615249513512437       0.97039759479479704     
   2.1654429760156635       0.95617207256625347       0.82905438657072350       0.95617207256625347     
   2.1963778756730301       0.95085142339227224       0.81054456813618647       0.95085142339227224     
   2.2273127753303967       0.93990839519899294       0.81721834352508771       0.93990839519899294     
   2.2582476749877634       0.93448781808653159       0.79338277584920902       0.93448781808653159     
   2.2891825746451300       0.93059403522631379       0.80667999763154574       0.93059403522631379     
   2.3201174743024966       0.93145428117841156       0.82638675087795754       0.93145428117841156     
   2.3510523739598632       0.93448300297861353       0.83800217416719480       0.93448300297861353     
   2.3819872736172298       0.93372342608179371       0.83774687439313189       0.93372342608179371     
   2.4129221732745965       0.93831640321348131       0.84926147734956492       0.93831640321348131     
   2.4438570729319631       0.94065053659362852       0.87677976344898512       0.94065053659362852     
   2.4747919725893297       0.95190943133156980       0.88168960896525250       0.95190943133156980     
   2.5057268722466963       0.96011295654871565       0.88058081065650651       0.96011295654871565     
   2.5366617719040629       0.96431807761960209       0.90291045115495605       0.96431807761960209     
   2.5675966715614296       0.96584421647641727       0.91620483442528011       0.96584421647641727     
   2.5985315712187962       0.97149693696880746       0.93029077043777608       0.97149693696880746     
   2.6294664708761628       0.97431693822261367       0.94548421072951050       0.97431693822261367     
   2.6604013705335294       0.98052689540041038       0.94624852817991334       0.98052689540041038     
   2.6913362701908961       0.97907365535501956       0.96970063556659136       0.97907365535501956     
   2.7222711698482627       0.98365181880844532       0.97254477213516433       0.98365181880844532     
   2.7532060695056293       0.98583592456439939       0.97485945896024873       0.98583592456439939     
   2.7841409691629959       0.98682979287067929       0.97334589538850957       0.98682979287067929     
   2.8150758688203625       0.98779160266766297       0.98468923135987196       0.98779160266766297     
   2.8460107684777292       0.98691751421015872       0.99491540816659718       0.98691751421015872     
   2.8769456681350958       0.98783444391280639        1.0106253929260460       0.98783444391280639     
   2.9078805677924624       0.98718584649235219        1.0018728221859097       0.98718584649235219     
   2.9388154674498290       0.98656621882382656       0.99619631151180521       0.98656621882382656     
   2.9697503671071956       0.98662406343632836        1.0071855410280832       0.98662406343632836     
   3.0006852667645623       0.98555410771547625        1.0121826622785295       0.98555410771547625     
   3.0316201664219289       0.98134794650782564        1.0229930434028560       0.98134794650782564     
   3.0625550660792955       0.98048924258244441        1.0207528817873406       0.98048924258244441     
   3.0934899657366621       0.97807805984002416        1.0203027575856212       0.97807805984002416     
   3.1244248653940287       0.97828923949898139       0.99959881291286456       0.97828923949898139     
   3.1553597650513954       0.97743575001540595        1.0026852305648117       0.97743575001540595     
   3.1862946647087620       0.97335477626697220        1.0080938080313686       0.97335477626697220     
   3.2172295643661286       0.97536375703758149        1.0160344738220732       0.97536375703758149     
   3.2481644640234952       0.97568066811217824        1.0137362208064247       0.97568066811217824     
   3.2790993636808619       0.97647149315048531        1.0003103563607736       0.97647149315048531     
   3.3100342633382285       0.97854536180212881       0.99559143050371368       0.97854536180212881     
   3.3409691629955951       0.98078281688939328       0.99593131028360615       0.98078281688939328     
   3.3719040626529617       0.98371048345748369       0.98948947903853268       0.98371048345748369     
   3.4028389623103283       0.98259364307360686       0.99370094711300749       0.98259364307360686     
   3.4337738619676950       0.98389605448675799       0.99353285065958741       0.98389605448675799     
   3.4647087616250616       0.98678338718308511       0.98595625849532387       0.98678338718308511     
   3.4956436612824282       0.98683611264785187       0.99685438651282621       0.98683611264785187     
   3.5265785609397948       0.98916743523202999        1.0104761742630135       0.98916743523202999     
   3.5575134605971614       0.98887778849127106       0.99960168840419639       0.98887778849127106     
   3.5884483602545281       0.98593168667275444       0.99012153817213333       0.98593168667275444     
   3.6193832599118947       0.98619905720058532       0.98365028794606812       0.98619905720058532     
   3.6503181595692613       0.98970954908136077       0.98819561823960866       0.98970954908136077     
   3.6812530592266279       0.98451334192594575       0.99102984914280556       0.98451334192594575     
   3.7121879588839946       0.98271153292348523       0.98824812349504887       0.98271153292348523     
   3.7431228585413612       0.98195045701624117       0.97792046281516076       0.98195045701624117     
   3.7740577581987278       0.98501023975958280       0.96965826969413138       0.98501023975958280     
   3.8049926578560944       0.98509325418409488       0.97509307018740921       0.98509325418409488     
   3.8359275575134610       0.98160191320757262       0.97455252763437583       0.98160191320757262     
   3.8668624571708277       0.98276173228303387       0.96772569778720929       0.98276173228303387     
   3.8977973568281943       0.98317753090558746       0.97109570246424814       0.98317753090558746     
   3.9287322564855609       0.98170377616423443       0.97389108913431810       0.98170377616423443     
   3.9596671561429275       0.98482145132065468       0.96868796514904354       0.98482145132065468     
   3.9906020558002941       0.98633817211161423       0.96535447973041077       0.98633817211161423     
   4.0215369554576608       0.98337115558209953       0.97685835999144310       0.98337115558209953     
   4.0524718551150274       0.97986708782256626       0.97156918406070214       0.97986708782256626     
   4.0834067547723940       0.97954444861176448       0.96442474412701162       0.97954444861176448     
   4.1143416544297606       0.97897413438591530       0.96507602058819941       0.97897413438591530     
   4.1452765540871273       0.97925202716473014       0.97475261771378385       0.97925202716473014     
   4.1762114537444939       0.97954253231228150       0.97017219510296659       0.97954253231228150     
   4.2071463534018605       0.98265229310088709       0.96375853393894861       0.98265229310088709     
   4.2380812530592271       0.98585493238711241       0.96970737979421373       0.98585493238711241     
   4.2690161527165937       0.98529298509483354       0.96738712058963616       0.98529298509483354     
   4.2999510523739604       0.98394467795944673       0.97747656338701072       0.98394467795944673     
   4.3308859520313270       0.98329608907571486       0.98062944223957693       0.98329608907571486     
   4.3618208516886936       0.98299791664076197       0.97994197321733423       0.98299791664076197     
   4.3927557513460602       0.98243782920305067       0.98805981121259556       0.98243782920305067     
   4.4236906510034268       0.98344233217264954       0.99117214282029120       0.98344233217264954     
   4.4546255506607935       0.98442163533069382       0.98344351119128359       0.98442163533069382     
   4.4855604503181601       0.98375320237942887       0.99194970324917675       0.98375320237942887     
   4.5164953499755267       0.98766800115014253        1.0082216729674880       0.98766800115014253     
   4.5474302496328933       0.98701217289222165        1.0010164740542533       0.98701217289222165     
   4.5783651492902600       0.98678777161589237       0.98930962339226758       0.98678777161589237     
   4.6093000489476266       0.98745196985211992       0.99340844168801179       0.98745196985211992     
   4.6402349486049932       0.98920139693535414       0.98516935538101169       0.98920139693535414     
