 dr, g(r)
   4.6402349486049932E-002   0.0000000000000000     
   9.2804698972099864E-002   0.0000000000000000     
  0.13920704845814980        0.0000000000000000     
  0.18560939794419973        0.0000000000000000     
  0.23201174743024966        0.0000000000000000     
  0.27841409691629959        0.0000000000000000     
  0.32481644640234952        0.0000000000000000     
  0.37121879588839946        0.0000000000000000     
  0.41762114537444939        0.0000000000000000     
  0.46402349486049932        0.0000000000000000     
  0.51042584434654925        0.0000000000000000     
  0.55682819383259918        0.0000000000000000     
  0.60323054331864912        0.0000000000000000     
  0.64963289280469905        0.0000000000000000     
  0.69603524229074898        0.0000000000000000     
  0.74243759177679891        0.0000000000000000     
  0.78883994126284884        0.0000000000000000     
  0.83524229074889877        0.0000000000000000     
  0.88164464023494871        1.0880004873942014E-003
  0.92804698972099864        4.5697620720702291E-002
  0.97444933920704857       0.29500082049760928     
   1.0208516886930985       0.70909691476483871     
   1.0672540381791484        1.0028266199002909     
   1.1136563876651984        1.1052947006588845     
   1.1600587371512483        1.0919937976508096     
   1.2064610866372982        1.0385835713703111     
   1.2528634361233482       0.97141798907412891     
   1.2992657856093981       0.91395123359224428     
   1.3456681350954480       0.86102153701656792     
   1.3920704845814980       0.82983725672553177     
   1.4384728340675479       0.80879081336948921     
   1.4848751835535978       0.80204582534505831     
   1.5312775330396478       0.80252788926495999     
   1.5776798825256977       0.81689435207848549     
   1.6240822320117476       0.85363342332633219     
   1.6704845814977975       0.89415851165448701     
   1.7168869309838475       0.93833891572799821     
   1.7632892804698974       0.99114364140496336     
   1.8096916299559473        1.0427295121533742     
   1.8560939794419973        1.0756795640986920     
   1.9024963289280472        1.0830667909806899     
   1.9488986784140971        1.0687572111951238     
   1.9953010279001471        1.0336838343139605     
   2.0417033773861970        1.0045397804074758     
   2.0881057268722469       0.97498695675178992     
   2.1345080763582969       0.95792940332944654     
   2.1809104258443468       0.94532408912932930     
   2.2273127753303967       0.93097710649056276     
   2.2737151248164467       0.92380448562402784     
   2.3201174743024966       0.92267015185330525     
   2.3665198237885465       0.92753908684469366     
   2.4129221732745965       0.92855203799959174     
   2.4593245227606464       0.93432804862806829     
   2.5057268722466963       0.93758472864436859     
   2.5521292217327463       0.94603930235355427     
   2.5985315712187962       0.95716428679415089     
   2.6449339207048461       0.96273952002607677     
   2.6913362701908961       0.96540667431752025     
   2.7377386196769460       0.96797953471877285     
   2.7841409691629959       0.97194232335432895     
   2.8305433186490458       0.97669172776542390     
   2.8769456681350958       0.97810325566396450     
   2.9233480176211457       0.97777997723881571     
   2.9697503671071956       0.97543536793534036     
   3.0161527165932456       0.97494757729946502     
   3.0625550660792955       0.97146216267737751     
   3.1089574155653454       0.97034021326253550     
   3.1553597650513954       0.96671129249548626     
   3.2017621145374453       0.96411658869640027     
   3.2481644640234952       0.96739364703056052     
   3.2945668135095452       0.97009073124207157     
   3.3409691629955951       0.96689647387633215     
   3.3873715124816450       0.97060390485443526     
   3.4337738619676950       0.97549653118458346     
   3.4801762114537449       0.97596480283394627     
   3.5265785609397948       0.97694441531297371     
   3.5729809104258448       0.98091463176003058     
   3.6193832599118947       0.97759605896798296     
   3.6657856093979446       0.97509549609229873     
   3.7121879588839946       0.97673210927110543     
   3.7585903083700445       0.97742289692468154     
   3.8049926578560944       0.97853230257612045     
   3.8513950073421443       0.97768883316756661     
   3.8977973568281943       0.97724300177034351     
   3.9441997063142442       0.97243421069524127     
   3.9906020558002941       0.97445716485217682     
   4.0370044052863445       0.97403462651223149     
   4.0834067547723940       0.97409165089111638     
   4.1298091042584435       0.97445043960911426     
   4.1762114537444939       0.97717287513098083     
   4.2226138032305442       0.97654233840556826     
   4.2690161527165937       0.97723247286556769     
   4.3154185022026432       0.97781992643073978     
   4.3618208516886936       0.97714477612282946     
   4.4082232011747440       0.97724349839750546     
   4.4546255506607935       0.97705954657103211     
   4.5010279001468430       0.97726868260085931     
   4.5474302496328933       0.97878768095244739     
   4.5938325991189437       0.97999812947061771     
   4.6402349486049932       0.98290603816112543     
