 dr, g(r)
   1.8560939794419973E-002   9.0235168627994238     
   3.7121879588839946E-002   22.913425469260812     
   5.5682819383259918E-002   30.092471785055441     
   7.4243759177679891E-002   29.004466404998418     
   9.2804698972099864E-002   25.183136199167460     
  0.11136563876651984        21.362948193068139     
  0.12992657856093981        17.644970176244584     
  0.14848751835535978        13.719015519878861     
  0.16704845814977975        10.632352824942885     
  0.18560939794419973        8.2006668027555474     
  0.20417033773861970        6.1817029350055801     
  0.22273127753303967        4.6692378360448767     
  0.24129221732745965        3.4460536695514361     
  0.25985315712187962        2.5908394311760108     
  0.27841409691629959        1.9432189436974217     
  0.29697503671071956        1.5704050701093661     
  0.31553597650513954        1.2142636039530601     
  0.33409691629955951       0.98390272856327288     
  0.35265785609397948       0.80263283818984621     
  0.37121879588839946       0.66025320860386805     
  0.38977973568281943       0.53680369008779594     
  0.40834067547723940       0.44104202671326331     
  0.42690161527165937       0.37229401984317961     
  0.44546255506607935       0.30542991230503236     
  0.46402349486049932       0.27039073387494178     
  0.48258443465491929       0.23746718193884483     
  0.50114537444933926       0.21415598749556766     
  0.51970631424375924       0.18218136096297349     
  0.53826725403817921       0.16324658443813947     
  0.55682819383259918       0.14559027734915631     
  0.57538913362701916       0.13014538615698112     
  0.59395007342143913       0.11519774399401546     
  0.61251101321585910       0.11556301710123949     
  0.63107195301027907       0.11044688976466063     
  0.64963289280469905       0.10492643558221633     
  0.66819383259911902        9.8053301817311062E-002
  0.68675477239353899        9.5133650654153495E-002
  0.70531571218795897        9.0032415946829134E-002
  0.72387665198237894        8.3229659854098595E-002
  0.74243759177679891        8.0686532358152416E-002
  0.76099853157121888        7.7422601300066007E-002
  0.77955947136563886        7.4556459585668658E-002
  0.79812041116005883        7.0058406082558464E-002
  0.81668135095447880        6.8145158473322462E-002
  0.83524229074889877        6.9720507861728953E-002
  0.85380323054331875        7.2478838865008097E-002
  0.87236417033773872        8.0725656859532272E-002
  0.89092511013215869       0.12335898844166880     
  0.90948604992657867        7.9408775822246896E-002
  0.92804698972099864        9.0098006439259137E-002
  0.94660792951541861       0.15411863689868852     
  0.96516886930983858       0.30749377219640611     
  0.98372980910425856       0.56937308658474595     
   1.0022907488986785       0.97347183751593669     
   1.0208516886930985        1.4549232107440717     
   1.0394126284875185        1.9715546386828529     
   1.0579735682819384        2.4491894329454924     
   1.0765345080763584        2.8501632145937092     
   1.0950954478707784        3.1657225865882146     
   1.1136563876651984        3.3704717642493538     
   1.1322173274596183        3.4203544377327888     
   1.1507782672540383        3.3845521837774575     
   1.1693392070484583        3.2745589025692587     
   1.1879001468428783        3.1104642021706210     
   1.2064610866372982        2.8993105702336175     
   1.2250220264317182        2.6897209375134983     
   1.2435829662261382        2.4765836697670052     
   1.2621439060205581        2.2627011075555115     
   1.2807048458149781        2.0701963077241592     
   1.2992657856093981        1.8882816240994456     
   1.3178267254038181        1.7139980956646372     
   1.3363876651982380        1.5806112503383305     
   1.3549486049926580        1.4420051275283765     
   1.3735095447870780        1.3208449633601791     
   1.3920704845814980        1.2282793513450090     
   1.4106314243759179        1.1427240911275185     
   1.4291923641703379        1.0664650139937804     
   1.4477533039647579        1.0046994762817845     
   1.4663142437591778       0.95899226033695706     
   1.4848751835535978       0.91538549630470190     
   1.5034361233480178       0.87290154005880105     
   1.5219970631424378       0.84310003809066802     
   1.5405580029368577       0.82581711001770686     
   1.5591189427312777       0.81042701043586174     
   1.5776798825256977       0.79391660151631482     
   1.5962408223201177       0.78390887910182316     
   1.6148017621145376       0.78011779278856963     
   1.6333627019089576       0.77781387546151914     
   1.6519236417033776       0.78526223928792438     
   1.6704845814977975       0.79829953213466409     
   1.6890455212922175       0.81661534038973427     
   1.7076064610866375       0.84052522392360685     
   1.7261674008810575       0.87597444700934735     
   1.7447283406754774       0.91162408031972186     
   1.7632892804698974       0.95033458623725209     
   1.7818502202643174       0.99694375494450072     
   1.8004111600587374        1.0556638905788689     
   1.8189720998531573        1.1167215093048630     
   1.8375330396475773        1.1681519219836378     
   1.8560939794419973        1.2196552095420095     
   1.8746549192364172        1.2705963601492154     
   1.8932158590308372        1.3034106811254671     
   1.9117767988252572        1.3362475589313358     
   1.9303377386196772        1.3682071517549717     
   1.9488986784140971        1.3854491974256957     
   1.9674596182085171        1.3976007329901121     
   1.9860205580029371        1.4062984681708279     
   2.0045814977973571        1.4152047520350013     
   2.0231424375917770        1.4090161674573780     
   2.0417033773861970        1.4008952982992702     
   2.0602643171806170        1.3886950119439476     
   2.0788252569750370        1.3858003402295522     
   2.0973861967694569        1.3837525429985880     
   2.1159471365638769        1.3814001746915634     
   2.1345080763582969        1.3730142826833476     
   2.1530690161527168        1.3698296153291638     
   2.1716299559471368        1.3600176512660760     
   2.1901908957415568        1.3548149377820899     
   2.2087518355359768        1.3477647511344282     
   2.2273127753303967        1.3357981923828077     
   2.2458737151248167        1.3218177635059229     
   2.2644346549192367        1.3042950983044288     
   2.2829955947136567        1.2912802875641491     
   2.3015565345080766        1.2623988447958991     
   2.3201174743024966        1.2354070821554881     
   2.3386784140969166        1.2042280337063438     
   2.3572393538913365        1.1770599772737729     
   2.3758002936857565        1.1463515204389925     
   2.3943612334801765        1.1213146034805701     
   2.4129221732745965        1.0888958161744942     
   2.4314831130690164        1.0659838240698107     
   2.4500440528634364        1.0366111810681697     
   2.4686049926578564        1.0105847979744405     
   2.4871659324522764       0.99164527760550192     
   2.5057268722466963       0.97655987604230432     
   2.5242878120411163       0.96233344179967995     
   2.5428487518355363       0.95507159665920316     
   2.5614096916299562       0.95053135088696217     
   2.5799706314243762       0.94392410645877445     
   2.5985315712187962       0.93997229378735481     
   2.6170925110132162       0.94026586852919225     
   2.6356534508076361       0.94178398555203391     
   2.6542143906020561       0.95169717666671294     
   2.6727753303964761       0.95827719880423412     
   2.6913362701908961       0.96982602762598669     
   2.7098972099853160       0.98255483725333215     
   2.7284581497797360       0.99499017947041490     
   2.7470190895741560        1.0128389477285191     
   2.7655800293685759        1.0286911184150045     
   2.7841409691629959        1.0437045655390060     
   2.8027019089574159        1.0565936527481843     
   2.8212628487518359        1.0759684386542832     
   2.8398237885462558        1.0854579927371013     
   2.8583847283406758        1.0962863224261685     
   2.8769456681350958        1.1065392533270746     
   2.8955066079295158        1.1140520206233246     
   2.9140675477239357        1.1169746970654151     
   2.9326284875183557        1.1224408151222516     
   2.9511894273127757        1.1215242122667166     
   2.9697503671071956        1.1205346559943739     
   2.9883113069016156        1.1143413102724724     
   3.0068722466960356        1.1140078391858101     
   3.0254331864904556        1.1089664476196257     
   3.0439941262848755        1.1082208428409381     
   3.0625550660792955        1.0963760777252751     
   3.0811160058737155        1.0938230465947361     
   3.0996769456681355        1.0845557175770348     
   3.1182378854625554        1.0748234114001853     
   3.1367988252569754        1.0641078241473567     
   3.1553597650513954        1.0612203906104576     
   3.1739207048458153        1.0510320717209960     
   3.1924816446402353        1.0437324377642265     
   3.2110425844346553        1.0386089147555906     
   3.2296035242290753        1.0321220098786816     
   3.2481644640234952        1.0265619567361317     
   3.2667254038179152        1.0260353966773033     
   3.2852863436123352        1.0199040914224660     
   3.3038472834067552        1.0143761202376884     
   3.3224082232011751        1.0127118468282110     
   3.3409691629955951        1.0092750172019707     
   3.3595301027900151        1.0031312652124240     
   3.3780910425844350       0.99311062182178489     
   3.3966519823788550       0.98670454530308249     
   3.4152129221732750       0.98200043572435680     
   3.4337738619676950       0.97658211932441874     
   3.4523348017621149       0.96912284400894755     
   3.4708957415565349       0.96400667178295307     
   3.4894566813509549       0.95587880462128705     
   3.5080176211453749       0.95268509189735140     
   3.5265785609397948       0.94971877203331834     
   3.5451395007342148       0.94903020220021994     
   3.5637004405286348       0.94586487718726775     
   3.5822613803230547       0.94190531539095190     
   3.6008223201174747       0.94140982306601051     
   3.6193832599118947       0.94352690411835693     
   3.6379441997063147       0.94379614946006796     
   3.6565051395007346       0.94404132911131522     
   3.6750660792951546       0.94682831689999836     
   3.6936270190895746       0.94902893404115896     
   3.7121879588839946       0.95262879335721329     
   3.7307488986784145       0.95648763449092555     
   3.7493098384728345       0.96073204101514742     
   3.7678707782672545       0.96570373947408084     
   3.7864317180616744       0.96841557294422764     
   3.8049926578560944       0.97309658479114958     
   3.8235535976505144       0.97416470128849464     
   3.8421145374449344       0.97827824238786398     
   3.8606754772393543       0.97991397156210214     
   3.8792364170337743       0.98025138393381872     
   3.8977973568281943       0.98234530704586831     
   3.9163582966226143       0.98358994970428026     
   3.9349192364170342       0.98630846929131621     
   3.9534801762114542       0.98616277980904055     
   3.9720411160058742       0.98263191712950593     
   3.9906020558002941       0.98286996389834236     
   4.0091629955947141       0.98428313103450582     
   4.0277239353891341       0.98076219318497204     
   4.0462848751835541       0.97983978642610847     
   4.0648458149779740       0.97790473713549686     
   4.0834067547723940       0.97810804312850874     
   4.1019676945668140       0.97793779703581263     
   4.1205286343612340       0.97371477266919648     
   4.1390895741556539       0.96929678796719765     
   4.1576505139500739       0.96675089622134502     
   4.1762114537444939       0.96228185406852029     
   4.1947723935389138       0.95899999810953107     
   4.2133333333333338       0.95868014753411368     
   4.2318942731277538       0.95499726987673950     
   4.2504552129221738       0.95536680055605472     
   4.2690161527165937       0.95264017928251843     
   4.2875770925110137       0.95162529392523332     
   4.3061380323054337       0.94930345687281414     
   4.3246989720998537       0.94681916253250131     
   4.3432599118942736       0.94389241328187179     
   4.3618208516886936       0.93969673217923322     
   4.3803817914831136       0.93757145295300626     
   4.3989427312775335       0.93786651037096058     
   4.4175036710719535       0.93610679579093314     
   4.4360646108663735       0.93513853082807952     
   4.4546255506607935       0.92940454743702716     
   4.4731864904552134       0.93008645763984954     
   4.4917474302496334       0.92776256228470388     
   4.5103083700440534       0.92727030187650261     
   4.5288693098384734       0.92878506549194517     
   4.5474302496328933       0.92782563479650326     
   4.5659911894273133       0.92686935987739805     
   4.5845521292217333       0.92792353237286118     
   4.6031130690161532       0.92576549195890656     
   4.6216740088105732       0.92658520981127834     
   4.6402349486049932       0.92717565683317216     
