 Iter, ekin, epot, etot, temp, lambda
           1   1121.7097396070078       -22747.691947691488       -21625.982208084479        1.8742017370208985        1.0006131670898406     
           2   1146.6778952542586       -22714.490713717369       -21567.812818463110        1.9159196244849768       0.99878232429814984     
           3   1171.8789431316259       -22683.445045675831       -21511.566102544206        1.9580266384822487       0.99646807708524265     
           4   1187.3948872181459       -22645.770333640474       -21458.375446422328        1.9839513570896339       0.99474339899096653     
           5   1189.9028097468213       -22630.812247042730       -21440.909437295908        1.9881417038376294       0.99406259518709839     
           6   1181.8571116868929       -22678.938922162415       -21497.081810475524        1.9746985993097625       0.99437938177465635     
           7   1168.7390552032464       -22687.307225284600       -21518.568170081355        1.9527803762794427       0.99533085146572253     
           8   1155.7392161958903       -22808.374963672024       -21652.635747476135        1.9310596761836096       0.99646424521119448     
           9   1145.1399944789048       -22779.177399571108       -21634.037405092204        1.9133500325462067       0.99745269244509838     
          10   1136.8414802215952       -22544.540242342009       -21407.698762120413        1.8994845116484464       0.99824857109189324     
          11   1130.3423084158385       -22719.120534787005       -21588.778226371167        1.8886254108869482       0.99888509824628502     
          12   1125.9039690424979       -22706.862257351571       -21580.958288309073        1.8812096391687518       0.99938463931899668     
          13   1125.1690002357022       -22653.585498043907       -21528.416497808204        1.8799816211122844       0.99965390496095985     
          14   1129.7256189459506       -22577.644313396147       -21447.918694450196        1.8875950191243953       0.99950317715025772     
          15   1138.1730129698703       -22670.914974607091       -21532.741961637221        1.9017092948535845       0.99887913771289971     
          16   1145.2048010580838       -22915.823854766531       -21770.619053708448        1.9134583142156789       0.99811225210800203     
          17   1145.9346032231404       -23168.363207836483       -22022.428604613342        1.9146776996209529       0.99775375684301038     
          18   1140.5963926255897       -23388.370664701266       -22247.774272075676        1.9057583836684875       0.99801992893915026     
          19   1133.2430664288395       -23543.829595634441       -22410.586529205601        1.8934721243589632       0.99865446095401855     
          20   1127.7965928362971       -23651.796690226634       -22524.000097390337        1.8843719178551330       0.99926412531261211     
          21   1126.4712544976537       -23825.078755848426       -22698.607501350773        1.8821574845407747       0.99958260070808125     
          22   1129.6289989577565       -24004.473859745944       -22874.844860788187        1.8874335822184736       0.99948465760775607     
          23   1135.0095795278437       -24035.598459959077       -22900.588880431234        1.8964236917758457       0.99904515572399488     
          24   1138.7943272939442       -23908.004179115451       -22769.209851821506        1.9027474140249694       0.99858666029638099     
          25   1139.1257507271062       -23908.519197822050       -22769.393447094943        1.9033011708055241       0.99841506045330664     
          26   1137.4930129808488       -23874.755295112249       -22737.262282131400        1.9005731211041750       0.99852013607983325     
          27   1136.1632860395955       -23918.844288727363       -22782.681002687768        1.8983513551204603       0.99867292090711823     
          28   1135.7081092788173       -23947.361380487375       -22811.653271208557        1.8975908258626857       0.99873991850179944     
          29   1135.9568994614654       -23999.895537551314       -22863.938638089850        1.8980065153909196       0.99874877697449105     
          30   1137.2975668024987       -24175.041890305936       -23037.744323503437        1.9002465610735151       0.99868882198148112     
          31   1140.2631556005929       -24251.072287634335       -23110.809132033741        1.9052015966593030       0.99851123609991033     
          32   1145.3529549006073       -24422.188582104282       -23276.835627203673        1.9137058561413656       0.99817156050245692     
          33   1151.9062504783437       -24623.176879467315       -23471.270628988972        1.9246553892704157       0.99764571027794602     
          34   1157.7306910355790       -24669.015955361465       -23511.285264325885        1.9343871195247768       0.99708744809918515     
          35   1161.1230033294657       -25059.642080273559       -23898.519076944092        1.9400551434076287       0.99669060184367786     
          36   1160.9420938899623       -25151.607269148630       -23990.665175258666        1.9397528719965953       0.99653870047423154     
          37   1156.4593480545930       -25254.462283238066       -24098.002935183475        1.9322629040176993       0.99672850633971422     
          38   1150.0588988957729       -25251.982715580536       -24101.923816684764        1.9215687533763959       0.99725042961265931     
          39   1146.8994585897519       -25280.926849253865       -24134.027390664112        1.9162898222050992       0.99770902344348100     
          40   1146.0963891556360       -25042.961922872320       -23896.865533716686        1.9149480186393248       0.99777291480290864     
          41   1144.7167168652154       -24972.163895507485       -23827.447178642269        1.9126428017798085       0.99788183790828011     
          42   1144.5037220380775       -24718.062695955683       -23573.558973917607        1.9122869206985422       0.99798411997195902     
          43   1145.4813197562021       -25033.273068962237       -23887.791749206033        1.9139203337614070       0.99792231221756500     
          44   1146.6007787096644       -25197.980444422083       -24051.379665712419        1.9157907747864067       0.99782681738785572     
          45   1148.0255168760780       -25295.230550248009       -24147.205033371931        1.9181712896843408       0.99772268796421337     
          46   1149.9687725241938       -25477.188525865782       -24327.219753341589        1.9214181662893799       0.99756887797273730     
          47   1151.9991188060087       -25491.093563795614       -24339.094444989605        1.9248105577376922       0.99737817607250168     
          48   1152.9621897804057       -25654.610856681062       -24501.648666900655        1.9264196988812126       0.99721778662217386     
          49   1151.9077881948062       -25837.824187511556       -24685.916399316749        1.9246579585543964       0.99721285497072232     
          50   1150.0823605634164       -25830.310616833816       -24680.228256270399        1.9216079541577551       0.99736853921159363     
          51   1149.2664319099711       -25915.887813104608       -24766.621381194636        1.9202446648453986       0.99748242694402900     
          52   1148.6552041118814       -25928.610672391820       -24779.955468279939        1.9192233986831770       0.99749516039896458     
          53   1147.5924022652655       -25692.124553719521       -24544.532151454256        1.9174476228325239       0.99757830572017614     
          54   1148.7638241770073       -25457.946279643136       -24309.182455466129        1.9194048858429529       0.99763139981958815     
          55   1152.2427231097447       -25413.509059574113       -24261.266336464367        1.9252175824724223       0.99737780284189226     
          56   1153.9254512821028       -25118.291458287349       -23964.366007005247        1.9280291583660867       0.99710687733212089     
          57   1152.7376206693057       -24970.900512381275       -23818.162891711971        1.9260444789796252       0.99711693539838187     
          58   1150.0905290940545       -24924.671627731896       -23774.581098637842        1.9216216024963317       0.99729103477635084     
          59   1145.5484098967122       -25067.238707077715       -23921.690297181001        1.9140324309051164       0.99754978292818985     
          60   1137.9394982040271       -25281.274358085979       -24143.334859881950        1.9013191281604462       0.99803886083094262     
          61   1131.3410445191982       -25579.591309632895       -24448.250265113697        1.8902941428892202       0.99875928919512580     
          62   1131.6768186372033       -25680.424939156132       -24548.748120518929        1.8908551689844666       0.99904321980726585     
          63   1135.9130725079838       -25574.056595731396       -24438.143523223411        1.8979332873984691       0.99872626204061621     
          64   1142.0139245856988       -25724.612681104569       -24582.598756518870        1.9081268581214683       0.99834285568396641     
          65   1152.8290242416479       -25818.365048266180       -24665.536024024532        1.9261972000695871       0.99766258746073377     
          66   1166.1697844043849       -25901.343233322335       -24735.173448917951        1.9484875261560317       0.99656751808545330     
          67   1176.3154351891139       -25993.366431760529       -24817.050996571415        1.9654393236242504       0.99554558400365034     
          68   1180.2186788402512       -26168.726324229716       -24988.507645389465        1.9719610339853821       0.99498774122808531     
          69   1177.9091599631181       -26213.289287824220       -25035.380127861103        1.9681021887437229       0.99496069191609415     
          70   1170.6793144858734       -26391.848954785375       -25221.169640299500        1.9560222464258537       0.99538442751574641     
          71   1160.4722673173153       -26520.456506122948       -25359.984238805631        1.9389678651918385       0.99614062933830350     
          72   1150.2660446364594       -26765.783944296978       -25615.517899660517        1.9219148615479689       0.99704506307630369     
          73   1143.0703438699049       -26917.997595411452       -25774.927251541547        1.9098919697074435       0.99780999875365961     
          74   1139.6810696455975       -27160.336509503442       -26020.655439857845        1.9042290219642397       0.99823923208843024     
          75   1139.4758827870032       -27249.087313381224       -26109.611430594221        1.9038861867786185       0.99837460061496963     
          76   1142.6924022203582       -27254.241051265726       -26111.548649045370        1.9092604882545667       0.99824930947648993     
          77   1149.1891497314423       -27174.476416213842       -26025.287266482399        1.9201155383983999       0.99780662672932563     
          78   1156.5015337202558       -27006.309821307819       -25849.808287587563        1.9323333896746129       0.99716587407103685     
          79   1162.0102301170120       -27083.927937371845       -25921.917707254834        1.9415375607635956       0.99660488399842961     
          80   1163.5760894326756       -27186.477218861553       -26022.901129428879        1.9441538670554313       0.99627187538515427     
          81   1158.7282839454963       -27223.850723382540       -26065.122439437044        1.9360539414294007       0.99637738132085951     
          82   1148.5067406180908       -27201.558724044738       -26053.051983426649        1.9189753393785978       0.99707058065362419     
          83   1138.5996360174590       -27323.436010986883       -26184.836374969425        1.9024221153173919       0.99802739496095094     
          84   1133.1530142031115       -27256.707158515528       -26123.554144312417        1.8933216611580810       0.99869770278373027     
          85   1130.4388569337611       -27225.936366186903       -26095.497509253142        1.8887867283772115       0.99896807218796213     
          86   1125.7780332248067       -27131.276545582405       -26005.498512357597        1.8809992200915735       0.99921452213436257     
          87   1118.7825139676261       -27102.404786299052       -25983.622272331428        1.8693108002800769       0.99978789534434265     
          88   1114.8290816180777       -27144.474437239747       -26029.645355621669        1.8627052324445743        1.0003712521641701     
          89   1117.1865413152664       -27244.613159135668       -26127.426617820402        1.8666441793070450        1.0004299213771093     
          90   1125.4171654444872       -27181.698031548411       -26056.280866103923        1.8803962664068290       0.99993360963089806     
          91   1138.7755434372648       -27026.445058294670       -25887.669514857407        1.9027160291349454       0.99896468265219651     
          92   1154.5613349138691       -27134.742030963484       -25980.180696049614        1.9290916205745516       0.99764047170030479     
          93   1167.1908867000957       -27369.087413944428       -26201.896527244331        1.9501936285715884       0.99635800637191485     
          94   1171.0489562732703       -27545.957387711493       -26374.908431438223        1.9566398601057147       0.99562776941919540     
          95   1164.6212796349678       -27712.848969333569       -26548.227689698600        1.9459002165997792       0.99577590822224404     
          96   1152.0667759880728       -27903.559133860355       -26751.492357872281        1.9249236023192529       0.99667392308383806     
          97   1139.7987068707121       -27964.465681767106       -26824.666974896394        1.9044255753896608       0.99782119848299156     
          98   1132.6101620856336       -28044.622171277686       -26912.012009192051        1.8924146400762467       0.99871066401882069     
          99   1131.7304844045614       -28558.358572416670       -27426.628088012108        1.8909448360978469       0.99903992395632324     
         100   1134.8981950429777       -28705.665144580951       -27570.766949537974        1.8962375857025526       0.99888558492419177     
