 dr, g(r), g_atom(r), g_cm(r)
   1.8560939794419973E-002   0.0000000000000000        0.0000000000000000        0.0000000000000000     
   3.7121879588839946E-002   0.0000000000000000        0.0000000000000000        0.0000000000000000     
   5.5682819383259918E-002   0.0000000000000000        0.0000000000000000        0.0000000000000000     
   7.4243759177679891E-002   0.0000000000000000        0.0000000000000000        0.0000000000000000     
   9.2804698972099864E-002   0.0000000000000000        0.0000000000000000        0.0000000000000000     
  0.11136563876651984        0.0000000000000000        0.0000000000000000        0.0000000000000000     
  0.12992657856093981        0.0000000000000000        0.0000000000000000        0.0000000000000000     
  0.14848751835535978        0.0000000000000000        0.0000000000000000        0.0000000000000000     
  0.16704845814977975        0.0000000000000000        0.0000000000000000        0.0000000000000000     
  0.18560939794419973        0.0000000000000000        0.0000000000000000        0.0000000000000000     
  0.20417033773861970        0.0000000000000000        0.0000000000000000        0.0000000000000000     
  0.22273127753303967        0.0000000000000000        0.0000000000000000        0.0000000000000000     
  0.24129221732745965        0.0000000000000000        0.0000000000000000        0.0000000000000000     
  0.25985315712187962        0.0000000000000000        0.0000000000000000        0.0000000000000000     
  0.27841409691629959        0.0000000000000000        0.0000000000000000        0.0000000000000000     
  0.29697503671071956        0.0000000000000000        0.0000000000000000        0.0000000000000000     
  0.31553597650513954        0.0000000000000000        0.0000000000000000        0.0000000000000000     
  0.33409691629955951        0.0000000000000000        0.0000000000000000        0.0000000000000000     
  0.35265785609397948        0.0000000000000000        0.0000000000000000        0.0000000000000000     
  0.37121879588839946        0.0000000000000000        0.0000000000000000        0.0000000000000000     
  0.38977973568281943        0.0000000000000000        0.0000000000000000        0.0000000000000000     
  0.40834067547723940        0.0000000000000000        0.0000000000000000        0.0000000000000000     
  0.42690161527165937        0.0000000000000000        0.0000000000000000        0.0000000000000000     
  0.44546255506607935        0.0000000000000000        0.0000000000000000        0.0000000000000000     
  0.46402349486049932        0.0000000000000000        0.0000000000000000        0.0000000000000000     
  0.48258443465491929        0.0000000000000000        0.0000000000000000        0.0000000000000000     
  0.50114537444933926        0.0000000000000000        0.0000000000000000        0.0000000000000000     
  0.51970631424375924        0.0000000000000000        0.0000000000000000        0.0000000000000000     
  0.53826725403817921        0.0000000000000000        0.0000000000000000        0.0000000000000000     
  0.55682819383259918        0.0000000000000000        0.0000000000000000        0.0000000000000000     
  0.57538913362701916        0.0000000000000000        0.0000000000000000        0.0000000000000000     
  0.59395007342143913        0.0000000000000000        0.0000000000000000        0.0000000000000000     
  0.61251101321585910        0.0000000000000000        0.0000000000000000        0.0000000000000000     
  0.63107195301027907        0.0000000000000000        0.0000000000000000        0.0000000000000000     
  0.64963289280469905        0.0000000000000000        0.0000000000000000        0.0000000000000000     
  0.66819383259911902        0.0000000000000000        0.0000000000000000        0.0000000000000000     
  0.68675477239353899        0.0000000000000000        0.0000000000000000        0.0000000000000000     
  0.70531571218795897        0.0000000000000000        0.0000000000000000        0.0000000000000000     
  0.72387665198237894        0.0000000000000000        0.0000000000000000        0.0000000000000000     
  0.74243759177679891        0.0000000000000000        0.0000000000000000        3.3689575097349654E-005
  0.76099853157121888        0.0000000000000000        0.0000000000000000        3.2085620099488605E-005
  0.77955947136563886        0.0000000000000000        0.0000000000000000        6.1187082138423201E-005
  0.79812041116005883        0.0000000000000000        0.0000000000000000        2.9203170522116906E-005
  0.81668135095447880        0.0000000000000000        0.0000000000000000        1.9533829210207094E-004
  0.83524229074889877        0.0000000000000000        0.0000000000000000        6.6730960817121894E-004
  0.85380323054331875        2.5556713281032475E-005   0.0000000000000000        3.3734861530962867E-003
  0.87236417033773872        5.3882416593134400E-004   0.0000000000000000        3.8770847939514436E-002
  0.89092511013215869        5.9670887572241243E-003   0.0000000000000000        14.043097033093956     
  0.90948604992657867        2.9476645839158391E-002   1.0148806907131814E-003   4.4045821976952060E-002
  0.92804698972099864        8.4594184016081694E-002   1.1701039797306384E-003   8.5850962364681274E-002
  0.94660792951541861       0.18670502977546949        6.1880810002582802E-003  0.18714257085629582     
  0.96516886930983858       0.33686577299628451        6.4959237263894892E-003  0.33712641191123227     
  0.98372980910425856       0.52799888684410945        8.6880027453506408E-003  0.52809542020794675     
   1.0022907488986785       0.71460617076269262        2.0093065983434216E-002  0.71466198483486876     
   1.0208516886930985       0.88199943043984808        3.5360349803651957E-002  0.88205325136801194     
   1.0394126284875185        1.0191959935999477        5.9203245772671748E-002   1.0192133044905245     
   1.0579735682819384        1.1259067647422609        7.8672908594359256E-002   1.1259401927892523     
   1.0765345080763584        1.1854203883662688       0.10841432582535729        1.1854526833694936     
   1.0950954478707784        1.1974988396789510       0.14469823173252183        1.1974988396789510     
   1.1136563876651984        1.1982034217763620       0.18370721279389618        1.1982034217763620     
   1.1322173274596183        1.1799661032876312       0.23051132615456674        1.1799807138806562     
   1.1507782672540383        1.1537426209449333       0.27896083308703501        1.1537426209449333     
   1.1693392070484583        1.1171292496067171       0.31637422684656702        1.1171292496067171     
   1.1879001468428783        1.0880587537629216       0.33365824515975284        1.0880587537629216     
   1.2064610866372982        1.0643896422835875       0.40110235929946059        1.0643896422835875     
   1.2250220264317182        1.0221599359179776       0.48056437389175366        1.0221599359179776     
   1.2435829662261382        1.0049913535751167       0.52253825667173659        1.0049913535751167     
   1.2621439060205581       0.98338881302932546       0.59801816943716268       0.98338881302932546     
   1.2807048458149781       0.95143843106290782       0.64219777365961084       0.95143843106290782     
   1.2992657856093981       0.92369408226228988       0.70045893235903911       0.92369408226228988     
   1.3178267254038181       0.89999411872216117       0.75824820682310290       0.89999411872216117     
   1.3363876651982380       0.88974171891342790       0.82944715371747268       0.88974171891342790     
   1.3549486049926580       0.87526053240336821       0.90388213692939134       0.87526053240336821     
   1.3735095447870780       0.86355089560726250       0.96929933980599825       0.86355089560726250     
   1.3920704845814980       0.85863607846434920        1.0072243562435166       0.85863607846434920     
   1.4106314243759179       0.84172692439931074        1.0442928429792302       0.84172692439931074     
   1.4291923641703379       0.82945643196189600        1.1277321004747713       0.82945643196189600     
   1.4477533039647579       0.82880644706956585        1.1934522283394362       0.82880644706956585     
   1.4663142437591778       0.83297151409118242        1.2410503504738088       0.83297151409118242     
   1.4848751835535978       0.82940954469403327        1.2935278908962393       0.82940954469403327     
   1.5034361233480178       0.82996363643467341        1.3276473013824195       0.82996363643467341     
   1.5219970631424378       0.83230959172488894        1.3568925410800323       0.83230959172488894     
   1.5405580029368577       0.84631353053469272        1.3934237066547626       0.84631353053469272     
   1.5591189427312777       0.85369818158152422        1.4054268971300823       0.85369818158152422     
   1.5776798825256977       0.85084685418496231        1.4034278672739007       0.85084685418496231     
   1.5962408223201177       0.86348221466597064        1.4523278521133764       0.86348221466597064     
   1.6148017621145376       0.88276980930416926        1.4520619270537749       0.88276980930416926     
   1.6333627019089576       0.90116764890757994        1.4359429108517965       0.90116764890757994     
   1.6519236417033776       0.91769957034533967        1.4573073592351584       0.91769957034533967     
   1.6704845814977975       0.93500533292560717        1.4315953448901018       0.93500533292560717     
   1.6890455212922175       0.95556384086697954        1.4194251690480106       0.95556384086697954     
   1.7076064610866375       0.97846203971687928        1.4102920458391806       0.97846203971687928     
   1.7261674008810575        1.0009321446682717        1.4165264784543732        1.0009321446682717     
   1.7447283406754774        1.0221380327928067        1.3912171339380108        1.0221380327928067     
   1.7632892804698974        1.0457915845449757        1.3592897206020604        1.0457915845449757     
   1.7818502202643174        1.0644166889476019        1.3518264637618673        1.0644166889476019     
   1.8004111600587374        1.0881886951900914        1.3372664973665076        1.0881886951900914     
   1.8189720998531573        1.1065033212434696        1.2950784440620957        1.1065033212434696     
   1.8375330396475773        1.1148229681921000        1.2604868135075673        1.1148229681921000     
   1.8560939794419973        1.1111589786175526        1.2493644649086157        1.1111589786175526     
   1.8746549192364172        1.1228385011417714        1.2395439298219777        1.1228385011417714     
   1.8932158590308372        1.1233805062968483        1.2183162186140757        1.1233805062968483     
   1.9117767988252572        1.1160106684805835        1.2052413790147976        1.1160106684805835     
   1.9303377386196772        1.1028051956245388        1.1515426825538033        1.1028051956245388     
   1.9488986784140971        1.0857666104859856        1.1261519409614342        1.0857666104859856     
   1.9674596182085171        1.0698185076172970        1.0991832658122249        1.0698185076172970     
   1.9860205580029371        1.0606523084885082        1.0657020773714034        1.0606523084885082     
   2.0045814977973571        1.0432708966721138        1.0556965443289392        1.0432708966721138     
   2.0231424375917770        1.0275843922575278        1.0314835135941529        1.0275843922575278     
   2.0417033773861970        1.0179133738540351       0.99481343716729687        1.0179133738540351     
   2.0602643171806170        1.0097915015231100       0.95444639455412961        1.0097915015231100     
   2.0788252569750370        1.0045165106686611       0.94651375776407842        1.0045165106686611     
   2.0973861967694569       0.99828318583763087       0.91797885716290961       0.99828318583763087     
   2.1159471365638769       0.99211764152842519       0.89184745107565466       0.99211764152842519     
   2.1345080763582969       0.97946990640755260       0.86718784583035002       0.97946990640755260     
   2.1530690161527168       0.96922156423184136       0.85148500419433570       0.96922156423184136     
   2.1716299559471368       0.97007798599539596       0.82606608682916960       0.97007798599539596     
   2.1901908957415568       0.96861491710247949       0.82086049944908401       0.96861491710247949     
   2.2087518355359768       0.96297823781442826       0.81167265632439300       0.96297823781442826     
   2.2273127753303967       0.95174660231499442       0.81055357142712481       0.95174660231499442     
   2.2458737151248167       0.95624690555611702       0.81562775560090184       0.95624690555611702     
   2.2644346549192367       0.95324877839001265       0.82380951629287436       0.95324877839001265     
   2.2829955947136567       0.95166037989249030       0.82066387099113214       0.95166037989249030     
   2.3015565345080766       0.94735085173747224       0.82813338549010929       0.94735085173747224     
   2.3201174743024966       0.94559753790317369       0.82919865134800319       0.94559753790317369     
   2.3386784140969166       0.94694779299298215       0.84886835625387547       0.94694779299298215     
   2.3572393538913365       0.94628683273146608       0.83480959546640632       0.94628683273146608     
   2.3758002936857565       0.94953099985096479       0.85716826005861002       0.94953099985096479     
   2.3943612334801765       0.94507572966354858       0.85771254841648192       0.94507572966354858     
   2.4129221732745965       0.94744310028393641       0.85078006684514462       0.94744310028393641     
   2.4314831130690164       0.94977643295616310       0.87671818230992682       0.94977643295616310     
   2.4500440528634364       0.95313093482630706       0.87769936659961911       0.95313093482630706     
   2.4686049926578564       0.95805853691667153       0.88698064540384758       0.95805853691667153     
   2.4871659324522764       0.95651216092217717       0.89470769029031705       0.95651216092217717     
   2.5057268722466963       0.96176036760656780       0.91118559838841062       0.96176036760656780     
   2.5242878120411163       0.96673784279786013       0.92220148900077392       0.96673784279786013     
   2.5428487518355363       0.97014229031605048       0.90623214353424963       0.97014229031605048     
   2.5614096916299562       0.97556337725463915       0.92715871537988848       0.97556337725463915     
   2.5799706314243762       0.97590800897065078       0.92960617726896000       0.97590800897065078     
   2.5985315712187962       0.97865513369429602       0.93813865215042880       0.97865513369429602     
   2.6170925110132162       0.98227068327279032       0.94288513189680334       0.98227068327279032     
   2.6356534508076361       0.98348435805823597       0.94948833552038614       0.98348435805823597     
   2.6542143906020561       0.99020721804822587       0.95352204273914720       0.99020721804822587     
   2.6727753303964761       0.98987774165485032       0.95659130719654228       0.98987774165485032     
   2.6913362701908961       0.99004846521115752       0.97193780663804352       0.99004846521115752     
   2.7098972099853160       0.99120373399370798       0.98381136050706952       0.99120373399370798     
   2.7284581497797360       0.99076861953801454       0.98770786158461976       0.99076861953801454     
   2.7470190895741560       0.99060361784949413       0.97584856067292491       0.99060361784949413     
   2.7655800293685759       0.99055463396272514       0.98308755777977119       0.99055463396272514     
   2.7841409691629959       0.99200290430731652       0.99518683465073376       0.99200290430731652     
   2.8027019089574159       0.99094794976651379       0.98263419174723232       0.99094794976651379     
   2.8212628487518359       0.99372038249097150       0.98343373195126182       0.99372038249097150     
   2.8398237885462558       0.99462927067835660       0.98543780834592143       0.99462927067835660     
   2.8583847283406758       0.99147262856945095        1.0048932448897980       0.99147262856945095     
   2.8769456681350958       0.99298147777672352        1.0081977809005007       0.99298147777672352     
   2.8955066079295158       0.99198826730697431        1.0036804311119492       0.99198826730697431     
   2.9140675477239357       0.99535775653733605        1.0181631606292534       0.99535775653733605     
   2.9326284875183557       0.99164978303982598        1.0199272010057781       0.99164978303982598     
   2.9511894273127757       0.99816354348250347        1.0125740854214800       0.99816354348250347     
   2.9697503671071956       0.99599481294518621        1.0294584332249996       0.99599481294518621     
   2.9883113069016156       0.99429464287303415        1.0300401965484596       0.99429464287303415     
   3.0068722466960356       0.99418474038073656        1.0217715101244926       0.99418474038073656     
   3.0254331864904556       0.99260774288558651        1.0269301188285087       0.99260774288558651     
   3.0439941262848755       0.99718126614483582        1.0280651886500345       0.99718126614483582     
   3.0625550660792955       0.99504120679892516        1.0245946888466531       0.99504120679892516     
   3.0811160058737155       0.99020729471681734        1.0243445376593396       0.99020729471681734     
   3.0996769456681355       0.99168114037881550        1.0172555276867068       0.99168114037881550     
   3.1182378854625554       0.98827978521542170        1.0236103875567730       0.98827978521542170     
   3.1367988252569754       0.98631664714577583        1.0254170859383516       0.98631664714577583     
   3.1553597650513954       0.98479907875332762        1.0208321616679794       0.98479907875332762     
   3.1739207048458153       0.98581064227117898        1.0094187216949384       0.98581064227117898     
   3.1924816446402353       0.98291431505396565        1.0168538286893027       0.98291431505396565     
   3.2110425844346553       0.98498126364142302        1.0191768769956475       0.98498126364142302     
   3.2296035242290753       0.98472413372959933        1.0205633671098528       0.98472413372959933     
   3.2481644640234952       0.98672341381347606        1.0063017861955703       0.98672341381347606     
   3.2667254038179152       0.98363131690812389        1.0084699181852343       0.98363131690812389     
   3.2852863436123352       0.98150550650206447        1.0133511445348991       0.98150550650206447     
   3.3038472834067552       0.98443338332504082        1.0147351417009023       0.98443338332504082     
   3.3224082232011751       0.98375526894023502        1.0177080270916525       0.98375526894023502     
   3.3409691629955951       0.98422073189255621       0.99741023311562904       0.98422073189255621     
   3.3595301027900151       0.98514466468162154        1.0021968745674272       0.98514466468162154     
   3.3780910425844350       0.98624316012095981        1.0082226878210880       0.98624316012095981     
   3.3966519823788550       0.98667992770420498        1.0156679709691194       0.98667992770420498     
   3.4152129221732750       0.98847143176463725        1.0132644702812359       0.98847143176463725     
   3.4337738619676950       0.98709001335829138        1.0066475761803151       0.98709001335829138     
   3.4523348017621149       0.98989162325928193       0.99917020884847674       0.98989162325928193     
   3.4708957415565349       0.99105115874808081       0.99569925801898362       0.99105115874808081     
   3.4894566813509549       0.99219420203314901       0.99818041036883443       0.99219420203314901     
   3.5080176211453749       0.99358576964153600       0.99915502062942863       0.99358576964153600     
   3.5265785609397948       0.99080485402831731       0.99328393714191077       0.99080485402831731     
   3.5451395007342148       0.99055026412825342       0.99754386219046087       0.99055026412825342     
   3.5637004405286348       0.99460654677755655        1.0022524450760943       0.99460654677755655     
   3.5822613803230547       0.99311701404201258        1.0105299952134119       0.99311701404201258     
   3.6008223201174747       0.99754356015926260       0.99330288982898196       0.99754356015926260     
   3.6193832599118947       0.99433089766073335       0.98927030690459838       0.99433089766073335     
   3.6379441997063147       0.99393981924828734       0.99096148334152612       0.99393981924828734     
   3.6565051395007346       0.99256918806412320       0.99068066338061844       0.99256918806412320     
   3.6750660792951546       0.99070581564716387       0.98347588098065808       0.99070581564716387     
   3.6936270190895746       0.99317717688939988       0.97928955816477703       0.99317717688939988     
   3.7121879588839946       0.99336022181942951       0.97826773605882655       0.99336022181942951     
   3.7307488986784145       0.99457820534421693       0.97467000910784551       0.99457820534421693     
   3.7493098384728345       0.99034123125093787       0.97491604389310915       0.99034123125093787     
   3.7678707782672545       0.99536826494533093       0.97274422694085183       0.99536826494533093     
   3.7864317180616744       0.99553106627354315       0.96541859736572444       0.99553106627354315     
   3.8049926578560944       0.99336400511737044       0.96736365810925562       0.99336400511737044     
   3.8235535976505144       0.99510199414393063       0.97018226126963136       0.99510199414393063     
   3.8421145374449344       0.99590690089731659       0.97481925187581653       0.99590690089731659     
   3.8606754772393543       0.99711079717841977       0.97609655085499092       0.99711079717841977     
   3.8792364170337743       0.99571811636525798       0.97967345897565927       0.99571811636525798     
   3.8977973568281943       0.99307463572813248       0.97487730516868631       0.99307463572813248     
   3.9163582966226143       0.99185474705199783       0.97546475207260053       0.99185474705199783     
   3.9349192364170342       0.99009978881290028       0.97964367713039102       0.99009978881290028     
   3.9534801762114542       0.98791706267763157       0.98288334984391346       0.98791706267763157     
   3.9720411160058742       0.98509653515631823       0.98070178010753373       0.98509653515631823     
   3.9906020558002941       0.98615663305939705       0.97122501661011595       0.98615663305939705     
   4.0091629955947141       0.98594668955918829       0.98199942241486737       0.98594668955918829     
   4.0277239353891341       0.98453306597964008       0.98270487021642605       0.98453306597964008     
   4.0462848751835541       0.98321739478514514       0.97454302979452823       0.98321739478514514     
   4.0648458149779740       0.98494263880073862       0.97038051371242251       0.98494263880073862     
   4.0834067547723940       0.98340007783275241       0.97022227492016644       0.98340007783275241     
   4.1019676945668140       0.98564664438731764       0.97137559004138418       0.98564664438731764     
   4.1205286343612340       0.98566772657456114       0.97982296876278596       0.98566772657456114     
   4.1390895741556539       0.98516662317296355       0.97327503316761133       0.98516662317296355     
   4.1576505139500739       0.98622847634843591       0.97217290892841923       0.98622847634843591     
   4.1762114537444939       0.98513099330793241       0.98686763656617649       0.98513099330793241     
   4.1947723935389138       0.98377095740733500       0.99788208833450653       0.98377095740733500     
   4.2133333333333338       0.98716415765567755       0.99168495455393091       0.98716415765567755     
   4.2318942731277538       0.98540013965098061       0.98290017173429634       0.98540013965098061     
   4.2504552129221738       0.98715150651287820       0.99067999288419917       0.98715150651287820     
   4.2690161527165937       0.98552785896136008       0.99159490205464873       0.98552785896136008     
   4.2875770925110137       0.98707545541026820        1.0031759476126982       0.98707545541026820     
   4.3061380323054337       0.98706540896143014       0.98873176831776910       0.98706540896143014     
   4.3246989720998537       0.98883564132337542        1.0000761187149612       0.98883564132337542     
   4.3432599118942736       0.98950274180911268       0.98735919907019332       0.98950274180911268     
   4.3618208516886936       0.99221935724182109       0.98710769048211111       0.99221935724182109     
   4.3803817914831136       0.99071593478950337       0.99770023161789212       0.99071593478950337     
   4.3989427312775335       0.99093375513166759       0.99719021536579755       0.99093375513166759     
   4.4175036710719535       0.99187087906988824        1.0017861778372017       0.99187087906988824     
   4.4360646108663735       0.99257863692928749        1.0006781148312491       0.99257863692928749     
   4.4546255506607935       0.99544642860307408       0.99502221965326421       0.99544642860307408     
   4.4731864904552134       0.99296641222571647       0.99680201175803307       0.99296641222571647     
   4.4917474302496334       0.99432182785247614       0.99839180270951056       0.99432182785247614     
   4.5103083700440534       0.99406597450987932       0.99701957221279947       0.99406597450987932     
   4.5288693098384734       0.99608006491727596       0.99872298156709705       0.99608006491727596     
   4.5474302496328933       0.99648893669496175        1.0020738013140296       0.99648893669496175     
   4.5659911894273133       0.99520496617803789       0.99389440535342122       0.99520496617803789     
   4.5845521292217333       0.99501610238004556       0.99511082767049541       0.99501610238004556     
   4.6031130690161532       0.99536003727506717       0.99985153793011583       0.99536003727506717     
   4.6216740088105732       0.99527589526734450       0.99834836463632315       0.99527589526734450     
   4.6402349486049932       0.99664000920413909       0.99629038449869567       0.99664000920413909     
