 dr, g(r), g_atom(r), g_cm(r)
   1.0311633219122207E-002   0.0000000000000000        0.0000000000000000        0.0000000000000000     
   2.0623266438244414E-002   0.0000000000000000        0.0000000000000000        0.0000000000000000     
   3.0934899657366621E-002   0.0000000000000000        0.0000000000000000        0.0000000000000000     
   4.1246532876488828E-002   0.0000000000000000        0.0000000000000000        0.0000000000000000     
   5.1558166095611035E-002   0.0000000000000000        0.0000000000000000        0.0000000000000000     
   6.1869799314733243E-002   0.0000000000000000        0.0000000000000000        0.0000000000000000     
   7.2181432533855450E-002   0.0000000000000000        0.0000000000000000        0.0000000000000000     
   8.2493065752977657E-002   0.0000000000000000        0.0000000000000000        0.0000000000000000     
   9.2804698972099864E-002   0.0000000000000000        0.0000000000000000        0.0000000000000000     
  0.10311633219122207        0.0000000000000000        0.0000000000000000        0.0000000000000000     
  0.11342796541034428        0.0000000000000000        0.0000000000000000        0.0000000000000000     
  0.12373959862946649        0.0000000000000000        0.0000000000000000        0.0000000000000000     
  0.13405123184858869        0.0000000000000000        0.0000000000000000        0.0000000000000000     
  0.14436286506771090        0.0000000000000000        0.0000000000000000        0.0000000000000000     
  0.15467449828683311        0.0000000000000000        0.0000000000000000        0.0000000000000000     
  0.16498613150595531        0.0000000000000000        0.0000000000000000        0.0000000000000000     
  0.17529776472507752        0.0000000000000000        0.0000000000000000        0.0000000000000000     
  0.18560939794419973        0.0000000000000000        0.0000000000000000        0.0000000000000000     
  0.19592103116332193        0.0000000000000000        0.0000000000000000        0.0000000000000000     
  0.20623266438244414        0.0000000000000000        0.0000000000000000        0.0000000000000000     
  0.21654429760156635        0.0000000000000000        0.0000000000000000        0.0000000000000000     
  0.22685593082068856        0.0000000000000000        0.0000000000000000        0.0000000000000000     
  0.23716756403981076        0.0000000000000000        0.0000000000000000        0.0000000000000000     
  0.24747919725893297        0.0000000000000000        0.0000000000000000        0.0000000000000000     
  0.25779083047805518        0.0000000000000000        0.0000000000000000        0.0000000000000000     
  0.26810246369717738        0.0000000000000000        0.0000000000000000        0.0000000000000000     
  0.27841409691629959        0.0000000000000000        0.0000000000000000        0.0000000000000000     
  0.28872573013542180        0.0000000000000000        0.0000000000000000        0.0000000000000000     
  0.29903736335454401        0.0000000000000000        0.0000000000000000        0.0000000000000000     
  0.30934899657366621        0.0000000000000000        0.0000000000000000        0.0000000000000000     
  0.31966062979278842        0.0000000000000000        0.0000000000000000        0.0000000000000000     
  0.32997226301191063        0.0000000000000000        0.0000000000000000        0.0000000000000000     
  0.34028389623103283        0.0000000000000000        0.0000000000000000        0.0000000000000000     
  0.35059552945015504        0.0000000000000000        0.0000000000000000        0.0000000000000000     
  0.36090716266927725        0.0000000000000000        0.0000000000000000        0.0000000000000000     
  0.37121879588839946        0.0000000000000000        0.0000000000000000        0.0000000000000000     
  0.38153042910752166        0.0000000000000000        0.0000000000000000        0.0000000000000000     
  0.39184206232664387        0.0000000000000000        0.0000000000000000        0.0000000000000000     
  0.40215369554576608        0.0000000000000000        0.0000000000000000        0.0000000000000000     
  0.41246532876488828        0.0000000000000000        0.0000000000000000        0.0000000000000000     
  0.42277696198401049        0.0000000000000000        0.0000000000000000        0.0000000000000000     
  0.43308859520313270        0.0000000000000000        0.0000000000000000        0.0000000000000000     
  0.44340022842225491        0.0000000000000000        0.0000000000000000        0.0000000000000000     
  0.45371186164137711        0.0000000000000000        0.0000000000000000        0.0000000000000000     
  0.46402349486049932        0.0000000000000000        0.0000000000000000        0.0000000000000000     
  0.47433512807962153        0.0000000000000000        0.0000000000000000        0.0000000000000000     
  0.48464676129874373        0.0000000000000000        0.0000000000000000        0.0000000000000000     
  0.49495839451786594        0.0000000000000000        0.0000000000000000        0.0000000000000000     
  0.50527002773698815        0.0000000000000000        0.0000000000000000        0.0000000000000000     
  0.51558166095611035        0.0000000000000000        0.0000000000000000        0.0000000000000000     
  0.52589329417523256        0.0000000000000000        0.0000000000000000        0.0000000000000000     
  0.53620492739435477        0.0000000000000000        0.0000000000000000        0.0000000000000000     
  0.54651656061347698        0.0000000000000000        0.0000000000000000        0.0000000000000000     
  0.55682819383259918        0.0000000000000000        0.0000000000000000        0.0000000000000000     
  0.56713982705172139        0.0000000000000000        0.0000000000000000        0.0000000000000000     
  0.57745146027084360        0.0000000000000000        0.0000000000000000        0.0000000000000000     
  0.58776309348996580        0.0000000000000000        0.0000000000000000        0.0000000000000000     
  0.59807472670908801        0.0000000000000000        0.0000000000000000        0.0000000000000000     
  0.60838635992821022        0.0000000000000000        0.0000000000000000        0.0000000000000000     
  0.61869799314733243        0.0000000000000000        0.0000000000000000        0.0000000000000000     
  0.62900962636645463        0.0000000000000000        0.0000000000000000        0.0000000000000000     
  0.63932125958557684        0.0000000000000000        0.0000000000000000        0.0000000000000000     
  0.64963289280469905        0.0000000000000000        0.0000000000000000        0.0000000000000000     
  0.65994452602382125        0.0000000000000000        0.0000000000000000        0.0000000000000000     
  0.67025615924294346        0.0000000000000000        0.0000000000000000        0.0000000000000000     
  0.68056779246206567        0.0000000000000000        0.0000000000000000        0.0000000000000000     
  0.69087942568118788        0.0000000000000000        0.0000000000000000        0.0000000000000000     
  0.70119105890031008        0.0000000000000000        0.0000000000000000        0.0000000000000000     
  0.71150269211943229        0.0000000000000000        0.0000000000000000        0.0000000000000000     
  0.72181432533855450        0.0000000000000000        0.0000000000000000        0.0000000000000000     
  0.73212595855767670        0.0000000000000000        0.0000000000000000        0.0000000000000000     
  0.74243759177679891        0.0000000000000000        0.0000000000000000        0.0000000000000000     
  0.75274922499592112        0.0000000000000000        0.0000000000000000        0.0000000000000000     
  0.76306085821504333        0.0000000000000000        0.0000000000000000        0.0000000000000000     
  0.77337249143416553        0.0000000000000000        0.0000000000000000        0.0000000000000000     
  0.78368412465328774        0.0000000000000000        0.0000000000000000        0.0000000000000000     
  0.79399575787240995        0.0000000000000000        0.0000000000000000        0.0000000000000000     
  0.80430739109153215        0.0000000000000000        0.0000000000000000        0.0000000000000000     
  0.81461902431065436        0.0000000000000000        0.0000000000000000        0.0000000000000000     
  0.82493065752977657        0.0000000000000000        0.0000000000000000        0.0000000000000000     
  0.83524229074889877        0.0000000000000000        0.0000000000000000        0.0000000000000000     
  0.84555392396802098        0.0000000000000000        0.0000000000000000        0.0000000000000000     
  0.85586555718714319        9.2447892076613687E-005   0.0000000000000000        9.2447892076613687E-005
  0.86617719040626540        6.7704561828341170E-004   0.0000000000000000        6.7704561828341170E-004
  0.87648882362538760        1.9398165285880089E-003   0.0000000000000000        1.9398165285880089E-003
  0.88680045684450981        6.2887012418299361E-003   0.0000000000000000        25.850266407392251     
  0.89711209006363202        1.5322361690065223E-002   7.5769920445377501E-004   1.5322361690065223E-002
  0.90742372328275422        3.3412581128570054E-002   7.4067298068258749E-004   3.3412581128570054E-002
  0.91773535650187643        6.2604299886178646E-002   1.4484285320709716E-003   6.2604299886178646E-002
  0.92804698972099864       0.10506422065387307        1.7707452919192095E-003  0.10506422065387307     
  0.93835862294012085       0.17434157657657778        2.7716037786517113E-003  0.17434157657657778     
  0.94867025615924305       0.24573748903517925        3.0510019331467689E-003  0.24573748903517925     
  0.95898188937836526       0.33591663311965164        3.6496649120769881E-003  0.33591663311965164     
  0.96929352259748747       0.43978322867178743        4.2224386800097762E-003  0.43978322867178743     
  0.97960515581660967       0.55815404704795724        7.3148393630216631E-003  0.55815404704795724     
  0.98991678903573188       0.66968044185600317        8.7214197078921366E-003  0.66968044185600317     
   1.0002284222548541       0.76948574427196781        2.2273962813882140E-002  0.76948574427196781     
   1.0105400554739763       0.86329363150763594        3.1390683819104849E-002  0.86329363150763594     
   1.0208516886930985       0.93024378966359922        3.7501429370537041E-002  0.93024378966359922     
   1.0311633219122207        1.0056672890059946        4.4512671515796631E-002   1.0056672890059946     
   1.0414749551313429        1.0552409917747783        5.1804787216264463E-002   1.0552409917747783     
   1.0517865883504651        1.0998759619182534        6.1842140265714669E-002   1.0998759619182534     
   1.0620982215695873        1.1527662307314792        7.2837640792382072E-002   1.1527662307314792     
   1.0724098547887095        1.1691759873045937        8.6590325796437773E-002   1.1691759873045937     
   1.0827214880078317        1.1877997556970075       0.10111398422500549        1.1877997556970075     
   1.0930331212269540        1.2178247234196791       0.11405652114623749        1.2178247234196791     
   1.1033447544460762        1.2178069692654039       0.14683293318025864        1.2178069692654039     
   1.1136563876651984        1.2064132380772887       0.16409651097272948        1.2064132380772887     
   1.1239680208843206        1.1918976793043781       0.19401297722795038        1.1918976793043781     
   1.1342796541034428        1.1848077733195153       0.21403507026038029        1.1848077733195153     
   1.1445912873225650        1.1730871885172069       0.23844373640902661        1.1730871885172069     
   1.1549029205416872        1.1561957529715643       0.27295529636380494        1.1561957529715643     
   1.1652145537608094        1.1377384475629417       0.31162280059907210        1.1377384475629417     
   1.1755261869799316        1.1243928897850863       0.32412427582186670        1.1243928897850863     
   1.1858378201990538        1.1157338741195619       0.33614795757095878        1.1157338741195619     
   1.1961494534181760        1.0854538520106414       0.36117680840676991        1.0854538520106414     
   1.2064610866372982        1.0704415872622075       0.39623332829267077        1.0704415872622075     
   1.2167727198564204        1.0577760837374388       0.43460440725681621        1.0577760837374388     
   1.2270843530755426        1.0372355297397244       0.47631271035394357        1.0372355297397244     
   1.2373959862946649        1.0165180289390725       0.52597117192386567        1.0165180289390725     
   1.2477076195137871        1.0023211720860286       0.55880753459332155        1.0023211720860286     
   1.2580192527329093       0.98653907325521972       0.60944855299365142       0.98653907325521972     
   1.2683308859520315       0.96794393254382416       0.63213872437087526       0.96794393254382416     
   1.2786425191711537       0.95904834588375676       0.66637486042771854       0.95904834588375676     
   1.2889541523902759       0.94474648397935101       0.65966508881365216       0.94474648397935101     
   1.2992657856093981       0.92978833606330680       0.72033118805268470       0.92978833606330680     
   1.3095774188285203       0.92152552633116724       0.77134791215882970       0.92152552633116724     
   1.3198890520476425       0.90554052581599687       0.82772200924247874       0.90554052581599687     
   1.3302006852667647       0.90258276863544329       0.87171899640811890       0.90258276863544329     
   1.3405123184858869       0.89699741190713511       0.87561284524001004       0.89699741190713511     
   1.3508239517050091       0.88592288913103456       0.89337795614943027       0.88592288913103456     
   1.3611355849241313       0.88702991541451959       0.93859587221086449       0.88702991541451959     
   1.3714472181432535       0.87984885665040524       0.95632364474565901       0.87984885665040524     
   1.3817588513623758       0.87166012136301652       0.98913568373691518       0.87166012136301652     
   1.3920704845814980       0.86286158247758993        1.0415741256300914       0.86286158247758993     
   1.4023821178006202       0.86432798020475921        1.0590608025775343       0.86432798020475921     
   1.4126937510197424       0.84946632396980926        1.1035459426640222       0.84946632396980926     
   1.4230053842388646       0.84263722704734456        1.1672053675793290       0.84263722704734456     
   1.4333170174579868       0.84151366682552919        1.1606668171324406       0.84151366682552919     
   1.4436286506771090       0.84734063752387501        1.2010686192693913       0.84734063752387501     
   1.4539402838962312       0.84446877004075271        1.2068967445415930       0.84446877004075271     
   1.4642519171153534       0.83960985965567314        1.2705802785341471       0.83960985965567314     
   1.4745635503344756       0.83456913538211275        1.2654699949451678       0.83456913538211275     
   1.4848751835535978       0.83500474093111587        1.2812162839748078       0.83500474093111587     
   1.4951868167727200       0.83740475546810023        1.3160044010115066       0.83740475546810023     
   1.5054984499918422       0.84747022438738118        1.3712151121572991       0.84747022438738118     
   1.5158100832109644       0.83864009972672227        1.4222795692678727       0.83864009972672227     
   1.5261217164300867       0.84604635802270622        1.4042411170194111       0.84604635802270622     
   1.5364333496492089       0.85009422324180506        1.4227646892371753       0.85009422324180506     
   1.5467449828683311       0.85117129735728470        1.4155738496972059       0.85117129735728470     
   1.5570566160874533       0.85845065643669716        1.4579872253629871       0.85845065643669716     
   1.5673682493065755       0.85810785419740865        1.4600070229988824       0.85810785419740865     
   1.5776798825256977       0.86743992105459355        1.4778540204727928       0.86743992105459355     
   1.5879915157448199       0.87313786171076258        1.4696000200369526       0.87313786171076258     
   1.5983031489639421       0.87969756825760204        1.5142164760691719       0.87969756825760204     
   1.6086147821830643       0.88736104554441408        1.4682808657809270       0.88736104554441408     
   1.6189264154021865       0.89277178203454477        1.4866450889324878       0.89277178203454477     
   1.6292380486213087       0.90583979699591699        1.4772975757408986       0.90583979699591699     
   1.6395496818404309       0.91441903152402726        1.4710312838905948       0.91441903152402726     
   1.6498613150595531       0.92641806198635035        1.4460018740311478       0.92641806198635035     
   1.6601729482786753       0.93847083013131027        1.4803074033746444       0.93847083013131027     
   1.6704845814977975       0.95706568066090769        1.4852117630833659       0.95706568066090769     
   1.6807962147169198       0.96912077750920744        1.4732844503032965       0.96912077750920744     
   1.6911078479360420       0.97623945480211627        1.4376331264670830       0.97623945480211627     
   1.7014194811551642       0.99170539181161321        1.4584359638388489       0.99170539181161321     
   1.7117311143742864        1.0032892842370855        1.4510143933279160        1.0032892842370855     
   1.7220427475934086        1.0109082105735494        1.4646526774400794        1.0109082105735494     
   1.7323543808125308        1.0247577056582793        1.4785810833981021        1.0247577056582793     
   1.7426660140316530        1.0479367228374652        1.4680514566894631        1.0479367228374652     
   1.7529776472507752        1.0531637316452478        1.4109699980289387        1.0531637316452478     
   1.7632892804698974        1.0628658653163419        1.3812500648115031        1.0628658653163419     
   1.7736009136890196        1.0710598247100642        1.3933558050910710        1.0710598247100642     
   1.7839125469081418        1.0855257295284990        1.4150163531229323        1.0855257295284990     
   1.7942241801272640        1.0932296087308113        1.4117998284344488        1.0932296087308113     
   1.8045358133463862        1.1057314689713433        1.3754151803593975        1.1057314689713433     
   1.8148474465655084        1.1175288687650813        1.3499111447343581        1.1175288687650813     
   1.8251590797846307        1.1291955568459355        1.3229595732043777        1.1291955568459355     
   1.8354707130037529        1.1299611759445607        1.3226526781399033        1.1299611759445607     
   1.8457823462228751        1.1323701480309585        1.2886915828665062        1.1323701480309585     
   1.8560939794419973        1.1263273490702135        1.2692883528270988        1.1263273490702135     
   1.8664056126611195        1.1257197077665972        1.2338558748557322        1.1257197077665972     
   1.8767172458802417        1.1327408552845626        1.2235935209056215        1.1327408552845626     
   1.8870288790993639        1.1317418796963978        1.2255408396434957        1.1317418796963978     
   1.8973405123184861        1.1271380390163954        1.2094799278632198        1.1271380390163954     
   1.9076521455376083        1.1306784212238081        1.1813018990504887        1.1306784212238081     
   1.9179637787567305        1.1224217921068953        1.1770070628981757        1.1224217921068953     
   1.9282754119758527        1.1137631424301133        1.1602780378124844        1.1137631424301133     
   1.9385870451949749        1.1061497355219370        1.1280000771525027        1.1061497355219370     
   1.9488986784140971        1.1001782480988662        1.1161265023458924        1.1001782480988662     
   1.9592103116332193        1.0889423498165351        1.1189862423390187        1.0889423498165351     
   1.9695219448523416        1.0777487051421495        1.0788560353837457        1.0777487051421495     
   1.9798335780714638        1.0777738056028332        1.0574222049450706        1.0777738056028332     
   1.9901452112905860        1.0635038438715931        1.0385417936973569        1.0635038438715931     
   2.0004568445097082        1.0609536623216052        1.0117886598302737        1.0609536623216052     
   2.0107684777288304        1.0519322304384917       0.99637964457304384        1.0519322304384917     
   2.0210801109479526        1.0360861490493676       0.97416971423386634        1.0360861490493676     
   2.0313917441670748        1.0312805155465405       0.98143301844849717        1.0312805155465405     
   2.0417033773861970        1.0260281207821251       0.96950823625881144        1.0260281207821251     
   2.0520150106053192        1.0192823011407075       0.94363415094879732        1.0192823011407075     
   2.0623266438244414        1.0146800659819266       0.93034853977749510        1.0146800659819266     
   2.0726382770435636        1.0133414577640043       0.91627937707015472        1.0133414577640043     
   2.0829499102626858        1.0073897962683194       0.89289278396454053        1.0073897962683194     
   2.0932615434818080        1.0002607044899616       0.89758704992180482        1.0002607044899616     
   2.1035731767009302       0.99662881561401229       0.89264489466352515       0.99662881561401229     
   2.1138848099200525       0.99234085632699687       0.88370376698681286       0.99234085632699687     
   2.1241964431391747       0.99244995087232546       0.86788732414874525       0.99244995087232546     
   2.1345080763582969       0.98315425103902920       0.86702011418668978       0.98315425103902920     
   2.1448197095774191       0.98024050785643313       0.85318533641132610       0.98024050785643313     
   2.1551313427965413       0.97305646750569574       0.84400242479011411       0.97305646750569574     
   2.1654429760156635       0.97034298585657985       0.83783537005603292       0.97034298585657985     
   2.1757546092347857       0.96605933856715476       0.83343286801232652       0.96605933856715476     
   2.1860662424539079       0.96772987774337893       0.82541456125836554       0.96772987774337893     
   2.1963778756730301       0.97264992803938821       0.81890951416021529       0.97264992803938821     
   2.2066895088921523       0.96263543814839525       0.83877826439549441       0.96263543814839525     
   2.2170011421112745       0.95649120956995126       0.83850688836859066       0.95649120956995126     
   2.2273127753303967       0.95326577934070889       0.82025866564566863       0.95326577934070889     
   2.2376244085495189       0.95191217530122663       0.81359182307010836       0.95191217530122663     
   2.2479360417686411       0.95450595506110170       0.80525048343247752       0.95450595506110170     
   2.2582476749877634       0.94863147063155862       0.80515443073044601       0.94863147063155862     
   2.2685593082068856       0.94934667105251258       0.81743588641688725       0.94934667105251258     
   2.2788709414260078       0.94532007346312297       0.81704789021620405       0.94532007346312297     
   2.2891825746451300       0.94777229940770746       0.82934795985221710       0.94777229940770746     
   2.2994942078642522       0.94874927098717243       0.83285977561167479       0.94874927098717243     
   2.3098058410833744       0.94646118740428942       0.84220402100040104       0.94646118740428942     
   2.3201174743024966       0.94915794315752633       0.84832690542511280       0.94915794315752633     
   2.3304291075216188       0.95277542529720549       0.85069054911644015       0.95277542529720549     
   2.3407407407407410       0.95038330430910445       0.84748769476130903       0.95038330430910445     
   2.3510523739598632       0.94982357674745810       0.86014106130278956       0.94982357674745810     
   2.3613640071789854       0.95131183002379449       0.85078921301570354       0.95131183002379449     
   2.3716756403981076       0.94632072722616933       0.85090250051872829       0.94632072722616933     
   2.3819872736172298       0.95234918294367721       0.85531195571270036       0.95234918294367721     
   2.3922989068363520       0.95456648626387453       0.85510688997233075       0.95456648626387453     
   2.4026105400554743       0.95296329464165397       0.86460959079890498       0.95296329464165397     
   2.4129221732745965       0.95583620528473645       0.87175679955525864       0.95583620528473645     
   2.4232338064937187       0.94963038465374416       0.88863647028036574       0.94963038465374416     
   2.4335454397128409       0.95920842315253796       0.89311691839751250       0.95920842315253796     
   2.4438570729319631       0.96094688804860684       0.89322242443432887       0.96094688804860684     
   2.4541687061510853       0.96516084789528622       0.89324376946471040       0.96516084789528622     
   2.4644803393702075       0.96997340355871386       0.89363815870110375       0.96997340355871386     
   2.4747919725893297       0.96845988326131316       0.90247019126119987       0.96845988326131316     
   2.4851036058084519       0.97267409709763319       0.88730304342095634       0.97267409709763319     
   2.4954152390275741       0.97479657877551218       0.89598134933666151       0.97479657877551218     
   2.5057268722466963       0.98050960788112107       0.90209036418339950       0.98050960788112107     
   2.5160385054658185       0.97775653797565576       0.91922948432981288       0.97775653797565576     
   2.5263501386849407       0.97696214477422882       0.92099639889052376       0.97696214477422882     
   2.5366617719040629       0.98549954023507158       0.91287066400020167       0.98549954023507158     
   2.5469734051231852       0.97686803581955417       0.92208198068415803       0.97686803581955417     
   2.5572850383423074       0.98392736667524927       0.93144456006350196       0.98392736667524927     
   2.5675966715614296       0.98351130441242385       0.93936962968420767       0.98351130441242385     
   2.5779083047805518       0.98379469536879693       0.94274739520023576       0.98379469536879693     
   2.5882199379996740       0.98893906037621515       0.93595317612284556       0.98893906037621515     
   2.5985315712187962       0.98825907212437691       0.95662483356112493       0.98825907212437691     
   2.6088432044379184       0.99133044808273585       0.96985534131780404       0.99133044808273585     
   2.6191548376570406       0.98358022667745437       0.96153214662277864       0.98358022667745437     
   2.6294664708761628       0.99413824647481630       0.94997681516988641       0.99413824647481630     
   2.6397781040952850       0.99174124934664742       0.95369400781803437       0.99174124934664742     
   2.6500897373144072       0.99652081791409985       0.96082454980971443       0.99652081791409985     
   2.6604013705335294       0.99913261443271539       0.96838072311539092       0.99913261443271539     
   2.6707130037526516       0.99902320618939910       0.98897267091586394       0.99902320618939910     
   2.6810246369717738       0.99293991028647743       0.98160809178489894       0.99293991028647743     
   2.6913362701908961       0.99059644212352616       0.98340434113162156       0.99059644212352616     
   2.7016479034100183       0.99738969192846161       0.99764693797435300       0.99738969192846161     
   2.7119595366291405       0.99991102328926296       0.96544125661015834       0.99991102328926296     
   2.7222711698482627       0.99861129446110786       0.99899365351781377       0.99861129446110786     
   2.7325828030673849       0.99818058312072211       0.99247003187338900       0.99818058312072211     
   2.7428944362865071        1.0008411690268368       0.99683878452652552        1.0008411690268368     
   2.7532060695056293        1.0030062670084081       0.97942789764884586        1.0030062670084081     
   2.7635177027247515       0.99983174460521151       0.99145849853143808       0.99983174460521151     
   2.7738293359438737        1.0024984817268925       0.97496894449647298        1.0024984817268925     
   2.7841409691629959        1.0022443239152103       0.99706887540393885        1.0022443239152103     
   2.7944526023821181        1.0042533902332687       0.98383498207790465        1.0042533902332687     
   2.8047642356012403       0.99986496546217885        1.0020177141593698       0.99986496546217885     
   2.8150758688203625        1.0029244409775147        1.0115329016138048        1.0029244409775147     
   2.8253875020394847        1.0019607394781722        1.0107589484508630        1.0019607394781722     
   2.8356991352586070        1.0006576190250140        1.0025938908172032        1.0006576190250140     
   2.8460107684777292        1.0012820429358609        1.0148561192417600        1.0012820429358609     
   2.8563224016968514        1.0027169086615424        1.0261625338981890        1.0027169086615424     
   2.8666340349159736        1.0039474856949839        1.0289411495863439        1.0039474856949839     
   2.8769456681350958       0.99957770622049791        1.0205148346990527       0.99957770622049791     
   2.8872573013542180       0.99869768931927605        1.0171223042133670       0.99869768931927605     
   2.8975689345733402        1.0027017493256440        1.0185838864855004        1.0027017493256440     
   2.9078805677924624        1.0023636900773112        1.0128029172562205        1.0023636900773112     
   2.9181922010115846       0.99864109564644310        1.0090268571785777       0.99864109564644310     
   2.9285038342307068        1.0009067445708324        1.0129477279641661        1.0009067445708324     
   2.9388154674498290        1.0018865206253103        1.0087822303352041        1.0018865206253103     
   2.9491271006689512       0.99920025212312691        1.0086786019027782       0.99920025212312691     
   2.9594387338880734        1.0010461558170127        1.0264841565592187        1.0010461558170127     
   2.9697503671071956        1.0009373990460706        1.0284413385477427        1.0009373990460706     
   2.9800620003263179        1.0032173534867821        1.0288934481082663        1.0032173534867821     
   2.9903736335454401        1.0008861505001703        1.0305179624413441        1.0008861505001703     
   3.0006852667645623       0.99347703421703226        1.0191585367336438       0.99347703421703226     
   3.0109968999836845       0.99479088150763451        1.0214573133363567       0.99479088150763451     
   3.0213085332028067       0.99380401106376492        1.0277754839202857       0.99380401106376492     
   3.0316201664219289       0.99570233559281418        1.0614418552026403       0.99570233559281418     
   3.0419317996410511       0.99245145054154904        1.0301205587155331       0.99245145054154904     
   3.0522434328601733       0.99380789265739355        1.0349956768808719       0.99380789265739355     
   3.0625550660792955       0.99500717543872208        1.0385367138241191       0.99500717543872208     
   3.0728666992984177       0.99245338347301515        1.0466297542044394       0.99245338347301515     
   3.0831783325175399       0.98818684108447219        1.0377767288465678       0.98818684108447219     
   3.0934899657366621       0.99290982744266554        1.0177113371260536       0.99290982744266554     
   3.1038015989557843       0.99139363252348789        1.0181829764210202       0.99139363252348789     
   3.1141132321749065       0.99225664937550939        1.0183408609032065       0.99225664937550939     
   3.1244248653940287       0.99016173261549234        1.0021628448007649       0.99016173261549234     
   3.1347364986131510       0.99051646088400369        1.0136104947692648       0.99051646088400369     
   3.1450481318322732       0.99018922484322569        1.0114920455656722       0.99018922484322569     
   3.1553597650513954       0.99012305208097795        1.0224094496026306       0.99012305208097795     
   3.1656713982705176       0.98733390883424099        1.0184085763806612       0.98733390883424099     
   3.1759830314896398       0.98634468105421780        1.0219659098839571       0.98634468105421780     
   3.1862946647087620       0.98438871398442473        1.0232153070050458       0.98438871398442473     
   3.1966062979278842       0.98495463577756026        1.0304145433669030       0.98495463577756026     
   3.2069179311470064       0.98761210208598382        1.0241680620230207       0.98761210208598382     
   3.2172295643661286       0.99117910377827834        1.0327719539358273       0.99117910377827834     
   3.2275411975852508       0.98558403025969910        1.0192582742640803       0.98558403025969910     
   3.2378528308043730       0.98684348812994926        1.0369217335653926       0.98684348812994926     
   3.2481644640234952       0.99192014779584003        1.0238024743974599       0.99192014779584003     
   3.2584760972426174       0.98847717250376654        1.0205283438991284       0.98847717250376654     
   3.2687877304617396       0.98872490837554905        1.0091320503231949       0.98872490837554905     
   3.2790993636808619       0.98922963100649242        1.0092673720660750       0.98922963100649242     
   3.2894109968999841       0.98959185645379644        1.0161439687077802       0.98959185645379644     
   3.2997226301191063       0.98972323017769448        1.0041653091024803       0.98972323017769448     
   3.3100342633382285       0.99305164988384043        1.0039336388569307       0.99305164988384043     
   3.3203458965573507       0.99323657095364504        1.0040201919892418       0.99323657095364504     
   3.3306575297764729       0.99360040583708531        1.0001784607062205       0.99360040583708531     
   3.3409691629955951       0.99201268068937343        1.0205502959170469       0.99201268068937343     
   3.3512807962147173       0.99433450339433482        1.0037765153146851       0.99433450339433482     
   3.3615924294338395       0.99602582008032958        1.0008479525397718       0.99602582008032958     
   3.3719040626529617       0.99701990847876609        1.0003432681090829       0.99701990847876609     
   3.3822156958720839       0.99539707300160052        1.0059277522281111       0.99539707300160052     
   3.3925273290912061       0.99517666396638660        1.0091552318045776       0.99517666396638660     
   3.4028389623103283       0.99311430690838642        1.0023406538490067       0.99311430690838642     
   3.4131505955294505       0.99432872233876546        1.0047488483721057       0.99432872233876546     
   3.4234622287485728       0.99361573424801286        1.0130656430889902       0.99361573424801286     
   3.4337738619676950       0.99932919268737774       0.99878442541789891       0.99932919268737774     
   3.4440854951868172       0.99810420212684325       0.99722856095169810       0.99810420212684325     
   3.4543971284059394       0.99792398916740210        1.0014973294398650       0.99792398916740210     
   3.4647087616250616       0.99971212974096302       0.99452908869386869       0.99971212974096302     
   3.4750203948441838       0.99946401720132716        1.0004599727387942       0.99946401720132716     
   3.4853320280633060       0.99813817196326216        1.0106829319338322       0.99813817196326216     
   3.4956436612824282       0.99800175526320289        1.0147788415568386       0.99800175526320289     
   3.5059552945015504       0.99979834724543115        1.0281409964344457       0.99979834724543115     
   3.5162669277206726        1.0027147284792801        1.0190692707504814        1.0027147284792801     
   3.5265785609397948       0.99984895337245971        1.0198775826194597       0.99984895337245971     
   3.5368901941589170       0.99953427946471052        1.0192579942899800       0.99953427946471052     
   3.5472018273780392       0.99977396567992827        1.0111496298419702       0.99977396567992827     
   3.5575134605971614        1.0018570697909870        1.0034095161290997        1.0018570697909870     
   3.5678250938162837       0.99433518470157656        1.0118800655590074       0.99433518470157656     
   3.5781367270354059       0.99575197952447381       0.98968285983968129       0.99575197952447381     
   3.5884483602545281        1.0018091928696700        1.0031413118414483        1.0018091928696700     
   3.5987599934736503       0.99972829769356497        1.0016121580825617       0.99972829769356497     
   3.6090716266927725       0.99543014167635535       0.98953005658064797       0.99543014167635535     
   3.6193832599118947       0.99731292729421306       0.99362708822297674       0.99731292729421306     
   3.6296948931310169        1.0020685336081476       0.99859551426383464        1.0020685336081476     
   3.6400065263501391        1.0026769056529388       0.99615697310252205        1.0026769056529388     
   3.6503181595692613       0.99809745701842745        1.0034471233639317       0.99809745701842745     
   3.6606297927883835       0.99424723581570063        1.0011147887580356       0.99424723581570063     
   3.6709414260075057       0.99479373972212259        1.0069405240226885       0.99479373972212259     
   3.6812530592266279       0.99771166860458838       0.99850095955108764       0.99771166860458838     
   3.6915646924457501       0.99486416812799849        1.0001377516694654       0.99486416812799849     
   3.7018763256648723       0.99481336079787785        1.0050176489711449       0.99481336079787785     
   3.7121879588839946       0.99137018100096230       0.99270932753750329       0.99137018100096230     
   3.7224995921031168       0.99361468359475302       0.99130878667134903       0.99361468359475302     
   3.7328112253222390       0.99112506530928224       0.99619951969082432       0.99112506530928224     
   3.7431228585413612       0.99370653422271371       0.97878389884289263       0.99370653422271371     
   3.7534344917604834       0.99332416490285591       0.98230631247008948       0.99332416490285591     
   3.7637461249796056       0.99591296679950303       0.98423397890364661       0.99591296679950303     
   3.7740577581987278       0.99819483226304062       0.97440029600659273       0.99819483226304062     
   3.7843693914178500       0.99760934767202625       0.98405261620291540       0.99760934767202625     
   3.7946810246369722       0.99607801721991351       0.99266744950664054       0.99607801721991351     
   3.8049926578560944       0.99377908364202328       0.98041828435506817       0.99377908364202328     
   3.8153042910752166       0.99311512888268449       0.97980287689442769       0.99311512888268449     
   3.8256159242943388       0.99040293235749666       0.98531682953026423       0.99040293235749666     
   3.8359275575134610       0.99308022465990975       0.99004678387824252       0.99308022465990975     
   3.8462391907325832       0.99126047350929125       0.97680970308749016       0.99126047350929125     
   3.8565508239517055       0.99359607567263208       0.97455753001531509       0.99359607567263208     
   3.8668624571708277       0.99498304993265618       0.98286867838223135       0.99498304993265618     
   3.8771740903899499       0.99326964971882792       0.98463222577284448       0.99326964971882792     
   3.8874857236090721       0.99395090139525544       0.98267921163188199       0.99395090139525544     
   3.8977973568281943       0.99364600083972798       0.97696716552221963       0.99364600083972798     
   3.9081089900473165       0.99418310878467919       0.98485595671112336       0.99418310878467919     
   3.9184206232664387       0.99161776753638942       0.98357281038675426       0.99161776753638942     
   3.9287322564855609       0.99037212192376012       0.98404337032069511       0.99037212192376012     
   3.9390438897046831       0.99321218980485870       0.97624815494475847       0.99321218980485870     
   3.9493555229238053       0.99546574805016552       0.97753383073198663       0.99546574805016552     
   3.9596671561429275       0.99666440647796961       0.98263842430145820       0.99666440647796961     
   3.9699787893620497       0.99668567573650524       0.98031862227958799       0.99668567573650524     
   3.9802904225811719       0.99592316251440727       0.97047573619191463       0.99592316251440727     
   3.9906020558002941       0.99710627139997354       0.97534438055808881       0.99710627139997354     
   4.0009136890194164       0.99467668090117511       0.98201423606132476       0.99467668090117511     
   4.0112253222385386       0.99225036687816703       0.98814396121066794       0.99225036687816703     
   4.0215369554576608       0.99356616125651609       0.99054596563079167       0.99356616125651609     
   4.0318485886767830       0.99050715723684535       0.96830874501982556       0.99050715723684535     
   4.0421602218959052       0.98955004012890402       0.98851658279627042       0.98955004012890402     
   4.0524718551150274       0.98958267374924269       0.98756371620553751       0.98958267374924269     
   4.0627834883341496       0.99008684166207050       0.97956272697295133       0.99008684166207050     
   4.0730951215532718       0.98829445955937056       0.96721654761470066       0.98829445955937056     
   4.0834067547723940       0.99004792933645180       0.97584947618219153       0.99004792933645180     
   4.0937183879915162       0.98950513729056966       0.97122108258496698       0.98950513729056966     
   4.1040300212106384       0.98946472141324793       0.97208817345483578       0.98946472141324793     
   4.1143416544297606       0.98751614127593068       0.98100374102887933       0.98751614127593068     
   4.1246532876488828       0.98866693873788591       0.98177109880717062       0.98866693873788591     
   4.1349649208680050       0.98958210983413808       0.98430000947193008       0.98958210983413808     
   4.1452765540871273       0.98884670704390898       0.98736463457747059       0.98884670704390898     
   4.1555881873062495       0.98901106574772502       0.98677025960865572       0.98901106574772502     
   4.1658998205253717       0.98829306076731638       0.97895454532184023       0.98829306076731638     
   4.1762114537444939       0.99044742754272364       0.97370875194337347       0.99044742754272364     
   4.1865230869636161       0.99093227330835520       0.96811648612094037       0.99093227330835520     
   4.1968347201827383       0.99224082032325145       0.97825318706065489       0.99224082032325145     
   4.2071463534018605       0.99377770006109034       0.97333050530187937       0.99377770006109034     
   4.2174579866209827       0.99409423434051469       0.97980854294921504       0.99409423434051469     
   4.2277696198401049       0.99647103771949397       0.98328574121071644       0.99647103771949397     
   4.2380812530592271       0.99588005212324970       0.97446992809563271       0.99588005212324970     
   4.2483928862783493       0.99577174913185795       0.98171771687469489       0.99577174913185795     
   4.2587045194974715       0.99453131364556768       0.97515994632653857       0.99453131364556768     
   4.2690161527165937       0.99424604536721839       0.97346548571539293       0.99424604536721839     
   4.2793277859357159       0.99384745659501827       0.98714929952073815       0.99384745659501827     
   4.2896394191548382       0.99246956317829971       0.99560750284151112       0.99246956317829971     
   4.2999510523739604       0.99393348369241286       0.97794721076929669       0.99393348369241286     
   4.3102626855930826       0.99345833603315015       0.98778698326149794       0.99345833603315015     
   4.3205743188122048       0.99197281547328209       0.98682477599336837       0.99197281547328209     
   4.3308859520313270       0.99265552860711470       0.99535857876947742       0.99265552860711470     
   4.3411975852504492       0.99154283236446561       0.98766983075979298       0.99154283236446561     
   4.3515092184695714       0.99301678223299850       0.98951596579972501       0.99301678223299850     
   4.3618208516886936       0.99241543998343051       0.99052503929018443       0.99241543998343051     
   4.3721324849078158       0.99068197954082193       0.99048345575525676       0.99068197954082193     
   4.3824441181269380       0.99086032620292230       0.99735237228319495       0.99086032620292230     
   4.3927557513460602       0.99352961810232621        1.0042098364823719       0.99352961810232621     
   4.4030673845651824       0.99179672143889863        1.0020090854852508       0.99179672143889863     
   4.4133790177843046       0.99209649420785651        1.0015240359053650       0.99209649420785651     
   4.4236906510034268       0.99402849695515172       0.99782495279878791       0.99402849695515172     
   4.4340022842225491       0.99276688983927119       0.99378941965039880       0.99276688983927119     
   4.4443139174416713       0.99324415597707305       0.98761512159107245       0.99324415597707305     
   4.4546255506607935       0.99468503432017397       0.99632700592615542       0.99468503432017397     
   4.4649371838799157       0.99116111688874065       0.99846534626624506       0.99116111688874065     
   4.4752488170990379       0.99399591499972884        1.0007271101689976       0.99399591499972884     
   4.4855604503181601       0.99332429452180548        1.0040893251278531       0.99332429452180548     
   4.4958720835372823       0.99840800450189759        1.0157223767514780       0.99840800450189759     
   4.5061837167564045       0.99590498377148062        1.0215407413867597       0.99590498377148062     
   4.5164953499755267       0.99585481922575170        1.0151218482306026       0.99585481922575170     
   4.5268069831946489       0.99526588330769383        1.0103274675582388       0.99526588330769383     
   4.5371186164137711       0.99530982458179484        1.0160449614873046       0.99530982458179484     
   4.5474302496328933       0.99740001251295052        1.0040368460638232       0.99740001251295052     
   4.5577418828520155       0.99878961081782269       0.99898547967333262       0.99878961081782269     
   4.5680535160711377       0.99494762170867090       0.99700726970894737       0.99494762170867090     
   4.5783651492902600       0.99341044437860360       0.99876560286247251       0.99341044437860360     
   4.5886767825093822       0.99587822724135466        1.0097785000792177       0.99587822724135466     
   4.5989884157285044       0.99509854766796901        1.0045475632834409       0.99509854766796901     
   4.6093000489476266       0.99796756920859164       0.99273386184314982       0.99796756920859164     
   4.6196116821667488       0.99860610663235694       0.99089305621042201       0.99860610663235694     
   4.6299233153858710       0.99861816974523254       0.99382491992918676       0.99861816974523254     
   4.6402349486049932       0.99685440908511258       0.99712119609034011       0.99685440908511258     
