 dr, g(r), g_atom(r), g_cm(r)
   1.5467449828683311E-002   0.0000000000000000        0.0000000000000000        0.0000000000000000     
   3.0934899657366621E-002   0.0000000000000000        0.0000000000000000        0.0000000000000000     
   4.6402349486049932E-002   0.0000000000000000        0.0000000000000000        0.0000000000000000     
   6.1869799314733243E-002   0.0000000000000000        0.0000000000000000        0.0000000000000000     
   7.7337249143416553E-002   0.0000000000000000        0.0000000000000000        0.0000000000000000     
   9.2804698972099864E-002   0.0000000000000000        0.0000000000000000        0.0000000000000000     
  0.10827214880078317        0.0000000000000000        0.0000000000000000        0.0000000000000000     
  0.12373959862946649        0.0000000000000000        0.0000000000000000        0.0000000000000000     
  0.13920704845814980        0.0000000000000000        0.0000000000000000        0.0000000000000000     
  0.15467449828683311        0.0000000000000000        0.0000000000000000        0.0000000000000000     
  0.17014194811551642        0.0000000000000000        0.0000000000000000        0.0000000000000000     
  0.18560939794419973        0.0000000000000000        0.0000000000000000        0.0000000000000000     
  0.20107684777288304        0.0000000000000000        0.0000000000000000        0.0000000000000000     
  0.21654429760156635        0.0000000000000000        0.0000000000000000        0.0000000000000000     
  0.23201174743024966        0.0000000000000000        0.0000000000000000        0.0000000000000000     
  0.24747919725893297        0.0000000000000000        0.0000000000000000        0.0000000000000000     
  0.26294664708761628        0.0000000000000000        0.0000000000000000        0.0000000000000000     
  0.27841409691629959        0.0000000000000000        0.0000000000000000        0.0000000000000000     
  0.29388154674498290        0.0000000000000000        0.0000000000000000        0.0000000000000000     
  0.30934899657366621        0.0000000000000000        0.0000000000000000        0.0000000000000000     
  0.32481644640234952        0.0000000000000000        0.0000000000000000        0.0000000000000000     
  0.34028389623103283        0.0000000000000000        0.0000000000000000        0.0000000000000000     
  0.35575134605971614        0.0000000000000000        0.0000000000000000        0.0000000000000000     
  0.37121879588839946        0.0000000000000000        0.0000000000000000        0.0000000000000000     
  0.38668624571708277        0.0000000000000000        0.0000000000000000        0.0000000000000000     
  0.40215369554576608        0.0000000000000000        0.0000000000000000        0.0000000000000000     
  0.41762114537444939        0.0000000000000000        0.0000000000000000        0.0000000000000000     
  0.43308859520313270        0.0000000000000000        0.0000000000000000        0.0000000000000000     
  0.44855604503181601        0.0000000000000000        0.0000000000000000        0.0000000000000000     
  0.46402349486049932        0.0000000000000000        0.0000000000000000        0.0000000000000000     
  0.47949094468918263        0.0000000000000000        0.0000000000000000        0.0000000000000000     
  0.49495839451786594        0.0000000000000000        0.0000000000000000        0.0000000000000000     
  0.51042584434654925        0.0000000000000000        0.0000000000000000        0.0000000000000000     
  0.52589329417523256        0.0000000000000000        0.0000000000000000        0.0000000000000000     
  0.54136074400391587        0.0000000000000000        0.0000000000000000        0.0000000000000000     
  0.55682819383259918        0.0000000000000000        0.0000000000000000        0.0000000000000000     
  0.57229564366128249        0.0000000000000000        0.0000000000000000        0.0000000000000000     
  0.58776309348996580        0.0000000000000000        0.0000000000000000        0.0000000000000000     
  0.60323054331864912        0.0000000000000000        0.0000000000000000        0.0000000000000000     
  0.61869799314733243        0.0000000000000000        0.0000000000000000        0.0000000000000000     
  0.63416544297601574        0.0000000000000000        0.0000000000000000        0.0000000000000000     
  0.64963289280469905        0.0000000000000000        0.0000000000000000        0.0000000000000000     
  0.66510034263338236        0.0000000000000000        0.0000000000000000        0.0000000000000000     
  0.68056779246206567        0.0000000000000000        0.0000000000000000        0.0000000000000000     
  0.69603524229074898        0.0000000000000000        0.0000000000000000        0.0000000000000000     
  0.71150269211943229        0.0000000000000000        0.0000000000000000        0.0000000000000000     
  0.72697014194811560        0.0000000000000000        0.0000000000000000        0.0000000000000000     
  0.74243759177679891        0.0000000000000000        0.0000000000000000        0.0000000000000000     
  0.75790504160548222        0.0000000000000000        0.0000000000000000        0.0000000000000000     
  0.77337249143416553        0.0000000000000000        0.0000000000000000        0.0000000000000000     
  0.78883994126284884        0.0000000000000000        0.0000000000000000        0.0000000000000000     
  0.80430739109153215        0.0000000000000000        0.0000000000000000        0.0000000000000000     
  0.81977484092021546        0.0000000000000000        0.0000000000000000        0.0000000000000000     
  0.83524229074889877        0.0000000000000000        0.0000000000000000        0.0000000000000000     
  0.85070974057758209        0.0000000000000000        0.0000000000000000        0.0000000000000000     
  0.86617719040626540        5.0852472158421198E-004   0.0000000000000000        5.0852472158421198E-004
  0.88164464023494871        2.8593014274600008E-003   0.0000000000000000        17.330976879482680     
  0.89711209006363202        1.2695811667698675E-002   5.0225189015071692E-004   1.3644509682427808E-002
  0.91257953989231533        3.9623152294848855E-002   7.2826760514698395E-004   3.9623152294848855E-002
  0.92804698972099864        9.3110207213455434E-002   1.8783790751943936E-003   9.3110207213455434E-002
  0.94351443954968195       0.18796469484220407        2.4994633699634929E-003  0.18796469484220407     
  0.95898188937836526       0.31094902099428579        3.7401886959218351E-003  0.31094902099428579     
  0.97444933920704857       0.46828417958654617        4.6889990673680678E-003  0.46828417958654617     
  0.98991678903573188       0.63252135087012651        8.6763098533551488E-003  0.63252135087012651     
   1.0053842388644152       0.78598627221873829        2.3036722786123929E-002  0.78598627221873829     
   1.0208516886930985       0.90581919604819849        3.7118958688093964E-002  0.90581919604819849     
   1.0363191385217818        1.0063333634867804        4.4704037494112447E-002   1.0063333634867804     
   1.0517865883504651        1.0803858573526015        5.9709390172403058E-002   1.0803858573526015     
   1.0672540381791484        1.1470029092435041        7.5618092829183609E-002   1.1470029092435041     
   1.0827214880078317        1.1706998285997445        9.6485616227851748E-002   1.1706998285997445     
   1.0981889378365151        1.2075187332603248       0.12339307539395641        1.2075187332603248     
   1.1136563876651984        1.1980736798621474       0.15745529869994437        1.1980736798621474     
   1.1291238374938817        1.1817983669666370       0.20172130431396790        1.1817983669666370     
   1.1445912873225650        1.1634817997634352       0.22560793848869395        1.1634817997634352     
   1.1600587371512483        1.1428499427407721       0.28224059798737239        1.1428499427407721     
   1.1755261869799316        1.1160716588583810       0.31837878050329294        1.1160716588583810     
   1.1909936368086149        1.0950556095017956       0.33282364402210596        1.0950556095017956     
   1.2064610866372982        1.0672721973290742       0.38994725906507377        1.0672721973290742     
   1.2219285364659815        1.0452755429707228       0.44410952560717842        1.0452755429707228     
   1.2373959862946649        1.0117902404524610       0.50608668576649862        1.0117902404524610     
   1.2528634361233482       0.99023335100155518       0.56982373583091572       0.99023335100155518     
   1.2683308859520315       0.96491435330139497       0.62087029991489118       0.96491435330139497     
   1.2837983357807148       0.94639249518429724       0.65847551929769388       0.94639249518429724     
   1.2992657856093981       0.92761602231616236       0.69510016810430286       0.92761602231616236     
   1.3147332354380814       0.91005480076545053       0.78180484334001610       0.91005480076545053     
   1.3302006852667647       0.89560549902671904       0.85285126430296410       0.89560549902671904     
   1.3456681350954480       0.88850989180046125       0.87185921792481047       0.88850989180046125     
   1.3611355849241313       0.87801752598940797       0.91964151868159516       0.87801752598940797     
   1.3766030347528146       0.87134599395992940       0.95113473605993804       0.87134599395992940     
   1.3920704845814980       0.85865552440284498        1.0255107400252703       0.85865552440284498     
   1.4075379344101813       0.85385926780833077        1.0548518677564811       0.85385926780833077     
   1.4230053842388646       0.83806433347547193        1.1489847280087535       0.83806433347547193     
   1.4384728340675479       0.83618151395231599        1.1587501769333726       0.83618151395231599     
   1.4539402838962312       0.84072376407320959        1.2034551725019318       0.84072376407320959     
   1.4694077337249145       0.83164841762812336        1.2564090592871862       0.83164841762812336     
   1.4848751835535978       0.82952442780743840        1.2707431529943580       0.82952442780743840     
   1.5003426333822811       0.83613184181255196        1.3288888052815973       0.83613184181255196     
   1.5158100832109644       0.83481133791186479        1.3924840906845239       0.83481133791186479     
   1.5312775330396478       0.84005902510225117        1.4036125266023458       0.84005902510225117     
   1.5467449828683311       0.84682447364893421        1.4060260628473571       0.84682447364893421     
   1.5622124326970144       0.85232732218364304        1.4481982384450096       0.85232732218364304     
   1.5776798825256977       0.85910948560488176        1.4632701125305609       0.85910948560488176     
   1.5931473323543810       0.86819053647161015        1.4753257623914240       0.86819053647161015     
   1.6086147821830643       0.88067710789071563        1.4737472764045385       0.88067710789071563     
   1.6240822320117476       0.89233058905351059        1.4714999598136160       0.89233058905351059     
   1.6395496818404309       0.90506014307114191        1.4665005216836278       0.90506014307114191     
   1.6550171316691142       0.92352652307834382        1.4455909111277581       0.92352652307834382     
   1.6704845814977975       0.94622316167866083        1.4773248786760778       0.94622316167866083     
   1.6859520313264809       0.96349644292807912        1.4606433730308204       0.96349644292807912     
   1.7014194811551642       0.98270606517926873        1.4347485089612668       0.98270606517926873     
   1.7168869309838475        1.0005753832816555        1.4563438993778253        1.0005753832816555     
   1.7323543808125308        1.0134090086017724        1.4559652975927710        1.0134090086017724     
   1.7478218306412141        1.0422711173204198        1.4414972923451406        1.0422711173204198     
   1.7632892804698974        1.0547297745279660        1.3819469313312143        1.0547297745279660     
   1.7787567302985807        1.0692439560740168        1.3958732780777083        1.0692439560740168     
   1.7942241801272640        1.0849006579314835        1.4015211572153474        1.0849006579314835     
   1.8096916299559473        1.1010544847398025        1.3646325003467150        1.1010544847398025     
   1.8251590797846307        1.1213118764583456        1.3189916322759676        1.1213118764583456     
   1.8406265296133140        1.1247645257907097        1.3057957042153689        1.1247645257907097     
   1.8560939794419973        1.1218061428551409        1.2668705702672263        1.1218061428551409     
   1.8715614292706806        1.1198726421821121        1.2256098576088563        1.1198726421821121     
   1.8870288790993639        1.1279068543921225        1.2163342019691223        1.1279068543921225     
   1.9024963289280472        1.1232324369544042        1.1876443279908131        1.1232324369544042     
   1.9179637787567305        1.1181677793622116        1.1779574118619927        1.1181677793622116     
   1.9334312285854138        1.1064035592901582        1.1402710144085770        1.1064035592901582     
   1.9488986784140971        1.0952878283322416        1.1172122033120429        1.0952878283322416     
   1.9643661282427805        1.0808235714808159        1.1019765684693343        1.0808235714808159     
   1.9798335780714638        1.0709026144996716        1.0568380429899096        1.0709026144996716     
   1.9953010279001471        1.0585330066906817        1.0223864772687814        1.0585330066906817     
   2.0107684777288304        1.0482152455594538       0.99824923479032845        1.0482152455594538     
   2.0262359275575137        1.0299257919991427       0.96910901194463162        1.0299257919991427     
   2.0417033773861970        1.0219283022933243       0.97108236380120450        1.0219283022933243     
   2.0571708272148803        1.0130359325359053       0.93845722463733316        1.0130359325359053     
   2.0726382770435636        1.0084008630504924       0.91248736286137633        1.0084008630504924     
   2.0881057268722469       0.99931366426763302       0.88989402687940256       0.99931366426763302     
   2.1035731767009302       0.99370461688570222       0.89009516748444006       0.99370461688570222     
   2.1190406265296136       0.98657152107154078       0.87574082149507038       0.98657152107154078     
   2.1345080763582969       0.98248218440082913       0.86157232873383138       0.98248218440082913     
   2.1499755261869802       0.97298599280523645       0.84740949586965075       0.97298599280523645     
   2.1654429760156635       0.96681850941930614       0.83456250125601361       0.96681850941930614     
   2.1809104258443468       0.96094695383433448       0.82993366340661445       0.96094695383433448     
   2.1963778756730301       0.96758754360004706       0.81417867942993849       0.96758754360004706     
   2.2118453255017134       0.95701953811554863       0.83684373433084513       0.95701953811554863     
   2.2273127753303967       0.94905138591304572       0.82048551422583049       0.94905138591304572     
   2.2427802251590800       0.94808542714936961       0.80989570401772404       0.94808542714936961     
   2.2582476749877634       0.94659013431505989       0.79875675412172331       0.94659013431505989     
   2.2737151248164467       0.94349432139094747       0.80937344206222661       0.94349432139094747     
   2.2891825746451300       0.94293331592365248       0.82575137830529610       0.94293331592365248     
   2.3046500244738133       0.94409731454018386       0.82954591750469986       0.94409731454018386     
   2.3201174743024966       0.94373487163135583       0.84523311355982966       0.94373487163135583     
   2.3355849241311799       0.94835469665760375       0.84583188860893965       0.94835469665760375     
   2.3510523739598632       0.94530357778686103       0.85225511360176753       0.94530357778686103     
   2.3665198237885465       0.94662821309209644       0.84975865278244322       0.94662821309209644     
   2.3819872736172298       0.94515913501699056       0.84757924827591014       0.94515913501699056     
   2.3974547234459131       0.94943500532796266       0.85697239206513232       0.94943500532796266     
   2.4129221732745965       0.95132188369374504       0.86335507929412603       0.95132188369374504     
   2.4283896231032798       0.94827637070876625       0.88835443518822454       0.94827637070876625     
   2.4438570729319631       0.95685935970701563       0.88747754382922495       0.95685935970701563     
   2.4593245227606464       0.96209779315893862       0.88955937391061168       0.96209779315893862     
   2.4747919725893297       0.96557115415759398       0.89589110553584961       0.96557115415759398     
   2.4902594224180130       0.96914858764997258       0.88782939593878440       0.96914858764997258     
   2.5057268722466963       0.97482166580394392       0.89509693088268694       0.97482166580394392     
   2.5211943220753796       0.97422900878367602       0.90970811837846810       0.97422900878367602     
   2.5366617719040629       0.97797566915771894       0.91815038059972609       0.97797566915771894     
   2.5521292217327463       0.97416282578680224       0.92349882827648178       0.97416282578680224     
   2.5675966715614296       0.98082862494223011       0.93100905353183250       0.98082862494223011     
   2.5830641213901129       0.98191238624129018       0.93554833840139640       0.98191238624129018     
   2.5985315712187962       0.98426692014190997       0.94717941056240140       0.98426692014190997     
   2.6139990210474795       0.98523466829758199       0.96221092656775387       0.98523466829758199     
   2.6294664708761628       0.98638470929176636       0.95113451092488122       0.98638470929176636     
   2.6449339207048461       0.99013577018519339       0.94980528676488740       0.99013577018519339     
   2.6604013705335294       0.99376589649926839       0.96467482113793979       0.99376589649926839     
   2.6758688203622127       0.99324971778957416       0.98279388993153904       0.99324971778957416     
   2.6913362701908961       0.98750249098939769       0.97898505072286912       0.98750249098939769     
   2.7068037200195794       0.99470969601520842       0.98030529608350969       0.99470969601520842     
   2.7222711698482627       0.99501122089126615       0.98691255254788024       0.99501122089126615     
   2.7377386196769460       0.99478212769643015       0.99251803543475414       0.99478212769643015     
   2.7532060695056293       0.99908118151963943       0.97924371593346726       0.99908118151963943     
   2.7686735193343126       0.99742882468996108       0.98583464040389046       0.99742882468996108     
   2.7841409691629959       0.99821662456540605       0.98256508311402690       0.99821662456540605     
   2.7996084189916792       0.99955849089426663       0.98674293233095212       0.99955849089426663     
   2.8150758688203625       0.99780348576368705        1.0042401507126395       0.99780348576368705     
   2.8305433186490458       0.99713328230383547        1.0051675212616626       0.99713328230383547     
   2.8460107684777292       0.99820871906461950        1.0063440565852049       0.99820871906461950     
   2.8614782183064125       0.99994125609033913        1.0266185297997514       0.99994125609033913     
   2.8769456681350958       0.99704386208082241        1.0164788637182971       0.99704386208082241     
   2.8924131179637791       0.99622100205347730        1.0155904946867531       0.99622100205347730     
   2.9078805677924624       0.99919449179090070        1.0095601597544439       0.99919449179090070     
   2.9233480176211457       0.99597095411215519        1.0059695678337945       0.99597095411215519     
   2.9388154674498290       0.99797521514869092        1.0074428518328435       0.99797521514869092     
   2.9542829172785123       0.99506349018839035        1.0098148736537464       0.99506349018839035     
   2.9697503671071956       0.99877332423346021        1.0255119387855272       0.99877332423346021     
   2.9852178169358790       0.99927008089067049        1.0271281114452746       0.99927008089067049     
   3.0006852667645623       0.99224723024112005        1.0182065484475216       0.99224723024112005     
   3.0161527165932456       0.99191141476139455        1.0171935940940746       0.99191141476139455     
   3.0316201664219289       0.99086822607690106        1.0495578564896777       0.99086822607690106     
   3.0470876162506122       0.98891392232936692        1.0274109242197957       0.98891392232936692     
   3.0625550660792955       0.99190716010447122        1.0347310378780452       0.99190716010447122     
   3.0780225159079788       0.98870381411173125        1.0398449075833669       0.98870381411173125     
   3.0934899657366621       0.98707077238949714        1.0213101802676066       0.98707077238949714     
   3.1089574155653454       0.98880341021317142        1.0151777101901720       0.98880341021317142     
   3.1244248653940287       0.98720284845206363        1.0039185226708798       0.98720284845206363     
   3.1398923152227121       0.98774193846307257        1.0095996255452024       0.98774193846307257     
   3.1553597650513954       0.98634861852725464        1.0154506785257496       0.98634861852725464     
   3.1708272148800787       0.98490391696879109        1.0174770951695298       0.98490391696879109     
   3.1862946647087620       0.98077151355413916        1.0183283826362683       0.98077151355413916     
   3.2017621145374453       0.98299373334351947        1.0274596300934282       0.98299373334351947     
   3.2172295643661286       0.98651877295304014        1.0242108790689983       0.98651877295304014     
   3.2326970141948119       0.98286732159541068        1.0203505825052306       0.98286732159541068     
   3.2481644640234952       0.98710234941195529        1.0264479138991836       0.98710234941195529     
   3.2636319138521785       0.98599402976984929        1.0139402226655834       0.98599402976984929     
   3.2790993636808619       0.98541897531116418        1.0056378057419115       0.98541897531116418     
   3.2945668135095452       0.98748876063767554        1.0104746138124268       0.98748876063767554     
   3.3100342633382285       0.98793305587602620       0.99941246834448827       0.98793305587602620     
   3.3255017131669118       0.99132872223694035        1.0010218878266459       0.99132872223694035     
   3.3409691629955951       0.98845477461394304        1.0092881959392730       0.98845477461394304     
   3.3564366128242784       0.99180290687514494       0.99991973159283976       0.99180290687514494     
   3.3719040626529617       0.99370036140378182       0.99726867152168375       0.99370036140378182     
   3.3873715124816450       0.99197438344900835        1.0018308225050050       0.99197438344900835     
   3.4028389623103283       0.99112259313545936        1.0036709348892210       0.99112259313545936     
   3.4183064121390117       0.99145050985584549        1.0047013291172298       0.99145050985584549     
   3.4337738619676950       0.99409734080749701        1.0003257719189287       0.99409734080749701     
   3.4492413117963783       0.99531138739424163       0.99745055931397653       0.99531138739424163     
   3.4647087616250616       0.99591304847783779       0.99213124888960413       0.99591304847783779     
   3.4801762114537449       0.99567994261508574       0.99795410630428960       0.99567994261508574     
   3.4956436612824282       0.99549774239078370        1.0133688197006236       0.99549774239078370     
   3.5111111111111115       0.99731166180385133        1.0215832800758375       0.99731166180385133     
   3.5265785609397948       0.99841015050253468        1.0171549057081881       0.99841015050253468     
   3.5420460107684781       0.99673937030428883        1.0145433382184996       0.99673937030428883     
   3.5575134605971614       0.99824481397646236        1.0021360425478947       0.99824481397646236     
   3.5729809104258448       0.99158329625360742        1.0034236233795157       0.99158329625360742     
   3.5884483602545281       0.99729082789108991       0.99396795603321009       0.99729082789108991     
   3.6039158100832114       0.99604954253820843       0.99586038628458118       0.99604954253820843     
   3.6193832599118947       0.99325453853817447       0.98832276223151627       0.99325453853817447     
   3.6348507097405780       0.99976023153112792       0.99401794651432518       0.99976023153112792     
   3.6503181595692613       0.99648293062941107       0.99913606630416485       0.99648293062941107     
   3.6657856093979446       0.99162881200610919        1.0037824827264310       0.99162881200610919     
   3.6812530592266279       0.99396914515188539       0.99500495287073143       0.99396914515188539     
   3.6967205090553112       0.99199401012086841        1.0006475936631829       0.99199401012086841     
   3.7121879588839946       0.98985053929974098       0.99238808844686499       0.98985053929974098     
   3.7276554087126779       0.98985174622051442       0.98660328146561915       0.98985174622051442     
   3.7431228585413612       0.99031129661805939       0.98543973123850159       0.99031129661805939     
   3.7585903083700445       0.99182026348999530       0.97834805528918989       0.99182026348999530     
   3.7740577581987278       0.99437047223492314       0.97690292858970107       0.99437047223492314     
   3.7895252080274111       0.99399436260923857       0.98399039294352164       0.99399436260923857     
   3.8049926578560944       0.99224948326470863       0.98209077971556469       0.99224948326470863     
   3.8204601076847777       0.98944023618599619       0.98034401012341688       0.98944023618599619     
   3.8359275575134610       0.98962696019507157       0.98449450387212789       0.98962696019507157     
   3.8513950073421443       0.98984333620569753       0.97492043504042236       0.98984333620569753     
   3.8668624571708277       0.99142933645555620       0.97604097404483103       0.99142933645555620     
   3.8823299069995110       0.99153218377314278       0.98258863497558879       0.99153218377314278     
   3.8977973568281943       0.99046399162036691       0.97507729688839540       0.99046399162036691     
   3.9132648066568776       0.99116197435260123       0.98294001052604962       0.99116197435260123     
   3.9287322564855609       0.98774926858753986       0.98021985579121573       0.98774926858753986     
   3.9441997063142442       0.99156387721683181       0.97362831845717734       0.99156387721683181     
   3.9596671561429275       0.99348931534347262       0.97889228391217475       0.99348931534347262     
   3.9751346059716108       0.99438575306036181       0.97374079206317132       0.99438575306036181     
   3.9906020558002941       0.99361520152366878       0.97197069453485907       0.99361520152366878     
   4.0060695056289770       0.99097497861339201       0.98292320587503135       0.99097497861339201     
   4.0215369554576608       0.99092532959512081       0.98583971386574820       0.99092532959512081     
   4.0370044052863445       0.98757416076403326       0.97117557002612032       0.98757416076403326     
   4.0524718551150274       0.98714991346470837       0.98676465069968367       0.98714991346470837     
   4.0679393049437103       0.98757148566290809       0.97286499036212659       0.98757148566290809     
   4.0834067547723940       0.98639150167160150       0.97063305344430784       0.98639150167160150     
   4.0988742046010778       0.98702059826159805       0.96863872953697350       0.98702059826159805     
   4.1143416544297606       0.98568172176224100       0.97602517503133146       0.98568172176224100     
   4.1298091042584435       0.98646112279963183       0.97947894282924874       0.98646112279963183     
   4.1452765540871273       0.98668499821886957       0.98458286988143062       0.98668499821886957     
   4.1607440039158110       0.98742008277114535       0.98262639207018243       0.98742008277114535     
   4.1762114537444939       0.98620801929404267       0.97215624835733894       0.98620801929404267     
   4.1916789035731767       0.98806764408412939       0.96984669646225941       0.98806764408412939     
   4.2071463534018605       0.99170085249675732       0.97186187152210834       0.99170085249675732     
   4.2226138032305442       0.99156394104019274       0.97533830285574952       0.99156394104019274     
   4.2380812530592271       0.99455325551981855       0.97824791957316704       0.99455325551981855     
   4.2535487028879100       0.99244812228816859       0.97588098326312556       0.99244812228816859     
   4.2690161527165937       0.99244328018277506       0.97294932031103232       0.99244328018277506     
   4.2844836025452775       0.99076592382728856       0.98717717169194796       0.99076592382728856     
   4.2999510523739604       0.99130437452434961       0.98188463880523802       0.99130437452434961     
   4.3154185022026432       0.99087708976491762       0.98511355401442635       0.99087708976491762     
   4.3308859520313270       0.98979107822296719       0.99016125147150247       0.98979107822296719     
   4.3463534018600107       0.98963301071213994       0.98622987851964738       0.98963301071213994     
   4.3618208516886936       0.99032825353593590       0.98757377531075108       0.99032825353593590     
   4.3772883015173765       0.98854627801308548       0.98990074884353119       0.98854627801308548     
   4.3927557513460602       0.99018506645670723        1.0001236559242206       0.99018506645670723     
   4.4082232011747440       0.98946287916785758       0.99838067432784938       0.98946287916785758     
   4.4236906510034268       0.99119416005572825       0.99785218525305819       0.99119416005572825     
   4.4391581008321097       0.99106940739366833       0.98817768834569786       0.99106940739366833     
   4.4546255506607935       0.99146868159408941       0.99237734804531574       0.99146868159408941     
   4.4700930004894772       0.98989043506632546       0.99843360903431455       0.98989043506632546     
   4.4855604503181601       0.99120379155352689       0.99916886243432657       0.99120379155352689     
   4.5010279001468430       0.99557196109489510        1.0150116688040183       0.99557196109489510     
   4.5164953499755267       0.99332455074047288        1.0152656584252377       0.99332455074047288     
   4.5319627998042105       0.99307777314060897        1.0098955644509784       0.99307777314060897     
   4.5474302496328933       0.99439362015062494        1.0057937166389446       0.99439362015062494     
   4.5628976994615762       0.99481484321259961       0.99336801875598579       0.99481484321259961     
   4.5783651492902600       0.99212722413436460       0.99862504872945868       0.99212722413436460     
   4.5938325991189437       0.99342693389161374        1.0057991314307073       0.99342693389161374     
   4.6093000489476266       0.99474914680299686       0.99441262597175961       0.99474914680299686     
   4.6247674987763094       0.99567494687230995       0.99120372093938980       0.99567494687230995     
   4.6402349486049932       0.99593825459097041       0.99228880820465892       0.99593825459097041     
