 dr, g(r), g_atom(r), g_cm(r)
   1.8560939794419973E-002   0.0000000000000000        0.0000000000000000        0.0000000000000000     
   3.7121879588839946E-002   0.0000000000000000        0.0000000000000000        0.0000000000000000     
   5.5682819383259918E-002   0.0000000000000000        0.0000000000000000        0.0000000000000000     
   7.4243759177679891E-002   0.0000000000000000        0.0000000000000000        0.0000000000000000     
   9.2804698972099864E-002   0.0000000000000000        0.0000000000000000        0.0000000000000000     
  0.11136563876651984        0.0000000000000000        0.0000000000000000        0.0000000000000000     
  0.12992657856093981        0.0000000000000000        0.0000000000000000        0.0000000000000000     
  0.14848751835535978        0.0000000000000000        0.0000000000000000        0.0000000000000000     
  0.16704845814977975        0.0000000000000000        0.0000000000000000        0.0000000000000000     
  0.18560939794419973        0.0000000000000000        0.0000000000000000        0.0000000000000000     
  0.20417033773861970        0.0000000000000000        0.0000000000000000        0.0000000000000000     
  0.22273127753303967        0.0000000000000000        0.0000000000000000        0.0000000000000000     
  0.24129221732745965        0.0000000000000000        0.0000000000000000        0.0000000000000000     
  0.25985315712187962        0.0000000000000000        0.0000000000000000        0.0000000000000000     
  0.27841409691629959        0.0000000000000000        0.0000000000000000        0.0000000000000000     
  0.29697503671071956        0.0000000000000000        0.0000000000000000        0.0000000000000000     
  0.31553597650513954        0.0000000000000000        0.0000000000000000        0.0000000000000000     
  0.33409691629955951        0.0000000000000000        0.0000000000000000        0.0000000000000000     
  0.35265785609397948        0.0000000000000000        0.0000000000000000        0.0000000000000000     
  0.37121879588839946        0.0000000000000000        0.0000000000000000        0.0000000000000000     
  0.38977973568281943        0.0000000000000000        0.0000000000000000        0.0000000000000000     
  0.40834067547723940        0.0000000000000000        0.0000000000000000        0.0000000000000000     
  0.42690161527165937        0.0000000000000000        0.0000000000000000        0.0000000000000000     
  0.44546255506607935        0.0000000000000000        0.0000000000000000        0.0000000000000000     
  0.46402349486049932        0.0000000000000000        0.0000000000000000        0.0000000000000000     
  0.48258443465491929        0.0000000000000000        0.0000000000000000        0.0000000000000000     
  0.50114537444933926        0.0000000000000000        0.0000000000000000        0.0000000000000000     
  0.51970631424375924        0.0000000000000000        0.0000000000000000        0.0000000000000000     
  0.53826725403817921        0.0000000000000000        0.0000000000000000        0.0000000000000000     
  0.55682819383259918        0.0000000000000000        0.0000000000000000        0.0000000000000000     
  0.57538913362701916        0.0000000000000000        0.0000000000000000        0.0000000000000000     
  0.59395007342143913        0.0000000000000000        0.0000000000000000        0.0000000000000000     
  0.61251101321585910        0.0000000000000000        0.0000000000000000        0.0000000000000000     
  0.63107195301027907        0.0000000000000000        0.0000000000000000        0.0000000000000000     
  0.64963289280469905        0.0000000000000000        0.0000000000000000        0.0000000000000000     
  0.66819383259911902        0.0000000000000000        0.0000000000000000        0.0000000000000000     
  0.68675477239353899        0.0000000000000000        0.0000000000000000        0.0000000000000000     
  0.70531571218795897        0.0000000000000000        0.0000000000000000        0.0000000000000000     
  0.72387665198237894        0.0000000000000000        0.0000000000000000        0.0000000000000000     
  0.74243759177679891        0.0000000000000000        0.0000000000000000        0.0000000000000000     
  0.76099853157121888        0.0000000000000000        0.0000000000000000        0.0000000000000000     
  0.77955947136563886        0.0000000000000000        0.0000000000000000        0.0000000000000000     
  0.79812041116005883        0.0000000000000000        0.0000000000000000        0.0000000000000000     
  0.81668135095447880        0.0000000000000000        0.0000000000000000        0.0000000000000000     
  0.83524229074889877        0.0000000000000000        0.0000000000000000        0.0000000000000000     
  0.85380323054331875        2.5556713281032475E-005   0.0000000000000000        2.5556713281032475E-005
  0.87236417033773872        7.5925223381234847E-004   0.0000000000000000        8.5722026398168374E-004
  0.89092511013215869        6.4369382656669681E-003   0.0000000000000000        14.101828221649312     
  0.90948604992657867        3.0468973625633503E-002   4.0595227628527255E-004   3.0468973625633503E-002
  0.92804698972099864        8.5612607850291692E-002   1.3651213096857449E-003   8.5612607850291692E-002
  0.94660792951541861       0.19208053448276455        6.0005633941898479E-003  0.19208053448276455     
  0.96516886930983858       0.34490548106505670        7.0372507035886137E-003  0.34490548106505670     
  0.98372980910425856       0.53659035622562290        1.3727044337654013E-002  0.53659035622562290     
   1.0022907488986785       0.71406663473165588        1.7581432735504939E-002  0.71406663473165588     
   1.0208516886930985       0.88364993890353960        3.3261333605261657E-002  0.88364993890353960     
   1.0394126284875185        1.0019024139137198        4.9387970815623537E-002   1.0019024139137198     
   1.0579735682819384        1.0944844005703052        7.8071203748513299E-002   1.0944844005703052     
   1.0765345080763584        1.1566293929914384       0.10419982790453240        1.1566293929914384     
   1.0950954478707784        1.1878366815945465       0.13753356200596006        1.1878366815945465     
   1.1136563876651984        1.1908961986507665       0.17609803829947446        1.1908961986507665     
   1.1322173274596183        1.1822161346134727       0.21012954888476762        1.1822161346134727     
   1.1507782672540383        1.1637302647483434       0.23019679882307589        1.1637302647483434     
   1.1693392070484583        1.1371518939828416       0.28011144996824705        1.1371518939828416     
   1.1879001468428783        1.1093914159599265       0.32026887810210597        1.1093914159599265     
   1.2064610866372982        1.0851789553185691       0.36133989998162386        1.0851789553185691     
   1.2250220264317182        1.0349684878913257       0.43389126011569984        1.0349684878913257     
   1.2435829662261382        1.0088361328932920       0.51151332165526586        1.0088361328932920     
   1.2621439060205581       0.98205799942606420       0.56282816017570614       0.98205799942606420     
   1.2807048458149781       0.93709186116339860       0.65084690192438677       0.93709186116339860     
   1.2992657856093981       0.91076338800302703       0.72497499499160556       0.91076338800302703     
   1.3178267254038181       0.89834025427309872       0.76953339953435251       0.89834025427309872     
   1.3363876651982380       0.88284490378377722       0.81222614276874128       0.88284490378377722     
   1.3549486049926580       0.87237586747258256       0.89393924929561919       0.87237586747258256     
   1.3735095447870780       0.86613959681163788       0.94098293124736876       0.86613959681163788     
   1.3920704845814980       0.84169970988079035        1.0159494459545657       0.84169970988079035     
   1.4106314243759179       0.83884688500126514        1.0720828624823395       0.83884688500126514     
   1.4291923641703379       0.83666973663243160        1.1355986508488887       0.83666973663243160     
   1.4477533039647579       0.83041167049308917        1.1871568828460652       0.83041167049308917     
   1.4663142437591778       0.82870466304227253        1.2231085915550322       0.82870466304227253     
   1.4848751835535978       0.82851413952451136        1.2790223271499839       0.82851413952451136     
   1.5034361233480178       0.82989707894019693        1.3495114383179372       0.82989707894019693     
   1.5219970631424378       0.82575737937185378        1.3847333541637468       0.82575737937185378     
   1.5405580029368577       0.83436917410812750        1.3862903816488510       0.83436917410812750     
   1.5591189427312777       0.84017739174223383        1.4263233668301876       0.84017739174223383     
   1.5776798825256977       0.85043108418140689        1.4488753083898096       0.85043108418140689     
   1.5962408223201177       0.86921350373203510        1.4483395839488469       0.86921350373203510     
   1.6148017621145376       0.87942795276875074        1.4762921913937319       0.87942795276875074     
   1.6333627019089576       0.89512096448023493        1.4829334806138947       0.89512096448023493     
   1.6519236417033776       0.91451229905563158        1.4376870138933191       0.91451229905563158     
   1.6704845814977975       0.93431036735226591        1.4430723977080966       0.93431036735226591     
   1.6890455212922175       0.95681794827711097        1.4343358460979416       0.95681794827711097     
   1.7076064610866375       0.98312516567102748        1.4241264167447003       0.98312516567102748     
   1.7261674008810575        1.0037640471647913        1.4445168004512225        1.0037640471647913     
   1.7447283406754774        1.0290439945465422        1.4128818042783586        1.0290439945465422     
   1.7632892804698974        1.0458824728891813        1.3910824634051977        1.0458824728891813     
   1.7818502202643174        1.0625651889116328        1.3849398297897744        1.0625651889116328     
   1.8004111600587374        1.0869679250438256        1.3410857639669675        1.0869679250438256     
   1.8189720998531573        1.1065887575984981        1.3426494065418939        1.1065887575984981     
   1.8375330396475773        1.1141475648627326        1.2705843723738948        1.1141475648627326     
   1.8560939794419973        1.1233217179692958        1.2546825857587705        1.1233217179692958     
   1.8746549192364172        1.1251557666282745        1.2241920459738942        1.1251557666282745     
   1.8932158590308372        1.1290874844044549        1.1802083325407025        1.1290874844044549     
   1.9117767988252572        1.1172590833472817        1.1684234579254360        1.1172590833472817     
   1.9303377386196772        1.1061906570258138        1.1383348286564530        1.1061906570258138     
   1.9488986784140971        1.0889690371096226        1.1272243815051639        1.0889690371096226     
   1.9674596182085171        1.0741450225131151        1.0854144244883712        1.0741450225131151     
   1.9860205580029371        1.0618621489500351        1.0329072715012391        1.0618621489500351     
   2.0045814977973571        1.0499977395479092        1.0159410437601248        1.0499977395479092     
   2.0231424375917770        1.0368021731951751       0.99435890086777790        1.0368021731951751     
   2.0417033773861970        1.0193073355506486       0.96483420899077754        1.0193073355506486     
   2.0602643171806170        1.0092003121225097       0.94504514957465857        1.0092003121225097     
   2.0788252569750370       0.99724651792655550       0.92018459486023663       0.99724651792655550     
   2.0973861967694569       0.99031280962621882       0.89458249986633220       0.99031280962621882     
   2.1159471365638769       0.98618269835718342       0.89522379303599897       0.98618269835718342     
   2.1345080763582969       0.97774249009098024       0.86633035139982129       0.97774249009098024     
   2.1530690161527168       0.96593165067151820       0.84455908468182372       0.96593165067151820     
   2.1716299559471368       0.96376578262717727       0.82977655767402603       0.96376578262717727     
   2.1901908957415568       0.96044503639803280       0.82422526245597316       0.96044503639803280     
   2.2087518355359768       0.95473167922839630       0.84183393160338560       0.95473167922839630     
   2.2273127753303967       0.94567628008889248       0.83189294241254985       0.94567628008889248     
   2.2458737151248167       0.94808991674362597       0.82357885437911715       0.94808991674362597     
   2.2644346549192367       0.94813734717459175       0.81058534518727177       0.94813734717459175     
   2.2829955947136567       0.94770385416381420       0.83452258061767604       0.94770385416381420     
   2.3015565345080766       0.94574650173264818       0.82774834148895160       0.94574650173264818     
   2.3201174743024966       0.94438355102305038       0.82670401356832801       0.94438355102305038     
   2.3386784140969166       0.94250329332454685       0.84995617085803798       0.94250329332454685     
   2.3572393538913365       0.94690552748895218       0.84680275538075178       0.94690552748895218     
   2.3758002936857565       0.94374452339973702       0.84768031284100998       0.94374452339973702     
   2.3943612334801765       0.94328971411451756       0.84368474732381582       0.94328971411451756     
   2.4129221732745965       0.94968534259170789       0.85168540056999009       0.94968534259170789     
   2.4314831130690164       0.95137431254686866       0.87507875784986300       0.95137431254686866     
   2.4500440528634364       0.95359679495389627       0.86160830597639970       0.95359679495389627     
   2.4686049926578564       0.95878100556050039       0.87456224661185444       0.95878100556050039     
   2.4871659324522764       0.96293943485502786       0.88426031536144389       0.96293943485502786     
   2.5057268722466963       0.96660324112153628       0.89582625497828994       0.96660324112153628     
   2.5242878120411163       0.96686834356817652       0.91702298116048930       0.96686834356817652     
   2.5428487518355363       0.97129685276648781       0.91149344077674865       0.97129685276648781     
   2.5614096916299562       0.97651118904828238       0.92290652629959258       0.97651118904828238     
   2.5799706314243762       0.97875058079115940       0.95125345497898695       0.97875058079115940     
   2.5985315712187962       0.97937739253754330       0.94282493627289365       0.97937739253754330     
   2.6170925110132162       0.98665636239938059       0.96049684901874954       0.98665636239938059     
   2.6356534508076361       0.99195614945755772       0.96842127890781993       0.99195614945755772     
   2.6542143906020561       0.99304381134023001       0.97091194295881300       0.99304381134023001     
   2.6727753303964761       0.99552561087119995       0.98641332703245044       0.99552561087119995     
   2.6913362701908961       0.99231164494348523       0.99235341065942229       0.99231164494348523     
   2.7098972099853160       0.99618862952492793       0.99868880181873720       0.99618862952492793     
   2.7284581497797360       0.99508924134608501        1.0038244667417080       0.99508924134608501     
   2.7470190895741560       0.99609165711863246        1.0108742797892476       0.99609165711863246     
   2.7655800293685759       0.99917391461629401       0.99161040930382505       0.99917391461629401     
   2.7841409691629959       0.99976144721311488        1.0037724675078106       0.99976144721311488     
   2.8027019089574159       0.99374327935249285        1.0095040265271862       0.99374327935249285     
   2.8212628487518359       0.99510571796444136        1.0039856470628234       0.99510571796444136     
   2.8398237885462558       0.99686674326451208        1.0035064548907240       0.99686674326451208     
   2.8583847283406758       0.99698255902355237        1.0132901010902291       0.99698255902355237     
   2.8769456681350958       0.99799568159972840        1.0258457671909493       0.99799568159972840     
   2.8955066079295158       0.99512452892197145        1.0097521433464507       0.99512452892197145     
   2.9140675477239357       0.99565850182916071        1.0138123787408571       0.99565850182916071     
   2.9326284875183557       0.99613721459568305        1.0095731126070431       0.99613721459568305     
   2.9511894273127757       0.99426439925873755        1.0132974364111815       0.99426439925873755     
   2.9697503671071956       0.99118089128944542        1.0034709791529657       0.99118089128944542     
   2.9883113069016156       0.99747066000061768        1.0135647401214483       0.99747066000061768     
   3.0068722466960356       0.98766579122645048        1.0027859862953807       0.98766579122645048     
   3.0254331864904556       0.99144595433653382        1.0022038682320329       0.99144595433653382     
   3.0439941262848755       0.98940667823388628        1.0002935519279428       0.98940667823388628     
   3.0625550660792955       0.98938593575989042        1.0034040674684934       0.98938593575989042     
   3.0811160058737155       0.98495464448887304        1.0189623154143872       0.98495464448887304     
   3.0996769456681355       0.98129105311378728        1.0091542141471692       0.98129105311378728     
   3.1182378854625554       0.98418461182812544        1.0092111039449774       0.98418461182812544     
   3.1367988252569754       0.98449896145810445        1.0140089443366807       0.98449896145810445     
   3.1553597650513954       0.98748896597697478        1.0147756382089406       0.98748896597697478     
   3.1739207048458153       0.98703379067586394        1.0189389873885466       0.98703379067586394     
   3.1924816446402353       0.98460989786923592        1.0194779891690144       0.98460989786923592     
   3.2110425844346553       0.98427998462164989        1.0108661698686505       0.98427998462164989     
   3.2296035242290753       0.98590558708844811        1.0098649530539183       0.98590558708844811     
   3.2481644640234952       0.98391009930695816        1.0150700693545966       0.98391009930695816     
   3.2667254038179152       0.98108749786574589        1.0018762115042588       0.98108749786574589     
   3.2852863436123352       0.98255089096271486        1.0070840997733153       0.98255089096271486     
   3.3038472834067552       0.98284466999024089       0.99531676342970188       0.98284466999024089     
   3.3224082232011751       0.98394393348845977       0.99498595495637399       0.98394393348845977     
   3.3409691629955951       0.98706183458656949        1.0053941557309845       0.98706183458656949     
   3.3595301027900151       0.99040711253324687        1.0081152411662586       0.99040711253324687     
   3.3780910425844350       0.98700639577749028       0.99778461061405943       0.98700639577749028     
   3.3966519823788550       0.98721166783995951        1.0128172530191020       0.98721166783995951     
   3.4152129221732750       0.98660448609320661        1.0071571227891298       0.98660448609320661     
   3.4337738619676950       0.98575544818296690        1.0009094277189019       0.98575544818296690     
   3.4523348017621149       0.98821226281959373       0.99363642227190740       0.98821226281959373     
   3.4708957415565349       0.98844338171377988       0.99452505099992228       0.98844338171377988     
   3.4894566813509549       0.98900902285115788       0.99444311272512120       0.98900902285115788     
   3.5080176211453749       0.99149749288260536       0.99709136614621130       0.99149749288260536     
   3.5265785609397948       0.99142919314169153        1.0004379497141840       0.99142919314169153     
   3.5451395007342148       0.99262528772912817        1.0070781209578790       0.99262528772912817     
   3.5637004405286348       0.99395783100617685        1.0049904730215040       0.99395783100617685     
   3.5822613803230547       0.99541207979226909       0.99308897143799013       0.99541207979226909     
   3.6008223201174747       0.99538889645372886       0.98880658143194267       0.99538889645372886     
   3.6193832599118947       0.99738749447743891       0.98899703500376701       0.99738749447743891     
   3.6379441997063147       0.99395842490267838       0.98417328189713971       0.99395842490267838     
   3.6565051395007346       0.99450871566481203       0.98547836582785775       0.99450871566481203     
   3.6750660792951546       0.99582216902512966       0.98068629028198095       0.99582216902512966     
   3.6936270190895746       0.99299250849404141       0.98451303563348636       0.99299250849404141     
   3.7121879588839946       0.99016961616769794       0.98419393207977202       0.99016961616769794     
   3.7307488986784145       0.99193775270877826       0.97849186013893397       0.99193775270877826     
   3.7493098384728345       0.99005418207155482       0.98412183236430684       0.99005418207155482     
   3.7678707782672545       0.99189472649271448       0.98458601727067074       0.99189472649271448     
   3.7864317180616744       0.99321858511729066       0.98464919066112055       0.99321858511729066     
   3.8049926578560944       0.99372517557256390       0.99094180760808348       0.99372517557256390     
   3.8235535976505144       0.99233385490530657       0.97827673584100139       0.99233385490530657     
   3.8421145374449344       0.99152636857166954       0.98858847273416439       0.99152636857166954     
   3.8606754772393543       0.98943527728846370       0.97830462936589746       0.98943527728846370     
   3.8792364170337743       0.99268369556097857       0.96981473910117455       0.99268369556097857     
   3.8977973568281943       0.99029596034697653       0.98978337705179931       0.99029596034697653     
   3.9163582966226143       0.98962115159539499       0.99914728797032026       0.98962115159539499     
   3.9349192364170342       0.99167603785867187       0.99282762974692595       0.99167603785867187     
   3.9534801762114542       0.99184874156003711       0.97309597900898903       0.99184874156003711     
   3.9720411160058742       0.99039930737287585       0.97567525650021913       0.99039930737287585     
   3.9906020558002941       0.98933977571175824       0.97153559613619678       0.98933977571175824     
   4.0091629955947141       0.99122150234404249       0.98239202694266281       0.99122150234404249     
   4.0277239353891341       0.99157950485740898       0.98202148713560788       0.99157950485740898     
   4.0462848751835541       0.99221470450919991       0.99230499013360196       0.99221470450919991     
   4.0648458149779740       0.98937573689985192       0.98750615089686244       0.98937573689985192     
   4.0834067547723940       0.98718611039285464       0.97231931186804654       0.98718611039285464     
   4.1019676945668140       0.98610958072008625       0.97816757565353729       0.98610958072008625     
   4.1205286343612340       0.98536521905603724       0.98238479442703808       0.98536521905603724     
   4.1390895741556539       0.98467985234755140       0.97940834556780421       0.98467985234755140     
   4.1576505139500739       0.98901897631597968       0.98124175970702598       0.98901897631597968     
   4.1762114537444939       0.98834997787045986       0.98470606995751109       0.98834997787045986     
   4.1947723935389138       0.98914503620089667       0.99378124288109115       0.98914503620089667     
   4.2133333333333338       0.98945979141364737       0.99594202050417546       0.98945979141364737     
   4.2318942731277538       0.98578434301836260       0.98913950741120327       0.98578434301836260     
   4.2504552129221738       0.98816713981868809       0.99029283514675714       0.98816713981868809     
   4.2690161527165937       0.98655758168763397       0.98551953796963288       0.98655758168763397     
   4.2875770925110137       0.98871293341830324       0.98737139759434012       0.98871293341830324     
   4.3061380323054337       0.98815109830893433       0.99348855978098660       0.98815109830893433     
   4.3246989720998537       0.98832987051919130       0.99172025797409258       0.98832987051919130     
   4.3432599118942736       0.98523676012757788       0.98867969375324083       0.98523676012757788     
   4.3618208516886936       0.98778027821365189       0.98547554425357209       0.98778027821365189     
   4.3803817914831136       0.98990279625650524       0.99732676094295492       0.98990279625650524     
   4.3989427312775335       0.99209961602716001       0.98919280150873501       0.99209961602716001     
   4.4175036710719535       0.98851623213244622       0.99547326274901804       0.98851623213244622     
   4.4360646108663735       0.99044369663777487       0.98757655660729571       0.99044369663777487     
   4.4546255506607935       0.98958202649961802       0.99108395548408112       0.98958202649961802     
   4.4731864904552134       0.99003570339334124       0.99791914907241086       0.99003570339334124     
   4.4917474302496334       0.98937226480191054        1.0045150897490938       0.98937226480191054     
   4.5103083700440534       0.99043199614330146       0.99747253796970048       0.99043199614330146     
   4.5288693098384734       0.99378103249051664       0.99724206080004096       0.99378103249051664     
   4.5474302496328933       0.99261684947015083       0.99639632935191036       0.99261684947015083     
   4.5659911894273133       0.99496395395144288       0.99027649351419500       0.99496395395144288     
   4.5845521292217333       0.99388571391401093       0.98953286128143503       0.99388571391401093     
   4.6031130690161532       0.99062154435446914       0.98760931259417972       0.99062154435446914     
   4.6216740088105732       0.99577036664513152       0.99720584279931790       0.99577036664513152     
   4.6402349486049932       0.99435115628361548       0.99705920658396574       0.99435115628361548     
