 dr, g(r), g_atom(r), g_cm(r)
   1.8560939794419973E-002   0.0000000000000000        0.0000000000000000        0.0000000000000000     
   3.7121879588839946E-002   0.0000000000000000        0.0000000000000000        0.0000000000000000     
   5.5682819383259918E-002   0.0000000000000000        0.0000000000000000        0.0000000000000000     
   7.4243759177679891E-002   0.0000000000000000        0.0000000000000000        0.0000000000000000     
   9.2804698972099864E-002   0.0000000000000000        0.0000000000000000        0.0000000000000000     
  0.11136563876651984        0.0000000000000000        0.0000000000000000        0.0000000000000000     
  0.12992657856093981        0.0000000000000000        0.0000000000000000        0.0000000000000000     
  0.14848751835535978        0.0000000000000000        0.0000000000000000        0.0000000000000000     
  0.16704845814977975        0.0000000000000000        0.0000000000000000        0.0000000000000000     
  0.18560939794419973        0.0000000000000000        0.0000000000000000        0.0000000000000000     
  0.20417033773861970        0.0000000000000000        0.0000000000000000        0.0000000000000000     
  0.22273127753303967        0.0000000000000000        0.0000000000000000        0.0000000000000000     
  0.24129221732745965        0.0000000000000000        0.0000000000000000        0.0000000000000000     
  0.25985315712187962        0.0000000000000000        0.0000000000000000        0.0000000000000000     
  0.27841409691629959        0.0000000000000000        0.0000000000000000        0.0000000000000000     
  0.29697503671071956        0.0000000000000000        0.0000000000000000        0.0000000000000000     
  0.31553597650513954        0.0000000000000000        0.0000000000000000        0.0000000000000000     
  0.33409691629955951        0.0000000000000000        0.0000000000000000        0.0000000000000000     
  0.35265785609397948        0.0000000000000000        0.0000000000000000        0.0000000000000000     
  0.37121879588839946        0.0000000000000000        0.0000000000000000        0.0000000000000000     
  0.38977973568281943        0.0000000000000000        0.0000000000000000        0.0000000000000000     
  0.40834067547723940        0.0000000000000000        0.0000000000000000        0.0000000000000000     
  0.42690161527165937        0.0000000000000000        0.0000000000000000        0.0000000000000000     
  0.44546255506607935        0.0000000000000000        0.0000000000000000        0.0000000000000000     
  0.46402349486049932        0.0000000000000000        0.0000000000000000        0.0000000000000000     
  0.48258443465491929        0.0000000000000000        0.0000000000000000        0.0000000000000000     
  0.50114537444933926        0.0000000000000000        0.0000000000000000        0.0000000000000000     
  0.51970631424375924        0.0000000000000000        0.0000000000000000        0.0000000000000000     
  0.53826725403817921        0.0000000000000000        0.0000000000000000        0.0000000000000000     
  0.55682819383259918        0.0000000000000000        0.0000000000000000        0.0000000000000000     
  0.57538913362701916        0.0000000000000000        0.0000000000000000        0.0000000000000000     
  0.59395007342143913        0.0000000000000000        0.0000000000000000        0.0000000000000000     
  0.61251101321585910        0.0000000000000000        0.0000000000000000        0.0000000000000000     
  0.63107195301027907        0.0000000000000000        0.0000000000000000        0.0000000000000000     
  0.64963289280469905        0.0000000000000000        0.0000000000000000        0.0000000000000000     
  0.66819383259911902        0.0000000000000000        0.0000000000000000        0.0000000000000000     
  0.68675477239353899        0.0000000000000000        0.0000000000000000        0.0000000000000000     
  0.70531571218795897        0.0000000000000000        0.0000000000000000        0.0000000000000000     
  0.72387665198237894        0.0000000000000000        0.0000000000000000        0.0000000000000000     
  0.74243759177679891        0.0000000000000000        0.0000000000000000        0.0000000000000000     
  0.76099853157121888        0.0000000000000000        0.0000000000000000        0.0000000000000000     
  0.77955947136563886        0.0000000000000000        0.0000000000000000        0.0000000000000000     
  0.79812041116005883        0.0000000000000000        0.0000000000000000        0.0000000000000000     
  0.81668135095447880        0.0000000000000000        0.0000000000000000        0.0000000000000000     
  0.83524229074889877        0.0000000000000000        0.0000000000000000        0.0000000000000000     
  0.85380323054331875        2.5556713281032475E-005   0.0000000000000000        2.5556713281032475E-005
  0.87236417033773872        1.1756163620320233E-003   0.0000000000000000        1.1756163620320233E-003
  0.89092511013215869        6.4369382656669681E-003   6.3429683639784011E-004   14.101922191550999     
  0.90948604992657867        3.0536632338347715E-002   4.0595227628527255E-004   3.0536632338347715E-002
  0.92804698972099864        8.8472862022966586E-002   1.3651213096857449E-003   8.8472862022966586E-002
  0.94660792951541861       0.19147631108543295        2.4377288788896257E-003  0.19147631108543295     
  0.96516886930983858       0.34444435067707230        7.2176930293216552E-003  0.34444435067707230     
  0.98372980910425856       0.52989094077531917        1.7897285655422319E-002  0.52989094077531917     
   1.0022907488986785       0.71706198993844561        2.4614005829706912E-002  0.71706198993844561     
   1.0208516886930985       0.88666391088071539        3.7620828786533812E-002  0.88666391088071539     
   1.0394126284875185        1.0114753364026929        6.2475004091687818E-002   1.0114753364026929     
   1.0579735682819384        1.1025238458717470        8.8450612339356111E-002   1.1025238458717470     
   1.0765345080763584        1.1523503050641639       0.10870498085437968        1.1523503050641639     
   1.0950954478707784        1.1938774815600790       0.13809549688647471        1.1938774815600790     
   1.1136563876651984        1.1964219087002872       0.17297284163212268        1.1964219087002872     
   1.1322173274596183        1.1782274427176627       0.21236496961758430        1.1782274427176627     
   1.1507782672540383        1.1659654598204947       0.25973532610568295        1.1659654598204947     
   1.1693392070484583        1.1322592971024334       0.29626935395144405        1.1322592971024334     
   1.1879001468428783        1.1008370981175410       0.33628829940321919        1.1008370981175410     
   1.2064610866372982        1.0668369591836162       0.38672759266560708        1.0668369591836162     
   1.2250220264317182        1.0319569161590554       0.46650620709173746        1.0319569161590554     
   1.2435829662261382        1.0004309844153885       0.54175002462123012        1.0004309844153885     
   1.2621439060205581       0.97233010529957054       0.58731277505340640       0.97233010529957054     
   1.2807048458149781       0.94371599511221504       0.66515914988633729       0.94371599511221504     
   1.2992657856093981       0.91611133635960951       0.70446155482966222       0.91611133635960951     
   1.3178267254038181       0.90823101225278591       0.80737770957466393       0.90823101225278591     
   1.3363876651982380       0.88243487971356926       0.86455152218988685       0.88243487971356926     
   1.3549486049926580       0.87286687426931198       0.94208860329990440       0.87286687426931198     
   1.3735095447870780       0.86376993955532499       0.95558917996590231       0.86376993955532499     
   1.3920704845814980       0.85018243598875487        1.0399434426599510       0.85018243598875487     
   1.4106314243759179       0.84341717702963925        1.0636693703391964       0.84341717702963925     
   1.4291923641703379       0.83286067013549059        1.1371719609237121       0.83286067013549059     
   1.4477533039647579       0.83947804413097804        1.1859462394819553       0.83947804413097804     
   1.4663142437591778       0.83147636751461773        1.2264136524084910       0.83147636751461773     
   1.4848751835535978       0.82615197541062968        1.2618305478951628       0.82615197541062968     
   1.5034361233480178       0.82556252211241732        1.2963486396048631       0.82556252211241732     
   1.5219970631424378       0.83802552418652065        1.3446162770431189       0.83802552418652065     
   1.5405580029368577       0.84365042253248579        1.3614664106282788       0.84365042253248579     
   1.5591189427312777       0.84587361459381805        1.3538126169708222       0.84587361459381805     
   1.5776798825256977       0.85626698314040250        1.3939029544651773       0.85626698314040250     
   1.5962408223201177       0.86948677395812324        1.4024745000567591       0.86948677395812324     
   1.6148017621145376       0.88240891766967489        1.4366662899262419       0.88240891766967489     
   1.6333627019089576       0.89261621188781071        1.4415309786072892       0.89261621188781071     
   1.6519236417033776       0.90932435964034919        1.4419091135238415       0.90932435964034919     
   1.6704845814977975       0.92766433735477927        1.4149566545613685       0.92766433735477927     
   1.6890455212922175       0.94891047102796644        1.4001779205851517       0.94891047102796644     
   1.7076064610866375       0.97680217355314514        1.4121521293222756       0.97680217355314514     
   1.7261674008810575       0.99667796971256273        1.4121458792800696       0.99667796971256273     
   1.7447283406754774        1.0179796042099121        1.4232964401489114        1.0179796042099121     
   1.7632892804698974        1.0391930907556453        1.3787034709243877        1.0391930907556453     
   1.7818502202643174        1.0605059885511161        1.3724956132018673        1.0605059885511161     
   1.8004111600587374        1.0858459791474957        1.3573045673387836        1.0858459791474957     
   1.8189720998531573        1.0981020796656795        1.3408552430862981        1.0981020796656795     
   1.8375330396475773        1.1129307225007319        1.2776174979524311        1.1129307225007319     
   1.8560939794419973        1.1188352374166961        1.2518265578947985        1.1188352374166961     
   1.8746549192364172        1.1261534781571856        1.2385784025359348        1.1261534781571856     
   1.8932158590308372        1.1224021671926872        1.2141030486009947        1.1224021671926872     
   1.9117767988252572        1.1213138522944917        1.1891306367474477        1.1213138522944917     
   1.9303377386196772        1.1086955948339319        1.1645683591560176        1.1086955948339319     
   1.9488986784140971        1.0945546649415479        1.0965704559635583        1.0945546649415479     
   1.9674596182085171        1.0820477332800260        1.0788808023315108        1.0820477332800260     
   1.9860205580029371        1.0639518733835815        1.0391477529332258        1.0639518733835815     
   2.0045814977973571        1.0452002284390027        1.0116317333902853        1.0452002284390027     
   2.0231424375917770        1.0334008120291833       0.99091605968756657        1.0334008120291833     
   2.0417033773861970        1.0201717728365356       0.95978336076538573        1.0201717728365356     
   2.0602643171806170        1.0097915015231100       0.94668536678384296        1.0097915015231100     
   2.0788252569750370        1.0011587782850699       0.92537183292487413        1.0011587782850699     
   2.0973861967694569       0.99628415714305707       0.91384781717820041       0.99628415714305707     
   2.1159471365638769       0.98954217968351843       0.90349393401751643       0.98954217968351843     
   2.1345080763582969       0.97855027469944933       0.88526979360454261       0.97855027469944933     
   2.1530690161527168       0.96782905131398178       0.88146067700510200       0.96782905131398178     
   2.1716299559471368       0.96681181101222124       0.88262374922164244       0.96681181101222124     
   2.1901908957415568       0.96125966323127965       0.85564152337292765       0.96125966323127965     
   2.2087518355359768       0.95897685743997629       0.84604815135945732       0.95897685743997629     
   2.2273127753303967       0.95532409629150583       0.84463491032037996       0.95532409629150583     
   2.2458737151248167       0.95281041371129516       0.83432631416831482       0.95281041371129516     
   2.2644346549192367       0.94977609853688449       0.84674467019031030       0.94977609853688449     
   2.2829955947136567       0.95113139385184309       0.83892475896963714       0.95113139385184309     
   2.3015565345080766       0.94721537329262040       0.83599470051374747       0.94721537329262040     
   2.3201174743024966       0.94709221539141786       0.83519841309658926       0.94709221539141786     
   2.3386784140969166       0.94925810400944155       0.84762513956340413       0.94925810400944155     
   2.3572393538913365       0.95043752668141390       0.84417160295056382       0.95043752668141390     
   2.3758002936857565       0.94874452098107553       0.85758994660161447       0.94874452098107553     
   2.3943612334801765       0.94336879967388432       0.86133071275750783       0.94336879967388432     
   2.4129221732745965       0.94595692520874197       0.87028854839988012       0.94595692520874197     
   2.4314831130690164       0.95480016638934118       0.86601878057056292       0.95480016638934118     
   2.4500440528634364       0.95617476417346137       0.87039039892217085       0.95617476417346137     
   2.4686049926578564       0.95925231557707535       0.87146462354239096       0.95925231557707535     
   2.4871659324522764       0.96342209135758983       0.89300311859139558       0.96342209135758983     
   2.5057268722466963       0.96437293082036057       0.88060235551358490       0.96437293082036057     
   2.5242878120411163       0.96612389599205317       0.90490420508064817       0.96612389599205317     
   2.5428487518355363       0.97319091977378747       0.89878740793611345       0.97319091977378747     
   2.5614096916299562       0.97546254621276218       0.91033145493408330       0.97546254621276218     
   2.5799706314243762       0.97626297548170338       0.91478277576740674       0.97626297548170338     
   2.5985315712187962       0.97693067071972117       0.94708290410459561       0.97693067071972117     
   2.6170925110132162       0.97861365064677885       0.95383966962709710       0.97861365064677885     
   2.6356534508076361       0.98294551620244874       0.95477878283175188       0.98294551620244874     
   2.6542143906020561       0.98528007965265396       0.95079279451022747       0.98528007965265396     
   2.6727753303964761       0.98509531444119336       0.96902508862972447       0.98509531444119336     
   2.6913362701908961       0.98208426525345049       0.97473349924856600       0.98208426525345049     
   2.7098972099853160       0.98549788249722903       0.97192331160849399       0.98549788249722903     
   2.7284581497797360       0.98885850337124848       0.97648338905677523       0.98885850337124848     
   2.7470190895741560       0.99256327388075716       0.98604278156189973       0.99256327388075716     
   2.7655800293685759       0.99021836828031395       0.99470355907365149       0.99021836828031395     
   2.7841409691629959       0.99436950387292167        1.0040359651914037       0.99436950387292167     
   2.8027019089574159       0.99168229560951426       0.98826818936238392       0.99168229560951426     
   2.8212628487518359       0.99364434349414299        1.0048624717450025       0.99364434349414299     
   2.8398237885462558       0.99397726084717086       0.99464099747388157       0.99397726084717086     
   2.8583847283406758       0.99230374833122503       0.99639220933204165       0.99230374833122503     
   2.8769456681350958       0.99602108173506287        1.0022945500550942       0.99602108173506287     
   2.8955066079295158       0.99475449517746817        1.0024011071294288       0.99475449517746817     
   2.9140675477239357       0.99798649316217358        1.0090606031300278       0.99798649316217358     
   2.9326284875183557       0.99787499446290218        1.0089197953658229       0.99787499446290218     
   2.9511894273127757       0.99764438166106606        1.0136102368391604       0.99764438166106606     
   2.9697503671071956       0.99793625639369132        1.0159047981889167       0.99793625639369132     
   2.9883113069016156       0.99628627469420061        1.0022569326431872       0.99628627469420061     
   3.0068722466960356       0.99468700291589829        1.0136160222098047       0.99468700291589829     
   3.0254331864904556       0.99387702788401777        1.0133111455880119       0.99387702788401777     
   3.0439941262848755       0.99312344996961732        1.0183239792107832       0.99312344996961732     
   3.0625550660792955       0.99297117180568584        1.0132821291906176       0.99297117180568584     
   3.0811160058737155       0.99294824123045045        1.0012189227468609       0.99294824123045045     
   3.0996769456681355       0.99187613917298378        1.0024178921668097       0.99187613917298378     
   3.1182378854625554       0.99260073812407079        1.0126094750163743       0.99260073812407079     
   3.1367988252569754       0.99264488620655766        1.0174019576203339       0.99264488620655766     
   3.1553597650513954       0.99114645220898689        1.0209005969613019       0.99114645220898689     
   3.1739207048458153       0.98958154679990828        1.0115155475315414       0.98958154679990828     
   3.1924816446402353       0.98966321751912656        1.0232220143120427       0.98966321751912656     
   3.2110425844346553       0.98670692405657157        1.0162359110540859       0.98670692405657157     
   3.2296035242290753       0.99001798848806599        1.0222947135066911       0.99001798848806599     
   3.2481644640234952       0.98715940579375916        1.0411811446182160       0.98715940579375916     
   3.2667254038179152       0.98374662251325251        1.0207473042328621       0.98374662251325251     
   3.2852863436123352       0.98017772791697655        1.0237383371120330       0.98017772791697655     
   3.3038472834067552       0.98167221342438427        1.0144853876395363       0.98167221342438427     
   3.3224082232011751       0.98242947170589245        1.0006356006095749       0.98242947170589245     
   3.3409691629955951       0.98096236874318343        1.0098517186443376       0.98096236874318343     
   3.3595301027900151       0.98346041296245301        1.0070583899878960       0.98346041296245301     
   3.3780910425844350       0.98667455418769445        1.0039817523034971       0.98667455418769445     
   3.3966519823788550       0.98808148966696530        1.0088439725602696       0.98808148966696530     
   3.4152129221732750       0.98743405934372930        1.0171509641398491       0.98743405934372930     
   3.4337738619676950       0.98841654865891471        1.0177914362905156       0.98841654865891471     
   3.4523348017621149       0.98948965713701031        1.0096086176363208       0.98948965713701031     
   3.4708957415565349       0.98901712409926501        1.0025888823356448       0.98901712409926501     
   3.4894566813509549       0.98984575449173950        1.0080485558325716       0.98984575449173950     
   3.5080176211453749       0.99376582003268910        1.0139745528243453       0.99376582003268910     
   3.5265785609397948       0.98827551922998913        1.0070163520794928       0.98827551922998913     
   3.5451395007342148       0.99025038780539643        1.0179279175637599       0.99025038780539643     
   3.5637004405286348       0.99183421891779810       0.99746089617162736       0.99183421891779810     
   3.5822613803230547       0.99157171896772411       0.99435088861899934       0.99157171896772411     
   3.6008223201174747       0.99389012698804902       0.99520921941252205       0.99389012698804902     
   3.6193832599118947       0.99071329821163345       0.99739038624358534       0.99071329821163345     
   3.6379441997063147       0.98831948041798878       0.98328450409891832       0.98831948041798878     
   3.6565051395007346       0.98627599478270633       0.97501001707585655       0.98627599478270633     
   3.6750660792951546       0.98927665882365867       0.98413225526269976       0.98927665882365867     
   3.6936270190895746       0.99051406424054700       0.98236366212961557       0.99051406424054700     
   3.7121879588839946       0.99153328734672330       0.98513420535240637       0.99153328734672330     
   3.7307488986784145       0.99310009629159512       0.97996180284319878       0.99310009629159512     
   3.7493098384728345       0.99252172689526486       0.97714775018915712       0.99252172689526486     
   3.7678707782672545       0.99250322957930426       0.98059872072959575       0.99250322957930426     
   3.7864317180616744       0.99447261061288128       0.97637182953954005       0.99447261061288128     
   3.8049926578560944       0.99489243660891402       0.98009491665482651       0.99489243660891402     
   3.8235535976505144       0.99451493090652576       0.98331537130905877       0.99451493090652576     
   3.8421145374449344       0.99511499101014278       0.97915101179350150       0.99511499101014278     
   3.8606754772393543       0.99459890130187900       0.97822454361679723       0.99459890130187900     
   3.8792364170337743       0.99583898955912142       0.98779840397566554       0.99583898955912142     
   3.8977973568281943       0.99267180262754295       0.98237523891711964       0.99267180262754295     
   3.9163582966226143       0.99235755310887686       0.98074606876340664       0.99235755310887686     
   3.9349192364170342       0.99060032131268327       0.97530409707114729       0.99060032131268327     
   3.9534801762114542       0.98890877199795468       0.96258846717617719       0.98890877199795468     
   3.9720411160058742       0.99314978265620923       0.97148108196336314       0.99314978265620923     
   3.9906020558002941       0.98972889258926178       0.97906447223394966       0.98972889258926178     
   4.0091629955947141       0.99059427829363078       0.97209942175451391       0.99059427829363078     
   4.0277239353891341       0.98907259871820274       0.98084396551942898       0.98907259871820274     
   4.0462848751835541       0.99075277189869160       0.97266786682618023       0.99075277189869160     
   4.0648458149779740       0.98751188582325189       0.97030825363991424       0.98751188582325189     
   4.0834067547723940       0.98490380676611033       0.97584847160960086       0.98490380676611033     
   4.1019676945668140       0.98678540018398209       0.97754920084407260       0.98678540018398209     
   4.1205286343612340       0.98463853125323630       0.97366454079342690       0.98463853125323630     
   4.1390895741556539       0.98459024226378233       0.97052699059869374       0.98459024226378233     
   4.1576505139500739       0.98606948912042269       0.97490639278660651       0.98606948912042269     
   4.1762114537444939       0.98786419593276587       0.97104223035431825       0.98786419593276587     
   4.1947723935389138       0.98673644927317494       0.98269054028367464       0.98673644927317494     
   4.2133333333333338       0.98546325320151662       0.98621707526343616       0.98546325320151662     
   4.2318942731277538       0.98613361880689177       0.99063504283299619       0.98613361880689177     
   4.2504552129221738       0.98924362718620973       0.97934854691028705       0.98924362718620973     
   4.2690161527165937       0.98958746280039733       0.97986542409082011       0.98958746280039733     
   4.2875770925110137       0.98926254033157945       0.97873132943985319       0.98926254033157945     
   4.3061380323054337       0.98760211979706081       0.98163798453026274       0.98760211979706081     
   4.3246989720998537       0.98993232270639575       0.98584561352308886       0.98993232270639575     
   4.3432599118942736       0.99011877167266527       0.98967458700759170       0.99011877167266527     
   4.3618208516886936       0.98938253165412238       0.99298162333756734       0.98938253165412238     
   4.3803817914831136       0.99009051961163230       0.99076434765477306       0.99009051961163230     
   4.3989427312775335       0.98999714755512080       0.98679445909515062       0.98999714755512080     
   4.4175036710719535       0.99085272963738336       0.98897673101699535       0.99085272963738336     
   4.4360646108663735       0.99205646290491933       0.99180790036195432       0.99205646290491933     
   4.4546255506607935       0.99294416905453198       0.98958775905299401       0.99294416905453198     
   4.4731864904552134       0.99274753290457884       0.98468405661504987       0.99274753290457884     
   4.4917474302496334       0.99182872157316138       0.99478041656876182       0.99182872157316138     
   4.5103083700440534       0.99206211365116104       0.99924245972351711       0.99206211365116104     
   4.5288693098384734       0.99134888359031403        1.0032489416641672       0.99134888359031403     
   4.5474302496328933       0.99335404059701515        1.0049950586898873       0.99335404059701515     
   4.5659911894273133       0.99319228671594439       0.99761054104348623       0.99319228671594439     
   4.5845521292217333       0.99219960374400373       0.99679964427737244       0.99219960374400373     
   4.6031130690161532       0.99099740214987064       0.99927969714139775       0.99099740214987064     
   4.6216740088105732       0.99400820204027107       0.99222828262830887       0.99400820204027107     
   4.6402349486049932       0.99519307371032595       0.99159026597740485       0.99519307371032595     
