 dr, g(r), g_atom(r), g_cm(r)
   1.1600587371512483E-002   0.0000000000000000        0.0000000000000000        0.0000000000000000     
   2.3201174743024966E-002   0.0000000000000000        0.0000000000000000        0.0000000000000000     
   3.4801762114537449E-002   0.0000000000000000        0.0000000000000000        0.0000000000000000     
   4.6402349486049932E-002   0.0000000000000000        0.0000000000000000        0.0000000000000000     
   5.8002936857562415E-002   0.0000000000000000        0.0000000000000000        0.0000000000000000     
   6.9603524229074898E-002   0.0000000000000000        0.0000000000000000        0.0000000000000000     
   8.1204111600587381E-002   0.0000000000000000        0.0000000000000000        0.0000000000000000     
   9.2804698972099864E-002   0.0000000000000000        0.0000000000000000        0.0000000000000000     
  0.10440528634361235        0.0000000000000000        0.0000000000000000        0.0000000000000000     
  0.11600587371512483        0.0000000000000000        0.0000000000000000        0.0000000000000000     
  0.12760646108663731        0.0000000000000000        0.0000000000000000        0.0000000000000000     
  0.13920704845814980        0.0000000000000000        0.0000000000000000        0.0000000000000000     
  0.15080763582966228        0.0000000000000000        0.0000000000000000        0.0000000000000000     
  0.16240822320117476        0.0000000000000000        0.0000000000000000        0.0000000000000000     
  0.17400881057268724        0.0000000000000000        0.0000000000000000        0.0000000000000000     
  0.18560939794419973        0.0000000000000000        0.0000000000000000        0.0000000000000000     
  0.19720998531571221        0.0000000000000000        0.0000000000000000        0.0000000000000000     
  0.20881057268722469        0.0000000000000000        0.0000000000000000        0.0000000000000000     
  0.22041116005873718        0.0000000000000000        0.0000000000000000        0.0000000000000000     
  0.23201174743024966        0.0000000000000000        0.0000000000000000        0.0000000000000000     
  0.24361233480176214        0.0000000000000000        0.0000000000000000        0.0000000000000000     
  0.25521292217327463        0.0000000000000000        0.0000000000000000        0.0000000000000000     
  0.26681350954478711        0.0000000000000000        0.0000000000000000        0.0000000000000000     
  0.27841409691629959        0.0000000000000000        0.0000000000000000        0.0000000000000000     
  0.29001468428781207        0.0000000000000000        0.0000000000000000        0.0000000000000000     
  0.30161527165932456        0.0000000000000000        0.0000000000000000        0.0000000000000000     
  0.31321585903083704        0.0000000000000000        0.0000000000000000        0.0000000000000000     
  0.32481644640234952        0.0000000000000000        0.0000000000000000        0.0000000000000000     
  0.33641703377386201        0.0000000000000000        0.0000000000000000        0.0000000000000000     
  0.34801762114537449        0.0000000000000000        0.0000000000000000        0.0000000000000000     
  0.35961820851688697        0.0000000000000000        0.0000000000000000        0.0000000000000000     
  0.37121879588839946        0.0000000000000000        0.0000000000000000        0.0000000000000000     
  0.38281938325991194        0.0000000000000000        0.0000000000000000        0.0000000000000000     
  0.39441997063142442        0.0000000000000000        0.0000000000000000        0.0000000000000000     
  0.40602055800293690        0.0000000000000000        0.0000000000000000        0.0000000000000000     
  0.41762114537444939        0.0000000000000000        0.0000000000000000        0.0000000000000000     
  0.42922173274596187        0.0000000000000000        0.0000000000000000        0.0000000000000000     
  0.44082232011747435        0.0000000000000000        0.0000000000000000        0.0000000000000000     
  0.45242290748898684        0.0000000000000000        0.0000000000000000        0.0000000000000000     
  0.46402349486049932        0.0000000000000000        0.0000000000000000        0.0000000000000000     
  0.47562408223201180        0.0000000000000000        0.0000000000000000        0.0000000000000000     
  0.48722466960352429        0.0000000000000000        0.0000000000000000        0.0000000000000000     
  0.49882525697503677        0.0000000000000000        0.0000000000000000        0.0000000000000000     
  0.51042584434654925        0.0000000000000000        0.0000000000000000        0.0000000000000000     
  0.52202643171806173        0.0000000000000000        0.0000000000000000        0.0000000000000000     
  0.53362701908957422        0.0000000000000000        0.0000000000000000        0.0000000000000000     
  0.54522760646108670        0.0000000000000000        0.0000000000000000        0.0000000000000000     
  0.55682819383259918        0.0000000000000000        0.0000000000000000        0.0000000000000000     
  0.56842878120411167        0.0000000000000000        0.0000000000000000        0.0000000000000000     
  0.58002936857562415        0.0000000000000000        0.0000000000000000        0.0000000000000000     
  0.59162995594713663        0.0000000000000000        0.0000000000000000        0.0000000000000000     
  0.60323054331864912        0.0000000000000000        0.0000000000000000        0.0000000000000000     
  0.61483113069016160        0.0000000000000000        0.0000000000000000        0.0000000000000000     
  0.62643171806167408        0.0000000000000000        0.0000000000000000        0.0000000000000000     
  0.63803230543318656        0.0000000000000000        0.0000000000000000        0.0000000000000000     
  0.64963289280469905        0.0000000000000000        0.0000000000000000        0.0000000000000000     
  0.66123348017621153        0.0000000000000000        0.0000000000000000        0.0000000000000000     
  0.67283406754772401        0.0000000000000000        0.0000000000000000        0.0000000000000000     
  0.68443465491923650        0.0000000000000000        0.0000000000000000        0.0000000000000000     
  0.69603524229074898        0.0000000000000000        0.0000000000000000        0.0000000000000000     
  0.70763582966226146        0.0000000000000000        0.0000000000000000        0.0000000000000000     
  0.71923641703377394        0.0000000000000000        0.0000000000000000        0.0000000000000000     
  0.73083700440528643        0.0000000000000000        0.0000000000000000        0.0000000000000000     
  0.74243759177679891        0.0000000000000000        0.0000000000000000        0.0000000000000000     
  0.75403817914831139        0.0000000000000000        0.0000000000000000        0.0000000000000000     
  0.76563876651982388        0.0000000000000000        0.0000000000000000        0.0000000000000000     
  0.77723935389133636        0.0000000000000000        0.0000000000000000        0.0000000000000000     
  0.78883994126284884        0.0000000000000000        0.0000000000000000        0.0000000000000000     
  0.80044052863436133        0.0000000000000000        0.0000000000000000        0.0000000000000000     
  0.81204111600587381        0.0000000000000000        0.0000000000000000        0.0000000000000000     
  0.82364170337738629        0.0000000000000000        0.0000000000000000        0.0000000000000000     
  0.83524229074889877        0.0000000000000000        0.0000000000000000        0.0000000000000000     
  0.84684287812041126        0.0000000000000000        0.0000000000000000        0.0000000000000000     
  0.85844346549192374        1.6312800204802599E-004   0.0000000000000000        1.6312800204802599E-004
  0.87004405286343622        7.5446820185854529E-004   0.0000000000000000        7.5446820185854529E-004
  0.88164464023494871        3.5970086813729043E-003   0.0000000000000000        23.208789595010145     
  0.89324522760646119        1.0552034260897810E-002   6.7834505962914517E-004   1.1833352706863974E-002
  0.90484581497797367        2.6814226001166053E-002   6.6117269591916303E-004   2.6814226001166053E-002
  0.91644640234948616        5.6370558329571822E-002   9.6696637541196918E-004   5.6370558329571822E-002
  0.92804698972099864       0.10160941887446362        1.8861837811003910E-003  0.10160941887446362     
  0.93964757709251112       0.17686189892241336        2.7602724109278393E-003  0.17686189892241336     
  0.95124816446402360       0.25973197105654200        3.2923770978998284E-003  0.25973197105654200     
  0.96284875183553609       0.36869994765488351        3.2139909146635089E-003  0.36869994765488351     
  0.97444933920704857       0.49396059533014797        5.4208228598033176E-003  0.49396059533014797     
  0.98604992657856105       0.61769138182899130        8.3601520423995015E-003  0.61769138182899130     
  0.99765051395007354       0.73360500045624999        1.6880477948642787E-002  0.73360500045624999     
   1.0092511013215861       0.84642426843758045        2.9800756639367137E-002  0.84642426843758045     
   1.0208516886930985       0.92450799190995403        3.7454278134270109E-002  0.92450799190995403     
   1.0324522760646109        1.0054376705915269        4.4505897281741806E-002   1.0054376705915269     
   1.0440528634361235        1.0630452503789134        5.0989691588433542E-002   1.0630452503789134     
   1.0556534508076361        1.1148259771396150        6.6183921232879278E-002   1.1148259771396150     
   1.0672540381791484        1.1598190942699549        7.9998470440954886E-002   1.1598190942699549     
   1.0788546255506608        1.1735662862376635        9.8336600519142364E-002   1.1735662862376635     
   1.0904552129221734        1.2066001326330524       0.10835676764570834        1.2066001326330524     
   1.1020558002936860        1.2141247961881350       0.13826429353156380        1.2141247961881350     
   1.1136563876651984        1.2074924936117444       0.16166500744835058        1.2074924936117444     
   1.1252569750367107        1.1897319839122393       0.19458211128629108        1.1897319839122393     
   1.1368575624082233        1.1806988947813581       0.22025683703749935        1.1806988947813581     
   1.1484581497797359        1.1613154113379416       0.24301337770427572        1.1613154113379416     
   1.1600587371512483        1.1504439154523762       0.29427250518759429        1.1504439154523762     
   1.1716593245227607        1.1293809569443225       0.32073426083055900        1.1293809569443225     
   1.1832599118942733        1.1104250663653887       0.33118205157386849        1.1104250663653887     
   1.1948604992657859        1.0905293861286660       0.35200792566396921        1.0905293861286660     
   1.2064610866372982        1.0694471159506442       0.39343300141213650        1.0694471159506442     
   1.2180616740088106        1.0542112788073652       0.43652619891971328        1.0542112788073652     
   1.2296622613803232        1.0321720593371515       0.48997290077233141        1.0321720593371515     
   1.2412628487518358        1.0094934824941484       0.54065947335582731        1.0094934824941484     
   1.2528634361233482       0.99264399183014818       0.57209796096761778       0.99264399183014818     
   1.2644640234948605       0.97469081106774835       0.61878358747997630       0.97469081106774835     
   1.2760646108663731       0.95681414993800440       0.65418325526334409       0.95681414993800440     
   1.2876651982378857       0.94806738091105669       0.66363988389552964       0.94806738091105669     
   1.2992657856093981       0.92855152253125706       0.71161109670826073       0.92855152253125706     
   1.3108663729809105       0.91749768323455549       0.77123783078718322       0.91749768323455549     
   1.3224669603524231       0.90385515624052970       0.83318832744084148       0.90385515624052970     
   1.3340675477239357       0.90028491047670645       0.86891178245937817       0.90028491047670645     
   1.3456681350954480       0.89148344752672848       0.88753086068451248       0.89148344752672848     
   1.3572687224669604       0.88255480731243852       0.91454129147707552       0.88255480731243852     
   1.3688693098384730       0.88111750968026503       0.94457950586794948       0.88111750968026503     
   1.3804698972099856       0.87148894325945070       0.98604216333431394       0.87148894325945070     
   1.3920704845814980       0.86172994245207202        1.0379294673989012       0.86172994245207202     
   1.4036710719530103       0.85962476388390807        1.0624522325647912       0.85962476388390807     
   1.4152716593245229       0.84718599145605689        1.1259511353730762       0.84718599145605689     
   1.4268722466960355       0.84046739820631000        1.1486620278136139       0.84046739820631000     
   1.4384728340675479       0.84179859709119909        1.1708951914887580       0.84179859709119909     
   1.4500734214390603       0.84538082980396889        1.2195679076226471       0.84538082980396889     
   1.4616740088105729       0.83795236117078542        1.2409729329884431       0.83795236117078542     
   1.4732745961820854       0.83587353288629029        1.2615590228398090       0.83587353288629029     
   1.4848751835535978       0.83415520559505718        1.2785188996110866       0.83415520559505718     
   1.4964757709251102       0.83755951802715956        1.3180082981814571       0.83755951802715956     
   1.5080763582966228       0.84260940077409985        1.3817406570615598       0.84260940077409985     
   1.5196769456681354       0.84073357600221077        1.4115810451660713       0.84073357600221077     
   1.5312775330396478       0.84413009016461904        1.4162309041137062       0.84413009016461904     
   1.5428781204111601       0.85234759470797827        1.3950935247678906       0.85234759470797827     
   1.5544787077826727       0.85217030515974035        1.4592224668654634       0.85217030515974035     
   1.5660792951541853       0.85761343659901479        1.4591781487899316       0.85761343659901479     
   1.5776798825256977       0.86573394804932335        1.4714427859566697       0.86573394804932335     
   1.5892804698972101       0.87318116531127965        1.4728534427180968       0.87318116531127965     
   1.6008810572687227       0.87903760191844338        1.5080544141162657       0.87903760191844338     
   1.6124816446402352       0.88723080904914287        1.4613870165569929       0.88723080904914287     
   1.6240822320117476       0.89905849149502082        1.4801837016033996       0.89905849149502082     
   1.6356828193832600       0.90958258647001278        1.4738860042312945       0.90958258647001278     
   1.6472834067547726       0.92055977773685238        1.4591915831715907       0.92055977773685238     
   1.6588839941262852       0.93296840441322126        1.4641523100504394       0.93296840441322126     
   1.6704845814977975       0.95391166585438203        1.4826906105335695       0.95391166585438203     
   1.6820851688693099       0.96952059494534071        1.4730614313090367       0.96952059494534071     
   1.6936857562408225       0.97539821636733326        1.4351753179787718       0.97539821636733326     
   1.7052863436123351       0.99371038131829736        1.4551086139037719       0.99371038131829736     
   1.7168869309838475        1.0082297365048283        1.4652310656682317        1.0082297365048283     
   1.7284875183553599        1.0159939240505012        1.4607343265699761        1.0159939240505012     
   1.7400881057268724        1.0398425873414896        1.4670201914326673        1.0398425873414896     
   1.7516886930983850        1.0505688579446093        1.4230430919085435        1.0505688579446093     
   1.7632892804698974        1.0591830772311244        1.3804399307760022        1.0591830772311244     
   1.7748898678414098        1.0722492492266655        1.3965773643995929        1.0722492492266655     
   1.7864904552129224        1.0851170729497548        1.4072327560718729        1.0851170729497548     
   1.7980910425844350        1.0958812774242139        1.3989645121182703        1.0958812774242139     
   1.8096916299559473        1.1057188787475380        1.3703306231563170        1.1057188787475380     
   1.8212922173274597        1.1283770872273675        1.3249807805914373        1.1283770872273675     
   1.8328928046989723        1.1260861405516678        1.3238839581681918        1.1260861405516678     
   1.8444933920704849        1.1280701173118268        1.2917206281546363        1.1280701173118268     
   1.8560939794419973        1.1268507443118094        1.2701388643309350        1.1268507443118094     
   1.8676945668135096        1.1254274448915234        1.2311827894944189        1.1254274448915234     
   1.8792951541850222        1.1315570428431201        1.2294229647877135        1.1315570428431201     
   1.8908957415565348        1.1284520809297451        1.2131346746220868        1.1284520809297451     
   1.9024963289280472        1.1276976252963691        1.1856320817945529        1.1276976252963691     
   1.9140969162995596        1.1245732954423058        1.1848095866988295        1.1245732954423058     
   1.9256975036710722        1.1110320284484829        1.1689302596329163        1.1110320284484829     
   1.9372980910425848        1.1085923010610494        1.1280761078499968        1.1085923010610494     
   1.9488986784140971        1.0999375371133251        1.1172375425894534        1.0999375371133251     
   1.9604992657856095        1.0861857538069821        1.1140207114339538        1.0861857538069821     
   1.9720998531571221        1.0770247916268207        1.0716988833592926        1.0770247916268207     
   1.9837004405286347        1.0732592973875426        1.0508565997151431        1.0732592973875426     
   1.9953010279001471        1.0605855726558626        1.0216610232577672        1.0605855726558626     
   2.0069016152716594        1.0530120255904725        1.0093088457911907        1.0530120255904725     
   2.0185022026431723        1.0403384499481518       0.97362245026051142        1.0403384499481518     
   2.0301027900146846        1.0306110339932830       0.98140903400337309        1.0306110339932830     
   2.0417033773861970        1.0252218854762698       0.96861953471396189        1.0252218854762698     
   2.0533039647577094        1.0181785335260960       0.93969628812676187        1.0181785335260960     
   2.0649045521292217        1.0112282200482325       0.92606408315494448        1.0112282200482325     
   2.0765051395007346        1.0111695312977971       0.90900933868215439        1.0111695312977971     
   2.0881057268722469        1.0021016111478867       0.89321256282829808        1.0021016111478867     
   2.0997063142437593       0.99914267531445222       0.89285879592676265       0.99914267531445222     
   2.1113069016152721       0.99296008520299028       0.88444650487873389       0.99296008520299028     
   2.1229074889867845       0.98901711597694442       0.87356254664926614       0.98901711597694442     
   2.1345080763582969       0.98368469995012253       0.86507625828090751       0.98368469995012253     
   2.1461086637298092       0.97770562084919987       0.85370236003127997       0.97770562084919987     
   2.1577092511013216       0.97263736886387508       0.83894927066590408       0.97263736886387508     
   2.1693098384728344       0.96526484324931061       0.83645641444983831       0.96526484324931061     
   2.1809104258443468       0.96586099443026696       0.83207709842827493       0.96586099443026696     
   2.1925110132158592       0.96959291316233687       0.81554650134632534       0.96959291316233687     
   2.2041116005873720       0.96789797987199699       0.83911644634995397       0.96789797987199699     
   2.2157121879588844       0.95585300035319176       0.83004242373158210       0.95585300035319176     
   2.2273127753303967       0.95158590008376498       0.82221067949773474       0.95158590008376498     
   2.2389133627019091       0.95166608981377276       0.81177564820349035       0.95166608981377276     
   2.2505139500734215       0.95247216745274565       0.80361136905303188       0.95247216745274565     
   2.2621145374449343       0.94589198711295053       0.80623143438124190       0.94589198711295053     
   2.2737151248164467       0.94716350956328865       0.81339954844888607       0.94716350956328865     
   2.2853157121879590       0.94683465687964485       0.82920787571632726       0.94683465687964485     
   2.2969162995594719       0.94736050741189259       0.82992206574929095       0.94736050741189259     
   2.3085168869309842       0.94430786568655845       0.83938413758458730       0.94430786568655845     
   2.3201174743024966       0.94850984655566428       0.84674161784979596       0.94850984655566428     
   2.3317180616740090       0.95217513836208278       0.84949674413763587       0.95217513836208278     
   2.3433186490455213       0.95004189832733210       0.84644311645639292       0.95004189832733210     
   2.3549192364170342       0.94755468654584651       0.85152512772326472       0.94755468654584651     
   2.3665198237885465       0.94974158197038139       0.86070550749988350       0.94974158197038139     
   2.3781204111600589       0.94722083635572218       0.84839354485823859       0.94722083635572218     
   2.3897209985315717       0.95343623188079041       0.84951244698544670       0.95343623188079041     
   2.4013215859030841       0.95156031685909637       0.86594759353379047       0.95156031685909637     
   2.4129221732745965       0.95457608124029703       0.87092291117518761       0.95457608124029703     
   2.4245227606461088       0.94839364204853127       0.88718216736203070       0.94839364204853127     
   2.4361233480176212       0.95940858394708284       0.89445051677598508       0.95940858394708284     
   2.4477239353891340       0.96142930273209781       0.89379998557245777       0.96142930273209781     
   2.4593245227606464       0.96581075047350162       0.88964827633223531       0.96581075047350162     
   2.4709251101321588       0.96712835241328332       0.89938959152012132       0.96712835241328332     
   2.4825256975036716       0.97135091361868764       0.88973921457480476       0.97135091361868764     
   2.4941262848751840       0.97329928801781951       0.89435388507612223       0.97329928801781951     
   2.5057268722466963       0.97961795173082999       0.89932361497093505       0.97961795173082999     
   2.5173274596182087       0.97704239305405327       0.91342303088530941       0.97704239305405327     
   2.5289280469897211       0.97821360805970103       0.92189345407789969       0.97821360805970103     
   2.5405286343612339       0.97850550967230054       0.92120807115971237       0.97850550967230054     
   2.5521292217327463       0.97990646201501086       0.92322065951648491       0.97990646201501086     
   2.5637298091042586       0.98258945339488135       0.93562306436902509       0.98258945339488135     
   2.5753303964757714       0.98435716130803630       0.94151091618577121       0.98435716130803630     
   2.5869309838472838       0.98666116891379441       0.93090236739691301       0.98666116891379441     
   2.5985315712187962       0.98747045387269394       0.95488292288511833       0.98747045387269394     
   2.6101321585903086       0.98977568591224430       0.96850703549021866       0.98977568591224430     
   2.6217327459618209       0.98423200144747847       0.95254833734472177       0.98423200144747847     
   2.6333333333333337       0.99232251290950724       0.95226171784279834       0.99232251290950724     
   2.6449339207048461       0.99426436120113360       0.95541615527151136       0.99426436120113360     
   2.6565345080763585       0.99636252837951500       0.96783965049242360       0.99636252837951500     
   2.6681350954478713       0.99630362645834558       0.97809490011303357       0.99630362645834558     
   2.6797356828193837       0.99443041267567855       0.98513422316942811       0.99443041267567855     
   2.6913362701908961       0.99037087707594706       0.98214270126625203       0.99037087707594706     
   2.7029368575624084       0.99699720498993782       0.99033807454673872       0.99699720498993782     
   2.7145374449339208       0.99877397316661132       0.96972151438944199       0.99877397316661132     
   2.7261380323054336       0.99631760268613878        1.0006234395936244       0.99631760268613878     
   2.7377386196769460       0.99853712209540213       0.99680504019438565       0.99853712209540213     
   2.7493392070484584        1.0004954055319275       0.98077193913670957        1.0004954055319275     
   2.7609397944199712        1.0006269408730306       0.98617400656543497        1.0006269408730306     
   2.7725403817914835        1.0021025593255315       0.98182713157278967        1.0021025593255315     
   2.7841409691629959        1.0008657858360506       0.99231104292949390        1.0008657858360506     
   2.7957415565345083        1.0038299443959624       0.98669497200305556        1.0038299443959624     
   2.8073421439060207       0.99865887425288824        1.0018190166146599       0.99865887425288824     
   2.8189427312775335        1.0014525747183245        1.0143941978448736        1.0014525747183245     
   2.8305433186490458       0.99968412687751473        1.0029442380564555       0.99968412687751473     
   2.8421439060205582        1.0003598796230981        1.0064177275362092        1.0003598796230981     
   2.8537444933920710        1.0009582572586573        1.0181837230493587        1.0009582572586573     
   2.8653450807635834        1.0042709328603718        1.0351146710458965        1.0042709328603718     
   2.8769456681350958       0.99877773010664395        1.0171345961972713       0.99877773010664395     
   2.8885462555066082       0.99856898586937126        1.0153790667872726       0.99856898586937126     
   2.9001468428781205        1.0005104903160813        1.0211184871403838        1.0005104903160813     
   2.9117474302496333       0.99940148681896146        1.0083443646322863       0.99940148681896146     
   2.9233480176211457        1.0006111742759878        1.0074028857722321        1.0006111742759878     
   2.9349486049926581        1.0007527519787138        1.0114853176746943        1.0007527519787138     
   2.9465491923641709       0.99952623146536179        1.0059739761222235       0.99952623146536179     
   2.9581497797356833       0.99899209935707145        1.0213326235897673       0.99899209935707145     
   2.9697503671071956        1.0002662032469343        1.0288355061328993        1.0002662032469343     
   2.9813509544787080        1.0021424486079378        1.0266361537065956        1.0021424486079378     
   2.9929515418502204       0.99928856034748870        1.0288605264081718       0.99928856034748870     
   3.0045521292217332       0.99213621623778503        1.0178000404251795       0.99213621623778503     
   3.0161527165932456       0.99459712768229214        1.0205679680398450       0.99459712768229214     
   3.0277533039647579       0.99173498100898172        1.0483777463483286       0.99173498100898172     
   3.0393538913362708       0.99316449860571365        1.0399322981104053       0.99316449860571365     
   3.0509544787077831       0.99389829776509209        1.0308804387028896       0.99389829776509209     
   3.0625550660792955       0.99349580839708285        1.0401931688992407       0.99349580839708285     
   3.0741556534508079       0.99154909579985873        1.0441923779429125       0.99154909579985873     
   3.0857562408223203       0.98831280382195652        1.0352520846174738       0.98831280382195652     
   3.0973568281938331       0.99176532375331938        1.0195548587130288       0.99176532375331938     
   3.1089574155653454       0.99101342317823660        1.0131048791949968       0.99101342317823660     
   3.1205580029368578       0.98881175387233011        1.0063296981189644       0.98881175387233011     
   3.1321585903083706       0.99009879408869672        1.0133249224725358       0.99009879408869672     
   3.1437591776798830       0.98989988678491403        1.0081402666296302       0.98989988678491403     
   3.1553597650513954       0.98928399938065603        1.0207818211080919       0.98928399938065603     
   3.1669603524229077       0.98740088776961599        1.0167624039494509       0.98740088776961599     
   3.1785609397944201       0.98389073118162840        1.0190467443928906       0.98389073118162840     
   3.1901615271659329       0.98466407949122159        1.0267197555690144       0.98466407949122159     
   3.2017621145374453       0.98513701791123132        1.0316706016247783       0.98513701791123132     
   3.2133627019089577       0.98641531164407070        1.0254390068285166       0.98641531164407070     
   3.2249632892804705       0.98801466940848703        1.0184821978268577       0.98801466940848703     
   3.2365638766519829       0.98640475262880933        1.0343902567024033       0.98640475262880933     
   3.2481644640234952       0.99054351659664408        1.0261218631827367       0.99054351659664408     
   3.2597650513950076       0.98813733393501002        1.0159908158437263       0.98813733393501002     
   3.2713656387665200       0.98715848079313007        1.0079172681974529       0.98715848079313007     
   3.2829662261380328       0.98857395709535811        1.0127829889519113       0.98857395709535811     
   3.2945668135095452       0.99061914346670621        1.0128740891196826       0.99061914346670621     
   3.3061674008810575       0.98766564344099905        1.0051162729843364       0.98766564344099905     
   3.3177679882525704       0.99381284283261739        1.0005690659410706       0.99381284283261739     
   3.3293685756240827       0.99474074084589503       0.99852533661030984       0.99474074084589503     
   3.3409691629955951       0.98991272202410518        1.0180735633333347       0.98991272202410518     
   3.3525697503671075       0.99330823637058152        1.0039304240444820       0.99330823637058152     
   3.3641703377386198       0.99495186298103222        1.0034759678180392       0.99495186298103222     
   3.3757709251101327       0.99767374010698362       0.99746595967232876       0.99767374010698362     
   3.3873715124816450       0.99313104489218496        1.0030390734582282       0.99313104489218496     
   3.3989720998531574       0.99417925990818579        1.0089861850557547       0.99417925990818579     
   3.4105726872246702       0.99300330082628896        1.0056454441844571       0.99300330082628896     
   3.4221732745961826       0.99258516768525917        1.0059895481048902       0.99258516768525917     
   3.4337738619676950       0.99809778490624013        1.0000958034104612       0.99809778490624013     
   3.4453744493392073       0.99791308379206489       0.99651413902156882       0.99791308379206489     
   3.4569750367107197       0.99723593968775903        1.0014174035289787       0.99723593968775903     
   3.4685756240822325       0.99922294745056250       0.99585415076882822       0.99922294745056250     
   3.4801762114537449       0.99705803385178227       0.99848683928845317       0.99705803385178227     
   3.4917767988252573       0.99761150246473962        1.0136351399860759       0.99761150246473962     
   3.5033773861967701       0.99858360125968293        1.0259568979267784       0.99858360125968293     
   3.5149779735682825        1.0014920559330218        1.0161993901908111        1.0014920559330218     
   3.5265785609397948       0.99939240963335974        1.0226306871802175       0.99939240963335974     
   3.5381791483113072       0.99888004143957854        1.0176494082391410       0.99888004143957854     
   3.5497797356828196       0.99993611132314641        1.0081573124176930       0.99993611132314641     
   3.5613803230543324       0.99816850286272218        1.0050149144159857       0.99816850286272218     
   3.5729809104258448       0.99375327415326375        1.0047389008484762       0.99375327415326375     
   3.5845814977973571       0.99837725055475712       0.99578975253260005       0.99837725055475712     
   3.5961820851688699        1.0002399341583190        1.0020007959535420        1.0002399341583190     
   3.6077826725403823       0.99593698190767943       0.98888036573217997       0.99593698190767943     
   3.6193832599118947       0.99610260032423170       0.99272084276259043       0.99610260032423170     
   3.6309838472834071        1.0011491345278352       0.99719702095251783        1.0011491345278352     
   3.6425844346549194        1.0013376883002831        1.0001957399222161        1.0013376883002831     
   3.6541850220264323       0.99594383496003069        1.0033820554036992       0.99594383496003069     
   3.6657856093979446       0.99382933961013442        1.0036407088673192       0.99382933961013442     
   3.6773861967694570       0.99536601706096817       0.99854105692950479       0.99536601706096817     
   3.6889867841409698       0.99548262415253264       0.99790364260709030       0.99548262415253264     
   3.7005873715124822       0.99479330978323866        1.0030819790221193       0.99479330978323866     
   3.7121879588839946       0.99040879689133643       0.99286580188527118       0.99040879689133643     
   3.7237885462555069       0.99257665862076516       0.99243431479182664       0.99257665862076516     
   3.7353891336270193       0.99235252843274568       0.98803248297175494       0.99235252843274568     
   3.7469897209985321       0.99156714263916446       0.98068769964110158       0.99156714263916446     
   3.7585903083700445       0.99433876304048752       0.98086291466867548       0.99433876304048752     
   3.7701908957415569       0.99718797956106509       0.98184425954082455       0.99718797956106509     
   3.7817914831130697       0.99493649353358793       0.97522759084460087       0.99493649353358793     
   3.7933920704845820       0.99631742578048343       0.99192146392099911       0.99631742578048343     
   3.8049926578560944       0.99382038026726038       0.98298433250733708       0.99382038026726038     
   3.8165932452276068       0.99239852591214783       0.98057321296459576       0.99239852591214783     
   3.8281938325991192       0.98963076023574092       0.98391753824740869       0.98963076023574092     
   3.8397944199706320       0.99382796722513744       0.98748179439564432       0.99382796722513744     
   3.8513950073421443       0.99067423168988955       0.97558075488212848       0.99067423168988955     
   3.8629955947136567       0.99327747114343845       0.97382350966588005       0.99327747114343845     
   3.8745961820851695       0.99197204291392094       0.98570682429998913       0.99197204291392094     
   3.8861967694566819       0.99349391948101651       0.98320587680426541       0.99349391948101651     
   3.8977973568281943       0.99369883947327398       0.97663320589448033       0.99369883947327398     
   3.9093979441997067       0.99396735237618739       0.98287286225885884       0.99396735237618739     
   3.9209985315712190       0.99001748344962270       0.98498596725437404       0.99001748344962270     
   3.9325991189427318       0.99175468022210700       0.98175476966324038       0.99175468022210700     
   3.9441997063142442       0.99269691760209799       0.97380032339072065       0.99269691760209799     
   3.9558002936857566       0.99556562519711056       0.98066524307486513       0.99556562519711056     
   3.9674008810572694       0.99601634082365798       0.98307454815502116       0.99601634082365798     
   3.9790014684287818       0.99501958689842518       0.96805297113097200       0.99501958689842518     
   3.9906020558002941       0.99644554066808555       0.97528072840893409       0.99644554066808555     
   4.0022026431718070       0.99428669813525283       0.98298895531989561       0.99428669813525283     
   4.0138032305433189       0.99202490973433333       0.98840324555739378       0.99202490973433333     
   4.0254038179148317       0.99139781359854862       0.98285774440015261       0.99139781359854862     
   4.0370044052863445       0.98921094991798664       0.97318291867797047       0.98921094991798664     
   4.0486049926578564       0.98923615233861473       0.99142092745378574       0.98923615233861473     
   4.0602055800293693       0.98898885351124977       0.98308543245407354       0.98898885351124977     
   4.0718061674008812       0.98716927955542277       0.96831568261108580       0.98716927955542277     
   4.0834067547723940       0.99024740373549114       0.97166639747327710       0.99024740373549114     
   4.0950073421439068       0.98893126925952723       0.96995892329350741       0.98893126925952723     
   4.1066079295154188       0.98689013444256579       0.97728449217809066       0.98689013444256579     
   4.1182085168869316       0.98829152053031377       0.97883835024328847       0.98829152053031377     
   4.1298091042584435       0.98884240642052790       0.98011898166269185       0.98884240642052790     
   4.1414096916299563       0.98881732746389994       0.98701260925419887       0.98881732746389994     
   4.1530102790014691       0.98697895357106802       0.98639599595030758       0.98697895357106802     
   4.1646108663729811       0.98949972628574989       0.97993874172938533       0.98949972628574989     
   4.1762114537444939       0.98910703492027696       0.97309894403352160       0.98910703492027696     
   4.1878120411160067       0.99027281355624153       0.96882952665261846       0.99027281355624153     
   4.1994126284875186       0.99127288817528603       0.97595599270106481       0.99127288817528603     
   4.2110132158590314       0.99290480788104885       0.97865709387236588       0.99290480788104885     
   4.2226138032305442       0.99459932855992772       0.97311060347068123       0.99459932855992772     
   4.2342143906020562       0.99619268954151874       0.98029764701045030       0.99619268954151874     
   4.2458149779735690       0.99635688316834359       0.98413109740483962       0.99635688316834359     
   4.2574155653450809       0.99405088361306626       0.97149702313706621       0.99405088361306626     
   4.2690161527165937       0.99322208800499179       0.97397260294965604       0.99322208800499179     
   4.2806167400881066       0.99315032490811150       0.98783675406516336       0.99315032490811150     
   4.2922173274596185       0.99284390345944273       0.99426530954143888       0.99284390345944273     
   4.3038179148311313       0.99249850300117126       0.97659447656192799       0.99249850300117126     
   4.3154185022026432       0.99256989747584601       0.98731710009844875       0.99256989747584601     
   4.3270190895741560       0.99221740908237543       0.99131038685908235       0.99221740908237543     
   4.3386196769456689       0.99076996784432880       0.98709828558820745       0.99076996784432880     
   4.3502202643171808       0.99201119270082172       0.99180249829639167       0.99201119270082172     
   4.3618208516886936       0.99171946305045167       0.98875415866955796       0.99171946305045167     
   4.3734214390602064       0.99010013409744591       0.99027009037233971       0.99010013409744591     
   4.3850220264317183       0.99135016084288063       0.99733043997565740       0.99135016084288063     
   4.3966226138032312       0.99186130952144325        1.0063396141263956       0.99186130952144325     
   4.4082232011747440       0.99124336305768135       0.99760964383849537       0.99124336305768135     
   4.4198237885462559       0.99316574540926050       0.99979108063964794       0.99316574540926050     
   4.4314243759177687       0.99264408491941181       0.99498797422961716       0.99264408491941181     
   4.4430249632892806       0.99155259429857812       0.98993042110621754       0.99155259429857812     
   4.4546255506607935       0.99451328495435232       0.99342775729459676       0.99451328495435232     
   4.4662261380323063       0.99106172045989660       0.99894547059068528       0.99106172045989660     
   4.4778267254038182       0.99249045288420457       0.99881516551611593       0.99249045288420457     
   4.4894273127753310       0.99511983038081908        1.0103948571424703       0.99511983038081908     
   4.5010279001468430       0.99705514859742395        1.0155794819966515       0.99705514859742395     
   4.5126284875183558       0.99499023781594997        1.0172465866196303       0.99499023781594997     
   4.5242290748898686       0.99455580246026287        1.0098256259862024       0.99455580246026287     
   4.5358296622613805       0.99471535417812074        1.0172868765611354       0.99471535417812074     
   4.5474302496328933       0.99690709376017228        1.0038054184423058       0.99690709376017228     
   4.5590308370044061       0.99825680207608802       0.99713119034694320       0.99825680207608802     
   4.5706314243759181       0.99251294743546126       0.99760636739648012       0.99251294743546126     
   4.5822320117474309       0.99418291027197281        1.0006557265893747       0.99418291027197281     
   4.5938325991189437       0.99558585457299997        1.0084302751519143       0.99558585457299997     
   4.6054331864904556       0.99586763833558201       0.99561407505431476       0.99586763833558201     
   4.6170337738619684       0.99827497953873845       0.99230406200769672       0.99827497953873845     
   4.6286343612334804       0.99790570251760979       0.99408209166454897       0.99790570251760979     
   4.6402349486049932       0.99643117511771206       0.99515687983415224       0.99643117511771206     
