 dr, g(r), g_atom(r), g_cm(r)
   4.6402349486049932E-002   0.0000000000000000        0.0000000000000000        0.0000000000000000     
   9.2804698972099864E-002   0.0000000000000000        0.0000000000000000        0.0000000000000000     
  0.13920704845814980        0.0000000000000000        0.0000000000000000        0.0000000000000000     
  0.18560939794419973        0.0000000000000000        0.0000000000000000        0.0000000000000000     
  0.23201174743024966        0.0000000000000000        0.0000000000000000        0.0000000000000000     
  0.27841409691629959        0.0000000000000000        0.0000000000000000        0.0000000000000000     
  0.32481644640234952        0.0000000000000000        0.0000000000000000        0.0000000000000000     
  0.37121879588839946        0.0000000000000000        0.0000000000000000        0.0000000000000000     
  0.41762114537444939        0.0000000000000000        0.0000000000000000        0.0000000000000000     
  0.46402349486049932        0.0000000000000000        0.0000000000000000        0.0000000000000000     
  0.51042584434654925        0.0000000000000000        0.0000000000000000        0.0000000000000000     
  0.55682819383259918        0.0000000000000000        0.0000000000000000        0.0000000000000000     
  0.60323054331864912        0.0000000000000000        0.0000000000000000        0.0000000000000000     
  0.64963289280469905        0.0000000000000000        0.0000000000000000        0.0000000000000000     
  0.69603524229074898        0.0000000000000000        0.0000000000000000        0.0000000000000000     
  0.74243759177679891        0.0000000000000000        0.0000000000000000        0.0000000000000000     
  0.78883994126284884        0.0000000000000000        0.0000000000000000        0.0000000000000000     
  0.83524229074889877        0.0000000000000000        0.0000000000000000        0.0000000000000000     
  0.88164464023494871        1.0787013379292938E-003   0.0000000000000000        5.5802522092007454     
  0.92804698972099864        4.6219302268241148E-002   9.8446356551687908E-004   4.6505385697536657E-002
  0.97444933920704857       0.30552700178549430        3.4424284735089126E-003  0.30552700178549430     
   1.0208516886930985       0.73216861882595485        2.1877256166943884E-002  0.73216861882595485     
   1.0672540381791484        1.0189182059791455        5.6938473304089063E-002   1.0189182059791455     
   1.1136563876651984        1.1283534623565219       0.11956504053488864        1.1283534623565219     
   1.1600587371512483        1.1023865909618846       0.22500315942391894        1.1023865909618846     
   1.2064610866372982        1.0381152464309804       0.33039569106974392        1.0381152464309804     
   1.2528634361233482       0.96668566051796623       0.48339894482684281       0.96668566051796623     
   1.2992657856093981       0.90227421109539130       0.62828650575349632       0.90227421109539130     
   1.3456681350954480       0.85777057430819270       0.79883468410873537       0.85777057430819270     
   1.3920704845814980       0.83161641624701765       0.92444444444283524       0.83161641624701765     
   1.4384728340675479       0.80729032672652223        1.0746406926700731       0.80729032672652223     
   1.4848751835535978       0.80003023103052540        1.1934963391052129       0.80003023103052540     
   1.5312775330396478       0.80404680189876443        1.3213027304006930       0.80404680189876443     
   1.5776798825256977       0.82019540951851333        1.3844474456040787       0.82019540951851333     
   1.6240822320117476       0.84779367305613496        1.4186804755394784       0.84779367305613496     
   1.6704845814977975       0.89170568591156463        1.4102473826612563       0.89170568591156463     
   1.7168869309838475       0.94786281190385357        1.3994393424643945       0.94786281190385357     
   1.7632892804698974        1.0014437971553225        1.3770785714693270        1.0014437971553225     
   1.8096916299559473        1.0489266155417276        1.3407367446979981        1.0489266155417276     
   1.8560939794419973        1.0859772543812483        1.2545846836956580        1.0859772543812483     
   1.9024963289280472        1.0878780938858486        1.1711056255743142        1.0878780938858486     
   1.9488986784140971        1.0720583766506562        1.1091915930588225        1.0720583766506562     
   1.9953010279001471        1.0374274471495317        1.0277478810609531        1.0374274471495317     
   2.0417033773861970        1.0024984394440686       0.95022010813973179        1.0024984394440686     
   2.0881057268722469       0.97756138383534585       0.88680386049886639       0.97756138383534585     
   2.1345080763582969       0.95941946194058381       0.85073677858795915       0.95941946194058381     
   2.1809104258443468       0.93991155139853388       0.81388390990021819       0.93991155139853388     
   2.2273127753303967       0.93165068274586638       0.80137231456326163       0.93165068274586638     
   2.2737151248164467       0.92072574356068038       0.78444269298439906       0.92072574356068038     
   2.3201174743024966       0.91884399851395493       0.81173389365057635       0.91884399851395493     
   2.3665198237885465       0.92240260457926715       0.82745368980520329       0.92240260457926715     
   2.4129221732745965       0.92472569833498064       0.83443460404266490       0.92472569833498064     
   2.4593245227606464       0.93213110372051500       0.86646493939711400       0.93213110372051500     
   2.5057268722466963       0.94630303555581785       0.87122462473984985       0.94630303555581785     
   2.5521292217327463       0.95216254523137478       0.89527368063970614       0.95216254523137478     
   2.5985315712187962       0.95930474379219166       0.91597267644883273       0.95930474379219166     
   2.6449339207048461       0.96451093909224728       0.93233443818016470       0.96451093909224728     
   2.6913362701908961       0.96901338027765604       0.95343220384184879       0.96901338027765604     
   2.7377386196769460       0.97266682086877232       0.96463989328666555       0.97266682086877232     
   2.7841409691629959       0.97636095890518482       0.96102569434633189       0.97636095890518482     
   2.8305433186490458       0.97663375293230092       0.97724809914781385       0.97663375293230092     
   2.8769456681350958       0.97720872493736788       0.99494723302996091       0.97720872493736788     
   2.9233480176211457       0.97630117955314744       0.98923671233383315       0.97630117955314744     
   2.9697503671071956       0.97676495333712821       0.99346043140983509       0.97676495333712821     
   3.0161527165932456       0.97431117186053540        1.0001350536997953       0.97431117186053540     
   3.0625550660792955       0.97080556506285298        1.0164922828793284       0.97080556506285298     
   3.1089574155653454       0.96876989380549205        1.0052086017995561       0.96876989380549205     
   3.1553597650513954       0.96797530632213069       0.99013662685343673       0.96797530632213069     
   3.2017621145374453       0.96411805309906939        1.0016250664631452       0.96411805309906939     
   3.2481644640234952       0.96694819962316325        1.0044084764842267       0.96694819962316325     
   3.2945668135095452       0.96799869000015171       0.99126019619007133       0.96799869000015171     
   3.3409691629955951       0.97113145479594398       0.98490557211487850       0.97113145479594398     
   3.3873715124816450       0.97457058509628047       0.98162668010314791       0.97457058509628047     
   3.4337738619676950       0.97455408464150128       0.98502103996041113       0.97455408464150128     
   3.4801762114537449       0.97813079666017011       0.97833802723535213       0.97813079666017011     
   3.5265785609397948       0.97977935612687161       0.99972547029500236       0.97977935612687161     
   3.5729809104258448       0.97845445323647973       0.98942456474767015       0.97845445323647973     
   3.6193832599118947       0.97868309116075280       0.97591156082343211       0.97868309116075280     
   3.6657856093979446       0.97930135215572256       0.98232200290483951       0.97930135215572256     
   3.7121879588839946       0.97556525136485761       0.97957775806585612       0.97556525136485761     
   3.7585903083700445       0.97452578230511000       0.96741797435498000       0.97452578230511000     
   3.8049926578560944       0.97754032847891548       0.96521833698230908       0.97754032847891548     
   3.8513950073421443       0.97389859640709220       0.96432053825515474       0.97389859640709220     
   3.8977973568281943       0.97556187304353681       0.96253040113029065       0.97556187304353681     
   3.9441997063142442       0.97477873018583538       0.96369910970418093       0.97477873018583538     
   3.9906020558002941       0.97857045783798247       0.95988149230445230       0.97857045783798247     
   4.0370044052863445       0.97479082440748577       0.96507388932704985       0.97479082440748577     
   4.0834067547723940       0.97222128510176276       0.96205393693346597       0.97222128510176276     
   4.1298091042584435       0.97174652973854492       0.96027433996601030       0.97174652973854492     
   4.1762114537444939       0.97228549937388487       0.96537632707192944       0.97228549937388487     
   4.2226138032305442       0.97607258937312491       0.95824493769401198       0.97607258937312491     
   4.2690161527165937       0.97887926677593462       0.96166688092714281       0.97887926677593462     
   4.3154185022026432       0.97690158090686841       0.97072803346445591       0.97690158090686841     
   4.3618208516886936       0.97600101024212482       0.97409169746135027       0.97600101024212482     
   4.4082232011747440       0.97563494436330789       0.98229563001696696       0.97563494436330789     
   4.4546255506607935       0.97759619673530374       0.97911993379054629       0.97759619673530374     
   4.5010279001468430       0.97871258627709767       0.99055661449999122       0.97871258627709767     
   4.5474302496328933       0.98019694793288348       0.99666743680433745       0.98019694793288348     
   4.5938325991189437       0.98018532224792065       0.98594614424560856       0.98018532224792065     
   4.6402349486049932       0.98229395090212490       0.97950489196737722       0.98229395090212490     
