 dr, g(r), g_atom(r), g_cm(r)
   1.8560939794419973E-002   0.0000000000000000        0.0000000000000000        0.0000000000000000     
   3.7121879588839946E-002   0.0000000000000000        0.0000000000000000        0.0000000000000000     
   5.5682819383259918E-002   0.0000000000000000        0.0000000000000000        0.0000000000000000     
   7.4243759177679891E-002   0.0000000000000000        0.0000000000000000        0.0000000000000000     
   9.2804698972099864E-002   0.0000000000000000        0.0000000000000000        0.0000000000000000     
  0.11136563876651984        0.0000000000000000        0.0000000000000000        0.0000000000000000     
  0.12992657856093981        0.0000000000000000        0.0000000000000000        0.0000000000000000     
  0.14848751835535978        0.0000000000000000        0.0000000000000000        0.0000000000000000     
  0.16704845814977975        0.0000000000000000        0.0000000000000000        0.0000000000000000     
  0.18560939794419973        0.0000000000000000        0.0000000000000000        0.0000000000000000     
  0.20417033773861970        0.0000000000000000        0.0000000000000000        0.0000000000000000     
  0.22273127753303967        0.0000000000000000        0.0000000000000000        0.0000000000000000     
  0.24129221732745965        0.0000000000000000        0.0000000000000000        0.0000000000000000     
  0.25985315712187962        0.0000000000000000        0.0000000000000000        0.0000000000000000     
  0.27841409691629959        0.0000000000000000        0.0000000000000000        0.0000000000000000     
  0.29697503671071956        0.0000000000000000        0.0000000000000000        0.0000000000000000     
  0.31553597650513954        0.0000000000000000        0.0000000000000000        0.0000000000000000     
  0.33409691629955951        0.0000000000000000        0.0000000000000000        0.0000000000000000     
  0.35265785609397948        0.0000000000000000        0.0000000000000000        0.0000000000000000     
  0.37121879588839946        0.0000000000000000        0.0000000000000000        0.0000000000000000     
  0.38977973568281943        0.0000000000000000        0.0000000000000000        0.0000000000000000     
  0.40834067547723940        0.0000000000000000        0.0000000000000000        0.0000000000000000     
  0.42690161527165937        0.0000000000000000        0.0000000000000000        0.0000000000000000     
  0.44546255506607935        0.0000000000000000        0.0000000000000000        0.0000000000000000     
  0.46402349486049932        0.0000000000000000        0.0000000000000000        0.0000000000000000     
  0.48258443465491929        0.0000000000000000        0.0000000000000000        0.0000000000000000     
  0.50114537444933926        0.0000000000000000        0.0000000000000000        0.0000000000000000     
  0.51970631424375924        0.0000000000000000        0.0000000000000000        0.0000000000000000     
  0.53826725403817921        0.0000000000000000        0.0000000000000000        0.0000000000000000     
  0.55682819383259918        0.0000000000000000        0.0000000000000000        0.0000000000000000     
  0.57538913362701916        0.0000000000000000        0.0000000000000000        0.0000000000000000     
  0.59395007342143913        0.0000000000000000        0.0000000000000000        0.0000000000000000     
  0.61251101321585910        0.0000000000000000        0.0000000000000000        0.0000000000000000     
  0.63107195301027907        0.0000000000000000        0.0000000000000000        0.0000000000000000     
  0.64963289280469905        0.0000000000000000        0.0000000000000000        0.0000000000000000     
  0.66819383259911902        0.0000000000000000        0.0000000000000000        0.0000000000000000     
  0.68675477239353899        0.0000000000000000        0.0000000000000000        0.0000000000000000     
  0.70531571218795897        0.0000000000000000        0.0000000000000000        0.0000000000000000     
  0.72387665198237894        0.0000000000000000        0.0000000000000000        0.0000000000000000     
  0.74243759177679891        0.0000000000000000        0.0000000000000000        0.0000000000000000     
  0.76099853157121888        0.0000000000000000        0.0000000000000000        0.0000000000000000     
  0.77955947136563886        0.0000000000000000        0.0000000000000000        0.0000000000000000     
  0.79812041116005883        0.0000000000000000        0.0000000000000000        0.0000000000000000     
  0.81668135095447880        0.0000000000000000        0.0000000000000000        0.0000000000000000     
  0.83524229074889877        0.0000000000000000        0.0000000000000000        0.0000000000000000     
  0.85380323054331875        5.1113426562064950E-005   0.0000000000000000        5.1113426562064950E-005
  0.87236417033773872        6.6128420364301309E-004   0.0000000000000000        6.6128420364301309E-004
  0.89092511013215869        6.1785210360234041E-003   4.2286455759856011E-004   14.101663774321356     
  0.90948604992657867        2.7920495446731516E-002   6.0892841442790888E-004   2.7920495446731516E-002
  0.92804698972099864        8.5569270665857219E-002   3.9003465991021283E-004   8.5569270665857219E-002
  0.94660792951541861       0.18926777039173806        3.7503521213686549E-003  0.18926777039173806     
  0.96516886930983858       0.34378272881605110        5.9545967491903655E-003  0.34378272881605110     
  0.98372980910425856       0.52877115375480732        7.9929625257225898E-003  0.52877115375480732     
   1.0022907488986785       0.71533175370098323        1.8920970467733885E-002  0.71533175370098323     
   1.0208516886930985       0.87326249976791581        4.3110563459246902E-002  0.87326249976791581     
   1.0394126284875185       0.99007907564976239        5.8268457681524298E-002  0.99007907564976239     
   1.0579735682819384        1.0794417794241562        6.9647335906669855E-002   1.0794417794241562     
   1.0765345080763584        1.1392385337549311       0.10347319033197638        1.1392385337549311     
   1.0950954478707784        1.1693084398397995       0.12264228767232191        1.1693084398397995     
   1.1136563876651984        1.1569568647946951       0.15775449264327920        1.1569568647946951     
   1.1322173274596183        1.1611768806575511       0.20539571674468524        1.1611768806575511     
   1.1507782672540383        1.1357478859336898       0.22306680947899832        1.1357478859336898     
   1.1693392070484583        1.1181708108473642       0.26592703044101307        1.1181708108473642     
   1.1879001468428783        1.0897988401563261       0.33365824515975284        1.0897988401563261     
   1.2064610866372982        1.0570476915835010       0.36191952766847280        1.0570476915835010     
   1.2250220264317182        1.0194107832993076       0.40914888654767134        1.0194107832993076     
   1.2435829662261382        1.0025049820917544       0.47254399689407717        1.0025049820917544     
   1.2621439060205581       0.98249375255279581       0.54862496366656399       0.98249375255279581     
   1.2807048458149781       0.95161004075070099       0.63993252578074100       0.95161004075070099     
   1.2992657856093981       0.92614012932767065       0.71046548853559688       0.92614012932767065     
   1.3178267254038181       0.90858772811434840       0.75289746889966558       0.90858772811434840     
   1.3363876651982380       0.89095076424865627       0.83502978913491865       0.89095076424865627     
   1.3549486049926580       0.87785877670272838       0.89403131307000605       0.87785877670272838     
   1.3735095447870780       0.86942525603257592       0.97521352640368664       0.86942525603257592     
   1.3920704845814980       0.85354644279957048       0.99692875038447859       0.85354644279957048     
   1.4106314243759179       0.84971549269684066        1.0633294312627057       0.84971549269684066     
   1.4291923641703379       0.84360702199159476        1.1588670787975934       0.84360702199159476     
   1.4477533039647579       0.83566675946618796        1.1631861442366913       0.83566675946618796     
   1.4663142437591778       0.83094301113350399        1.2087079692649614       0.83094301113350399     
   1.4848751835535978       0.82593025603531944        1.2899206872133082       0.82593025603531944     
   1.5034361233480178       0.82431456909098366        1.3540040691950983       0.82431456909098366     
   1.5219970631424378       0.82985758660640496        1.4033669692197761       0.82985758660640496     
   1.5405580029368577       0.83237184310647228        1.3997723659100236       0.83237184310647228     
   1.5591189427312777       0.84792456439771735        1.4265323315271887       0.84792456439771735     
   1.5776798825256977       0.85628966150423280        1.4476506767429738       0.85628966150423280     
   1.5962408223201177       0.87108208122393493        1.4363747794552588       0.87108208122393493     
   1.6148017621145376       0.88580851686661255        1.4409536825440359       0.88580851686661255     
   1.6333627019089576       0.90173915583711906        1.4510560940996065       0.90173915583711906     
   1.6519236417033776       0.91536775715070473        1.4478697247669321       0.91536775715070473     
   1.6704845814977975       0.93752880015307938        1.4241261517863273       0.93752880015307938     
   1.6890455212922175       0.95236256668848618        1.4108114313100029       0.95236256668848618     
   1.7076064610866375       0.98019295073587054        1.4126171501930493       0.98019295073587054     
   1.7261674008810575        1.0035491259931806        1.3891619563395672        1.0035491259931806     
   1.7447283406754774        1.0252444779544332        1.3804683386277612        1.0252444779544332     
   1.7632892804698974        1.0405806528105181        1.3494737794278497        1.0405806528105181     
   1.7818502202643174        1.0686181697984545        1.3535355407181464        1.0686181697984545     
   1.8004111600587374        1.0790619850489620        1.3556303682810478        1.0790619850489620     
   1.8189720998531573        1.0990020092719786        1.3410602903383662        1.0990020092719786     
   1.8375330396475773        1.1160621379368898        1.3196153049785491        1.1160621379368898     
   1.8560939794419973        1.1173087397652628        1.2872806968958312        1.1173087397652628     
   1.8746549192364172        1.1200384720122467        1.2612200173936425        1.1200384720122467     
   1.8932158590308372        1.1176945677398689        1.2161859641130797        1.1176945677398689     
   1.9117767988252572        1.1123066937934374        1.2074235256619601        1.1123066937934374     
   1.9303377386196772        1.1000877176387622        1.1527268349721864        1.1000877176387622     
   1.9488986784140971        1.0841678796754255        1.1156062756147593        1.0841678796754255     
   1.9674596182085171        1.0671582856205439        1.0979116212313595        1.0671582856205439     
   1.9860205580029371        1.0610492126715387        1.0397072443719555        1.0610492126715387     
   2.0045814977973571        1.0461719356792607        1.0363046476646609        1.0461719356792607     
   2.0231424375917770        1.0367837376332998        1.0028623037827575        1.0367837376332998     
   2.0417033773861970        1.0239553831559149       0.98316390013131238        1.0239553831559149     
   2.0602643171806170        1.0117828763461847       0.95180604490032072        1.0117828763461847     
   2.0788252569750370       0.99763512414520261       0.94454889486080662       0.99763512414520261     
   2.0973861967694569       0.99118792090023822       0.91573960184409531       0.99118792090023822     
   2.1159471365638769       0.98582862504298996       0.88270477228416067       0.98582862504298996     
   2.1345080763582969       0.98037296817496933       0.86815718736051284       0.98037296817496933     
   2.1530690161527168       0.96840722919215738       0.84034490085145919       0.96840722919215738     
   2.1716299559471368       0.95661702218606215       0.83799002711700943       0.95661702218606215     
   2.1901908957415568       0.95813889473483160       0.84260749404097812       0.95813889473483160     
   2.2087518355359768       0.95326115259175048       0.85667077140575387       0.95326115259175048     
   2.2273127753303967       0.94519293781759794       0.83953127263686733       0.94519293781759794     
   2.2458737151248167       0.94837816279161213       0.81104576647447268       0.94837816279161213     
   2.2644346549192367       0.94318058462707266       0.82387580286483220       0.94318058462707266     
   2.2829955947136567       0.94163500746460871       0.83612040831579526       0.94163500746460871     
   2.3015565345080766       0.94268041061231767       0.84433732053883281       0.94268041061231767     
   2.3201174743024966       0.94382567843940990       0.83810356089064142       0.94382567843940990     
   2.3386784140969166       0.95186885905943142       0.82667693832896094       0.95186885905943142     
   2.3572393538913365       0.94966245852368414       0.83165833150932067       0.94966245852368414     
   2.3758002936857565       0.95198079786270484       0.82837309326487785       0.95198079786270484     
   2.3943612334801765       0.94812381893080633       0.81752719856328415       0.94812381893080633     
   2.4129221732745965       0.94784547082831216       0.82835115391993963       0.94784547082831216     
   2.4314831130690164       0.95046671693934792       0.84654701987822578       0.95046671693934792     
   2.4500440528634364       0.95587573233480605       0.86039014469682495       0.95587573233480605     
   2.4686049926578564       0.96056392174162297       0.87096230628788340       0.96056392174162297     
   2.4871659324522764       0.95926147011398588       0.88871419625217396       0.95926147011398588     
   2.5057268722466963       0.96588388327810715       0.89812880205035395       0.96588388327810715     
   2.5242878120411163       0.96943090414893596       0.88459057381025374       0.96943090414893596     
   2.5428487518355363       0.97040827812108787       0.88516064807804096       0.97040827812108787     
   2.5614096916299562       0.97368215810190661       0.91123893431097569       0.97368215810190661     
   2.5799706314243762       0.97674005047255796       0.92237337963975385       0.97674005047255796     
   2.5985315712187962       0.98047757751969911       0.94080933019871527       0.98047757751969911     
   2.6170925110132162       0.98340229336838625       0.93563178718649553       0.98340229336838625     
   2.6356534508076361       0.98595268918550383       0.94194454953936468       0.98595268918550383     
   2.6542143906020561       0.98552428967117089       0.96079198713653524       0.98552428967117089     
   2.6727753303964761       0.98514560006214491       0.97093064900262593       0.98514560006214491     
   2.6913362701908961       0.98835173300122314       0.96653436713871432       0.98835173300122314     
   2.7098972099853160       0.99066044217703064       0.96958277956413508       0.99066044217703064     
   2.7284581497797360       0.99353219186439945       0.98151268428310068       0.99353219186439945     
   2.7470190895741560       0.99682088973384675       0.98620065666416268       0.99682088973384675     
   2.7655800293685759       0.99802171014567920       0.98522383387979517       0.99802171014567920     
   2.7841409691629959       0.99677757992575911        1.0081640955676965       0.99677757992575911     
   2.8027019089574159       0.99611244758040274        1.0169365695348671       0.99611244758040274     
   2.8212628487518359       0.99838014726536994        1.0179720700419717       0.99838014726536994     
   2.8398237885462558       0.99603179542313747       0.99850380391979154       0.99603179542313747     
   2.8583847283406758        1.0000546925162384        1.0160821078665512        1.0000546925162384     
   2.8769456681350958       0.99643931295639832        1.0105220494912008       0.99643931295639832     
   2.8955066079295158       0.99186642692768667        1.0056704906403142       0.99186642692768667     
   2.9140675477239357       0.99577211671718335        1.0167396329146168       0.99577211671718335     
   2.9326284875183557        1.0000857144205670        1.0210952530431114        1.0000857144205670     
   2.9511894273127757       0.99965151774059791        1.0286442074089004       0.99965151774059791     
   2.9697503671071956       0.99661693294525966        1.0213108064654171       0.99661693294525966     
   2.9883113069016156       0.99605109263872238        1.0349408820828832       0.99605109263872238     
   3.0068722466960356       0.99596567961999738        1.0222800509413439       0.99596567961999738     
   3.0254331864904556       0.98761122522889544        1.0179438291083449       0.98761122522889544     
   3.0439941262848755       0.98881036101035136        1.0148869864463681       0.98881036101035136     
   3.0625550660792955       0.98659360785478012        1.0311679578602726       0.98659360785478012     
   3.0811160058737155       0.98721119100046051        1.0114810264939034       0.98721119100046051     
   3.0996769456681355       0.98761571097312484        1.0226268581078881       0.98761571097312484     
   3.1182378854625554       0.98742532650961223        1.0363630377628401       0.98742532650961223     
   3.1367988252569754       0.99014821316677204        1.0224568549612867       0.99014821316677204     
   3.1553597650513954       0.98679891010263987        1.0454175407940773       0.98679891010263987     
   3.1739207048458153       0.98822124043279325        1.0410232982159930       0.98822124043279325     
   3.1924816446402353       0.98301274428639651        1.0231217279242830       0.98301274428639651     
   3.2110425844346553       0.98585878032061558        1.0289250225322844       0.98585878032061558     
   3.2296035242290753       0.98685111274122872        1.0121843038874185       0.98685111274122872     
   3.2481644640234952       0.98170322632034013        1.0217068361655721       0.98170322632034013     
   3.2667254038179152       0.98390095463088634        1.0274368032627137       0.98390095463088634     
   3.2852863436123352       0.98811633541513744        1.0127512762705662       0.98811633541513744     
   3.3038472834067552       0.98767845171959390        1.0090844560624983       0.98767845171959390     
   3.3224082232011751       0.98651320160882860        1.0062698100724667       0.98651320160882860     
   3.3409691629955951       0.98508069551396804        1.0064627495800760       0.98508069551396804     
   3.3595301027900151       0.98661922370667055        1.0076925006949136       0.98661922370667055     
   3.3780910425844350       0.98624813774480669        1.0077149701887003       0.98624813774480669     
   3.3966519823788550       0.98791737234111521        1.0113106559677976       0.98791737234111521     
   3.4152129221732750       0.98701521414092130        1.0168441356773268       0.98701521414092130     
   3.4337738619676950       0.98945722042017858        1.0003457305148840       0.98945722042017858     
   3.4523348017621149       0.99277211566907808       0.98069565521300484       0.99277211566907808     
   3.4708957415565349       0.99344201400375998       0.99438358027473417       0.99344201400375998     
   3.4894566813509549       0.99252080732036485        1.0053750582672187       0.99252080732036485     
   3.5080176211453749       0.99202533291820827        1.0154288059836596       0.99202533291820827     
   3.5265785609397948       0.99343926053109144       0.99614828317180559       0.99343926053109144     
   3.5451395007342148       0.99340134956968773       0.99948326333376214       0.99340134956968773     
   3.5637004405286348       0.99181930591155942       0.99195799686957853       0.99181930591155942     
   3.5822613803230547       0.99640537834527398       0.99209272103193025       0.99640537834527398     
   3.6008223201174747       0.99501055211492662       0.99119935373679979       0.99501055211492662     
   3.6193832599118947       0.98995854724743271       0.99114417136744148       0.98995854724743271     
   3.6379441997063147       0.99247999098067730       0.98293672148222300       0.99247999098067730     
   3.6565051395007346       0.99046390098258663       0.98002105368917747       0.99046390098258663     
   3.6750660792951546       0.99032152814015662       0.98480125212708836       0.99032152814015662     
   3.6936270190895746       0.99296612729470457       0.99348542037638909       0.99296612729470457     
   3.7121879588839946       0.99029058699809536       0.98158343654653724       0.99029058699809536     
   3.7307488986784145       0.99100134476383928       0.97606645467689712       0.99100134476383928     
   3.7493098384728345       0.98975769935106539       0.97268433759706130       0.98975769935106539     
   3.7678707782672545       0.98969424055020028       0.96808437435670402       0.98969424055020028     
   3.7864317180616744       0.99104088857700257       0.96943835032419312       0.99104088857700257     
   3.8049926578560944       0.99379191359145835       0.97332297061994832       0.99379191359145835     
   3.8235535976505144       0.99100680688079756       0.96927250764345441       0.99100680688079756     
   3.8421145374449344       0.98798908550999853       0.96728776529893501       0.98798908550999853     
   3.8606754772393543       0.99311159453287456       0.97806437211859676       0.99311159453287456     
   3.8792364170337743       0.99721140394777885       0.97808699830620194       0.99721140394777885     
   3.8977973568281943       0.99487428948711276       0.98156707839333646       0.99487428948711276     
   3.9163582966226143       0.99117404401184950       0.97218477644357371       0.99117404401184950     
   3.9349192364170342       0.98954540929602564       0.98501858847280455       0.98954540929602564     
   3.9534801762114542       0.99145714973795351       0.97215761346628726       0.99145714973795351     
   3.9720411160058742       0.98937718751867632       0.98331773432897485       0.98937718751867632     
   3.9906020558002941       0.98946353153824251       0.97034682622602531       0.98946353153824251     
   4.0091629955947141       0.98943886556918792       0.97266180121324786       0.98943886556918792     
   4.0277239353891341       0.99100826669241748       0.97435708304458646       0.99100826669241748     
   4.0462848751835541       0.98827917729167947       0.97887673976582135       0.98827917729167947     
   4.0648458149779740       0.98698083163958061       0.98100274437112578       0.98698083163958061     
   4.0834067547723940       0.98613475040543508       0.98703948829731203       0.98613475040543508     
   4.1019676945668140       0.98702306336211876       0.98968353931832209       0.98702306336211876     
   4.1205286343612340       0.98532838234713949       0.98365063769643324       0.98532838234713949     
   4.1390895741556539       0.98721769842367735       0.98401828654392309       0.98721769842367735     
   4.1576505139500739       0.98554318657251661       0.98584032821935530       0.98554318657251661     
   4.1762114537444939       0.98863688263903082       0.97935594807995452       0.98863688263903082     
   4.1947723935389138       0.98711777296387859       0.98424168750009655       0.98711777296387859     
   4.2133333333333338       0.98769695823485282       0.98461226710612049       0.98769695823485282     
   4.2318942731277538       0.98794773608428255       0.98057590012335694       0.98794773608428255     
   4.2504552129221738       0.98913765718219449       0.97690284315425102       0.98913765718219449     
   4.2690161527165937       0.98890410135477924       0.97950034057877755       0.98890410135477924     
   4.2875770925110137       0.98928935042490995       0.98243421579177614       0.98928935042490995     
   4.3061380323054337       0.99053511672548789       0.98023946943856244       0.99053511672548789     
   4.3246989720998537       0.99097021710215627       0.97676910540391393       0.99097021710215627     
   4.3432599118942736       0.98801743652635454       0.98711499799867075       0.98801743652635454     
   4.3618208516886936       0.98611923562331338       0.98937655309650874       0.98611923562331338     
   4.3803817914831136       0.98645955471640978       0.99503258393976934       0.98645955471640978     
   4.3989427312775335       0.99163033252384836       0.99304602075408932       0.99163033252384836     
   4.4175036710719535       0.99060596441232973       0.99194082826754137       0.99060596441232973     
   4.4360646108663735       0.99055063633649232       0.99250156327255412       0.99055063633649232     
   4.4546255506607935       0.98842500614326656       0.99595089330014586       0.98842500614326656     
   4.4731864904552134       0.99030101166138684       0.98888824513404405       0.99030101166138684     
   4.4917474302496334       0.99175448282605783       0.99780822977341765       0.99175448282605783     
   4.5103083700440534       0.99163151657361326       0.99910824764739836       0.99163151657361326     
   4.5288693098384734       0.99362942761798401        1.0026582373132629       0.99362942761798401     
   4.5474302496328933       0.99334303774437538       0.99986222793343660       0.99334303774437538     
   4.5659911894273133       0.99291307632513437        1.0018177959877448       0.99291307632513437     
   4.5845521292217333       0.99244408520792671       0.99960892574842763       0.99244408520792671     
   4.6031130690161532       0.99214824292340964       0.99665406197066408       0.99214824292340964     
   4.6216740088105732       0.99141955116481850       0.99235611723944239       0.99141955116481850     
   4.6402349486049932       0.99343526284870032       0.99347665418662445       0.99343526284870032     
