 dr, g(r), g_atom(r), g_cm(r)
   1.8560939794419973E-002   0.0000000000000000        0.0000000000000000        0.0000000000000000     
   3.7121879588839946E-002   0.0000000000000000        0.0000000000000000        8.7255999502135612E-003
   5.5682819383259918E-002   0.0000000000000000        0.0000000000000000        0.0000000000000000     
   7.4243759177679891E-002   0.0000000000000000        0.0000000000000000        0.0000000000000000     
   9.2804698972099864E-002   0.0000000000000000        0.0000000000000000        1.8218285610336006E-003
  0.11136563876651984        0.0000000000000000        0.0000000000000000        1.3054047169610838E-003
  0.12992657856093981        0.0000000000000000        0.0000000000000000        2.9429538293619696E-003
  0.14848751835535978        0.0000000000000000        0.0000000000000000        1.5279852447378582E-003
  0.16704845814977975        0.0000000000000000        0.0000000000000000        1.8352737902663208E-003
  0.18560939794419973        0.0000000000000000        0.0000000000000000        5.0086525393975125E-004
  0.20417033773861970        0.0000000000000000        0.0000000000000000        2.0879899125196178E-003
  0.22273127753303967        0.0000000000000000        0.0000000000000000        1.0604673713479167E-003
  0.24129221732745965        0.0000000000000000        0.0000000000000000        9.0924898932755573E-004
  0.25985315712187962        0.0000000000000000        0.0000000000000000        1.0509438925772278E-003
  0.27841409691629959        0.0000000000000000        0.0000000000000000        2.0694557440867111E-003
  0.29697503671071956        0.0000000000000000        0.0000000000000000        1.6233674325978717E-003
  0.31553597650513954        0.0000000000000000        0.0000000000000000        1.0823921592212687E-003
  0.33409691629955951        0.0000000000000000        0.0000000000000000        2.0985620133425016E-003
  0.35265785609397948        0.0000000000000000        0.0000000000000000        1.7435905246701946E-003
  0.37121879588839946        0.0000000000000000        0.0000000000000000        1.9720824629745164E-003
  0.38977973568281943        0.0000000000000000        0.0000000000000000        2.6296328617081964E-003
  0.40834067547723940        0.0000000000000000        0.0000000000000000        2.7285450798890331E-003
  0.42690161527165937        0.0000000000000000        0.0000000000000000        2.4012514045246738E-003
  0.44546255506607935        0.0000000000000000        0.0000000000000000        1.3807862219938172E-003
  0.46402349486049932        8.4975089212740987E-005   0.0000000000000000        1.8694519626803016E-003
  0.48258443465491929        0.0000000000000000        0.0000000000000000        1.8097233878705868E-003
  0.50114537444933926        7.3065843567235642E-005   0.0000000000000000        2.1919753070170690E-003
  0.51970631424375924        6.8028887588862400E-005   0.0000000000000000        1.8367799648992846E-003
  0.53826725403817921        6.3495365397953893E-005   0.0000000000000000        1.5238887695508936E-003
  0.55682819383259918        0.0000000000000000        0.0000000000000000        1.9008114545789481E-003
  0.57538913362701916        0.0000000000000000        0.0000000000000000        2.5616978019773777E-003
  0.59395007342143913        0.0000000000000000        0.0000000000000000        1.7787117601255791E-003
  0.61251101321585910        0.0000000000000000        0.0000000000000000        2.2157374390949199E-003
  0.63107195301027907        4.6425762826675345E-005   0.0000000000000000        2.7855457696005204E-003
  0.64963289280469905        0.0000000000000000        0.0000000000000000        2.9377648073583341E-003
  0.66819383259911902        0.0000000000000000        0.0000000000000000        2.5301401907174173E-003
  0.68675477239353899        1.5718075283627177E-004   0.0000000000000000        3.7723380680705224E-003
  0.70531571218795897        3.7280503497651817E-005   0.0000000000000000        3.4298063217839672E-003
  0.72387665198237894        1.7708438266829488E-004   0.0000000000000000        4.0375239248371230E-003
  0.74243759177679891        1.0106872529204896E-004   0.0000000000000000        5.3903320155759445E-003
  0.76099853157121888        9.6256860298465815E-005   2.8877058089539747E-004   6.0320965787038581E-003
  0.77955947136563886        1.8356124641526959E-004   0.0000000000000000        7.1282950691263025E-003
  0.79812041116005883        8.7609511566350717E-005   0.0000000000000000        9.6078431017764618E-003
  0.81668135095447880        2.5114923270266263E-004   0.0000000000000000        1.1273810001319523E-002
  0.83524229074889877        2.9361622759533631E-004   0.0000000000000000        1.6202277286397195E-002
  0.85380323054331875        5.1113426562064950E-004   0.0000000000000000        2.6195631113058285E-002
  0.87236417033773872        9.5518829415101902E-004   0.0000000000000000        6.6520292484978649E-002
  0.89092511013215869        1.2451011973735376E-003   0.0000000000000000       0.18305336848933218     
  0.90948604992657867        1.8718910517598673E-003   0.0000000000000000        6.1727298899599478E-002
  0.92804698972099864        3.1636144637161700E-003   0.0000000000000000        2.0910191489630848E-002
  0.94660792951541861        5.0213047847213641E-003   0.0000000000000000        1.6293196438390486E-002
  0.96516886930983858        8.6010841932749708E-003   0.0000000000000000        1.7302414123068297E-002
  0.98372980910425856        1.3012697445258513E-002   0.0000000000000000        1.8650245893352704E-002
   1.0022907488986785        1.8567481343951243E-002   0.0000000000000000        2.3014002427322329E-002
   1.0208516886930985        2.6085209850081139E-002   2.0990161983902985E-003   2.9637391108895492E-002
   1.0394126284875185        3.1869349551897269E-002   3.1159603038248287E-003   3.4621781153609199E-002
   1.0579735682819384        3.5951864539296101E-002   2.8580980177683097E-003   3.7890691264799749E-002
   1.0765345080763584        3.7769006271300372E-002   3.3425328337576641E-003   3.9545231448659519E-002
   1.0950954478707784        4.0599795117183306E-002   3.3716092830878876E-003   4.1817320691631708E-002
   1.1136563876651984        4.2031630540615289E-002   8.2885650742808188E-003   4.2967679783976691E-002
   1.1322173274596183        4.4752246435408358E-002   1.0256636303511811E-002   4.5628882016905091E-002
   1.1507782672540383        4.2864816889990165E-002   1.4132657449868044E-002   4.3600450711204518E-002
   1.1693392070484583        4.2224344505708167E-002   1.5047818976717807E-002   4.2882172657695831E-002
   1.1879001468428783        3.9410964345275946E-002   9.3247377722897595E-003   3.9902439128145922E-002
   1.2064610866372982        3.6207409505163241E-002   8.8103408401037590E-003   3.6735514730958929E-002
   1.2250220264317182        3.4864253664040161E-002   1.1471464108813216E-002   3.5139168925907148E-002
   1.2435829662261382        3.4712171636016753E-002   1.3208090465276818E-002   3.4942615822279616E-002
   1.2621439060205581        3.4459828346392891E-002   1.3885214497743409E-002   3.4660039242458737E-002
   1.2807048458149781        3.3635498807461840E-002   1.6680461653496386E-002   3.3875752370372283E-002
   1.2992657856093981        3.1409467998639459E-002   1.9812981229584251E-002   3.1642954309425805E-002
   1.3178267254038181        3.1412614960624079E-002   2.2764957710624336E-002   3.1477472389999081E-002
   1.3363876651982380        3.1277477150473812E-002   2.8575523662180784E-002   3.1382611527450192E-002
   1.3549486049926580        3.0585631712940851E-002   3.3971532748721264E-002   3.0698154103858025E-002
   1.3735095447870780        2.8873974971879598E-002   3.8711039548506167E-002   2.8903844601160852E-002
   1.3920704845814980        2.8482570634513857E-002   3.8390394728616363E-002   2.8531043355130795E-002
   1.4106314243759179        2.8016645554103152E-002   3.0594516884157132E-002   2.8082744818976331E-002
   1.4291923641703379        2.7785944011501973E-002   3.6517354894586546E-002   2.7859549161201317E-002
   1.4477533039647579        2.8275248348430995E-002   3.4947238443969422E-002   2.8329054720169208E-002
   1.4663142437591778        2.7856941479153404E-002   3.5490058212141767E-002   2.7926889857004384E-002
   1.4848751835535978        2.8951433814542755E-002   4.6126157732801702E-002   2.8985544487667401E-002
   1.5034361233480178        2.9193781014738209E-002   5.2039640993783852E-002   2.9235379448785997E-002
   1.5219970631424378        2.7264348304203229E-002   4.8885837146994543E-002   2.7296825193189773E-002
   1.5405580029368577        2.7582190022857993E-002   4.9433942290967051E-002   2.7613893689550934E-002
   1.5591189427312777        2.8697818388144614E-002   4.9385323391248862E-002   2.8713297254589137E-002
   1.5776798825256977        3.0116867166630149E-002   4.5583511298890517E-002   3.0131986075850346E-002
   1.5962408223201177        2.9631355326096107E-002   4.7327448885748725E-002   2.9631355326096107E-002
   1.6148017621145376        3.0726313760856952E-002   5.2358158332453927E-002   3.0740749426236731E-002
   1.6333627019089576        3.1009542658321634E-002   4.4641041273993404E-002   3.1009542658321634E-002
   1.6519236417033776        3.1182827336537829E-002   4.8119517847865362E-002   3.1182827336537829E-002
   1.6704845814977975        3.1239714607475762E-002   4.8762293189681942E-002   3.1246461846051891E-002
   1.6890455212922175        3.2811410188227912E-002   4.9365628001962709E-002   3.2818010753544395E-002
   1.7076064610866375        3.3998192552127451E-002   4.5862683380064023E-002   3.4004651175332641E-002
   1.7261674008810575        3.3748945153834371E-002   4.6309191271210082E-002   3.3748945153834371E-002
   1.7447283406754774        3.5767436323110496E-002   5.5916012909277939E-002   3.5767436323110496E-002
   1.7632892804698974        3.6779483288554141E-002   4.9297837897146056E-002   3.6785542511501186E-002
   1.7818502202643174        3.6596797185323167E-002   4.5771217235349070E-002   3.6602731480310249E-002
   1.8004111600587374        3.7617160078502299E-002   4.4784824794433901E-002   3.7617160078502299E-002
   1.8189720998531573        3.8121701613660214E-002   5.0134053130649524E-002   3.8138788884665889E-002
   1.8375330396475773        3.6600162236876073E-002   4.2650882972696369E-002   3.6605744082573326E-002
   1.8560939794419973        3.7527768427173411E-002   4.6238106280513565E-002   3.7533239744920489E-002
   1.8746549192364172        3.7451730617511586E-002   4.4414255157977076E-002   3.7457094657989604E-002
   1.8932158590308372        3.8249903040106198E-002   4.6628904077357182E-002   3.8255162927762980E-002
   1.9117767988252572        3.7622684391861172E-002   4.3503646987051323E-002   3.7622684391861172E-002
   1.9303377386196772        3.7498159915465568E-002   4.0124549253674285E-002   3.7498159915465568E-002
   1.9488986784140971        3.6880038698258219E-002   3.9278134914098116E-002   3.6880038698258219E-002
   1.9674596182085171        3.6536638742950552E-002   3.7623139668364343E-002   3.6536638742950552E-002
   1.9860205580029371        3.6266521977154610E-002   3.0772029130141081E-002   3.6266521977154610E-002
   2.0045814977973571        3.5863977369906860E-002   3.0925639124731209E-002   3.5863977369906860E-002
   2.0231424375917770        3.5299492100720788E-002   3.5175052058062560E-002   3.5299492100720788E-002
   2.0417033773861970        3.4835464866344944E-002   3.6333521105238048E-002   3.4835464866344944E-002
   2.0602643171806170        3.4809054106022613E-002   3.0844084592222064E-002   3.4809054106022613E-002
   2.0788252569750370        3.4690746147764961E-002   3.3048994033031222E-002   3.4690746147764961E-002
   2.0973861967694569        3.4292350610348458E-002   3.2507809973132434E-002   3.4292350610348458E-002
   2.1159471365638769        3.3438852398765331E-002   3.1676916144802912E-002   3.3443067557267635E-002
   2.1345080763582969        3.2982466936568478E-002   2.9117528271431787E-002   3.2982466936568478E-002
   2.1530690161527168        3.2785128697675962E-002   3.1954506957198342E-002   3.2789200372874389E-002
   2.1716299559471368        3.2497640549503708E-002   2.8170759229881409E-002   3.2497640549503708E-002
   2.1901908957415568        3.2762166119710161E-002   2.5536780294390299E-002   3.2762166119710161E-002
   2.2087518355359768        3.3578314805724846E-002   2.9220912192927086E-002   3.3578314805724846E-002
   2.2273127753303967        3.2543777652286381E-002   3.3841570679935741E-002   3.2547583496942242E-002
   2.2458737151248167        3.2193714450400694E-002   2.9412327260092831E-002   3.2193714450400694E-002
   2.2644346549192367        3.2833948643150174E-002   2.7343210932636842E-002   3.2833948643150174E-002
   2.2829955947136567        3.1427567921736482E-002   2.8043506538418313E-002   3.1427567921736482E-002
   2.3015565345080766        3.0906911537378245E-002   3.2215348096868136E-002   3.0906911537378245E-002
   2.3201174743024966        3.1777685471896890E-002   2.8577812539317678E-002   3.1777685471896890E-002
   2.3386784140969166        3.2344354230431062E-002   2.9961522240360864E-002   3.2344354230431062E-002
   2.3572393538913365        3.2267311198120020E-002   2.9218029893367223E-002   3.2267311198120020E-002
   2.3758002936857565        3.2392889283651090E-002   2.9638539879741101E-002   3.2392889283651090E-002
   2.3943612334801765        3.2023061080227636E-002   2.8559772626294805E-002   3.2023061080227636E-002
   2.4129221732745965        3.1852171480586208E-002   2.7831710960573349E-002   3.1852171480586208E-002
   2.4314831130690164        3.1714714116322609E-002   3.2443347209684323E-002   3.1717909875504019E-002
   2.4500440528634364        3.2550402563519529E-002   2.8725942732296617E-002   3.2550402563519529E-002
   2.4686049926578564        3.2399462915739585E-002   2.8464644422096796E-002   3.2399462915739585E-002
   2.4871659324522764        3.2438793675352177E-002   2.5953478770674471E-002   3.2438793675352177E-002
   2.5057268722466963        3.1937682328981060E-002   2.9743490413249543E-002   3.1937682328981060E-002
   2.5242878120411163        3.2420543643843218E-002   3.2165473956406523E-002   3.2420543643843218E-002
   2.5428487518355363        3.2263443868169192E-002   2.9673716447694669E-002   3.2263443868169192E-002
   2.5614096916299562        3.2574188300071770E-002   2.6835461573818747E-002   3.2577069186982541E-002
   2.5799706314243762        3.3415127484440081E-002   2.9058978460803551E-002   3.3415127484440081E-002
   2.5985315712187962        3.4142127334278162E-002   2.8520825949624962E-002   3.4142127334278162E-002
   2.6170925110132162        3.3437698312549467E-002   3.1199318342968151E-002   3.3437698312549467E-002
   2.6356534508076361        3.4197407877891765E-002   3.0371086417099489E-002   3.4197407877891765E-002
   2.6542143906020561        3.3652677276945840E-002   3.0770462333130869E-002   3.3652677276945840E-002
   2.6727753303964761        3.4085711170275194E-002   3.1108273087616638E-002   3.4085711170275194E-002
   2.6913362701908961        3.3999903129837361E-002   2.8215351472584426E-002   3.3999903129837361E-002
   2.7098972099853160        3.2903915285877626E-002   3.0797693930227903E-002   3.2906490128610695E-002
   2.7284581497797360        3.2487215123586960E-002   3.1936024687166449E-002   3.2487215123586960E-002
   2.7470190895741560        3.3612361057969296E-002   2.9725626397497346E-002   3.3612361057969296E-002
   2.7655800293685759        3.3752667872021906E-002   3.3156785302455048E-002   3.3752667872021906E-002
   2.7841409691629959        3.3813096267754486E-002   3.1795387153573593E-002   3.3815536061121088E-002
   2.8027019089574159        3.3840101060237604E-002   3.2698855389476117E-002   3.3840101060237604E-002
   2.8212628487518359        3.3682899376388763E-002   3.2913004533499879E-002   3.3682899376388763E-002
   2.8398237885462558        3.3545671278597013E-002   3.2633326586757945E-002   3.3545671278597013E-002
   2.8583847283406758        3.3647617319289967E-002   3.3212379115352554E-002   3.3647617319289967E-002
   2.8769456681350958        3.4214970571653236E-002   3.4102985162661782E-002   3.4217255988163262E-002
   2.8955066079295158        3.4004747337856786E-002   3.2957822597310997E-002   3.4004747337856786E-002
   2.9140675477239357        3.4460954957298777E-002   3.5868888471618572E-002   3.4460954957298777E-002
   2.9326284875183557        3.4273858368533604E-002   3.5358320994532386E-002   3.4273858368533604E-002
   2.9511894273127757        3.3565223702300799E-002   3.4779497585913678E-002   3.3565223702300799E-002
   2.9697503671071956        3.3289855728068564E-002   3.7610371866509743E-002   3.3289855728068564E-002
   2.9883113069016156        3.3887403561422148E-002   3.6974432884230211E-002   3.3887403561422148E-002
   3.0068722466960356        3.4294067348727482E-002   3.4976307292322123E-002   3.4294067348727482E-002
   3.0254331864904556        3.4529099884034631E-002   3.4400931040544834E-002   3.4529099884034631E-002
   3.0439941262848755        3.4343379274609669E-002   3.3450945621579742E-002   3.4343379274609669E-002
   3.0625550660792955        3.4319001203703500E-002   3.6134821373211633E-002   3.4319001203703500E-002
   3.0811160058737155        3.4262828128237680E-002   3.8124074235079457E-002   3.4262828128237680E-002
   3.0996769456681355        3.4883117623440471E-002   3.7138406707508204E-002   3.4883117623440471E-002
   3.1182378854625554        3.3576918300498353E-002   3.5385100846505139E-002   3.3576918300498353E-002
   3.1367988252569754        3.3435799268562653E-002   3.7825173595828383E-002   3.3435799268562653E-002
   3.1553597650513954        3.3200622163249094E-002   3.9008117193808853E-002   3.3200622163249094E-002
   3.1739207048458153        3.3188469155692894E-002   3.5172562420435420E-002   3.3190348031890568E-002
   3.1924816446402353        3.3237508921019281E-002   3.3796512675013074E-002   3.3237508921019281E-002
   3.2110425844346553        3.2851801201151207E-002   3.6349017255255328E-002   3.2851801201151207E-002
   3.2296035242290753        3.3550734631392798E-002   3.6684943465082172E-002   3.3550734631392798E-002
   3.2481644640234952        3.2473328605527964E-002   3.5444533211901490E-002   3.2475122811208137E-002
   3.2667254038179152        3.3209788209454756E-002   3.4261730114705902E-002   3.3209788209454756E-002
   3.2852863436123352        3.3120796594735137E-002   3.5108079470434712E-002   3.3120796594735137E-002
   3.3038472834067552        3.2965801697097653E-002   3.4590937499180081E-002   3.2965801697097653E-002
   3.3224082232011751        3.3385049374486421E-002   3.5765652946630651E-002   3.3385049374486421E-002
   3.3409691629955951        3.3145067309679060E-002   3.5110940755864926E-002   3.3145067309679060E-002
   3.3595301027900151        3.3344493448121501E-002   3.2007492830414971E-002   3.3344493448121501E-002
   3.3780910425844350        3.3554162352207366E-002   3.1254500134922127E-002   3.3554162352207366E-002
   3.3966519823788550        3.3803245605357767E-002   3.1741931992679745E-002   3.3803245605357767E-002
   3.4152129221732750        3.3820938411229649E-002   3.0156854602169735E-002   3.3820938411229649E-002
   3.4337738619676950        3.4171934778043790E-002   3.1277967935763748E-002   3.4171934778043790E-002
   3.4523348017621149        3.3738144689477549E-002   3.1829997207864065E-002   3.3738144689477549E-002
   3.4708957415565349        3.3522274281796868E-002   3.2198737052814737E-002   3.3522274281796868E-002
   3.4894566813509549        3.3753878802125895E-002   3.5987236861373589E-002   3.3753878802125895E-002
   3.5080176211453749        3.4064918449291472E-002   3.4597375161590671E-002   3.4064918449291472E-002
   3.5265785609397948        3.4478746841509429E-002   3.5235567669185008E-002   3.4478746841509429E-002
   3.5451395007342148        3.4274808861217282E-002   3.4814284859120810E-002   3.4274808861217282E-002
   3.5637004405286348        3.3815241646059230E-002   3.6184918337375131E-002   3.3815241646059230E-002
   3.5822613803230547        3.4006823120038297E-002   3.6316648135569743E-002   3.4006823120038297E-002
   3.6008223201174747        3.3882999762614364E-002   3.7153706228167022E-002   3.3882999762614364E-002
   3.6193832599118947        3.3892945118446254E-002   3.3104938843562366E-002   3.3892945118446254E-002
   3.6379441997063147        3.3139532878930782E-002   3.2279379164388035E-002   3.3139532878930782E-002
   3.6565051395007346        3.3731345978670634E-002   3.2182840743058598E-002   3.3731345978670634E-002
   3.6750660792951546        3.3188976517593886E-002   3.4560630465963006E-002   3.3188976517593886E-002
   3.6936270190895746        3.3577712819191433E-002   3.3815143613223679E-002   3.3577712819191433E-002
   3.7121879588839946        3.3716494967694063E-002   3.5371595874494885E-002   3.3716494967694063E-002
   3.7307488986784145        3.3810043256149856E-002   3.7226298985506015E-002   3.3810043256149856E-002
   3.7493098384728345        3.3812506623093229E-002   3.6798896207659783E-002   3.3812506623093229E-002
   3.7678707782672545        3.4447146221990584E-002   3.4492517066166142E-002   3.4447146221990584E-002
   3.7864317180616744        3.4754609651770435E-002   3.5214463047413797E-002   3.4754609651770435E-002
   3.8049926578560944        3.3939554079342966E-002   3.3789066389679004E-002   3.3939554079342966E-002
   3.8235535976505144        3.4329591962150192E-002   3.3742528724745355E-002   3.4329591962150192E-002
   3.8421145374449344        3.4233096451701459E-002   3.3741521918820475E-002   3.4234379936121509E-002
   3.8606754772393543        3.4108901902501015E-002   3.3853390226800263E-002   3.4108901902501015E-002
   3.8792364170337743        3.3653111724805410E-002   3.2545107447724118E-002   3.3653111724805410E-002
   3.8977973568281943        3.4373012648132362E-002   3.1798871720526506E-002   3.4373012648132362E-002
   3.9163582966226143        3.4203165824948700E-002   3.4145102226242764E-002   3.4203165824948700E-002
   3.9349192364170342        3.3846521629583681E-002   3.4000719905800468E-002   3.3846521629583681E-002
   3.9534801762114542        3.4097585127244999E-002   3.3966650400356381E-002   3.4097585127244999E-002
   3.9720411160058742        3.3785204910430182E-002   3.4558701016310846E-002   3.3785204910430182E-002
   3.9906020558002941        3.3193930574808815E-002   3.4763487643393612E-002   3.3193930574808815E-002
   4.0091629955947141        3.3136765339989792E-002   3.3488105127626497E-002   3.3136765339989792E-002
   4.0277239353891341        3.2803556055475261E-002   3.2981118838867320E-002   3.2803556055475261E-002
   4.0462848751835541        3.3163761855640392E-002   3.2554912644929886E-002   3.3163761855640392E-002
   4.0648458149779740        3.3228163500986230E-002   3.2919624461229056E-002   3.3228163500986230E-002
   4.0834067547723940        3.3595782170969868E-002   3.2048862232723380E-002   3.3595782170969868E-002
   4.1019676945668140        3.3495865362223341E-002   3.0766681093857374E-002   3.3495865362223341E-002
   4.1205286343612340        3.3528102680382144E-002   3.0420423966099824E-002   3.3528102680382144E-002
   4.1390895741556539        3.3841635339447770E-002   3.2528460408165503E-002   3.3841635339447770E-002
   4.1576505139500739        3.3842350294002614E-002   3.2426815732863552E-002   3.3842350294002614E-002
   4.1762114537444939        3.3599373976927721E-002   3.0574919541575332E-002   3.3599373976927721E-002
   4.1947723935389138        3.3345356410802683E-002   3.1585235194390632E-002   3.3345356410802683E-002
   4.2133333333333338        3.3292028173721198E-002   3.2538206111801797E-002   3.3292028173721198E-002
   4.2318942731277538        3.3121928867366458E-002   3.2977984906033243E-002   3.3121928867366458E-002
   4.2504552129221738        3.3514849883766094E-002   3.1274790887997367E-002   3.3514849883766094E-002
   4.2690161527165937        3.3343253975920382E-002   3.2932405009376782E-002   3.3343253975920382E-002
   4.2875770925110137        3.3058907391437138E-002   3.1674062955170765E-002   3.3058907391437138E-002
   4.3061380323054337        3.3193264994457621E-002   3.2800699354682092E-002   3.3193264994457621E-002
   4.3246989720998537        3.3190322151926563E-002   3.4317410597322712E-002   3.3190322151926563E-002
   4.3432599118942736        3.3224409981913186E-002   3.3129945369883923E-002   3.3224409981913186E-002
   4.3618208516886936        3.3335440827699674E-002   3.2660860243620977E-002   3.3335440827699674E-002
   4.3803817914831136        3.3109459756137036E-002   3.4048076531772803E-002   3.3109459756137036E-002
   4.3989427312775335        3.3420039384064522E-002   3.4608433725436191E-002   3.3420039384064522E-002
   4.4175036710719535        3.2616727955615266E-002   3.4301337799091780E-002   3.2616727955615266E-002
   4.4360646108663735        3.3223563155602182E-002   3.2003872537797559E-002   3.3223563155602182E-002
   4.4546255506607935        3.3258363835338353E-002   3.1660892294611970E-002   3.3258363835338353E-002
   4.4731864904552134        3.3223227866011451E-002   3.3752896872573934E-002   3.3223227866011451E-002
   4.4917474302496334        3.3770172353355457E-002   3.3001472414991573E-002   3.3770172353355457E-002
   4.5103083700440534        3.3842879832985076E-002   3.3477524736883896E-002   3.3842879832985076E-002
   4.5288693098384734        3.3510223349427021E-002   3.5908168711314296E-002   3.3510223349427021E-002
   4.5474302496328933        3.3472511538940826E-002   3.3223113545772801E-002   3.3472511538940826E-002
   4.5659911894273133        3.3597104387344930E-002   3.2487538664907507E-002   3.3597104387344930E-002
   4.5845521292217333        3.3681606847091969E-002   3.2363572091404239E-002   3.3681606847091969E-002
   4.6031130690161532        3.3577524622050978E-002   3.3239252606189588E-002   3.3577524622050978E-002
   4.6216740088105732        3.4144269537604431E-002   3.4291634436549950E-002   3.4144269537604431E-002
   4.6402349486049932        3.3986691769468384E-002   3.3645873731668212E-002   3.3986691769468384E-002
